"EventType","InsertText","DeleteText","SourceLocation","ClientTimestamp","CodeStateSection","ToolInstances","EditType","X-Metadata","CodeStateID","X-Compilable","EventID","SubjectID","AssignmentID"
"X-Action","ShowYourWork Init","","","1667846407815",,"1.1.4 for 2021-2022 @t1",,"Init",,,,,
"File.Edit","# Jake Daniels
# CS1400 - 001
# Assignment ??","","0","1667847705105","Test.py","1.1.4 for 2021-2022 @t1","Insert",,,,,,
"File.Edit","
","","45","1667847705322","Test.py","1.1.4 for 2021-2022 @t1","Insert",,,,,,
"File.Edit","
","","46","1667847708369","Test.py","1.1.4 for 2021-2022 @t1","Insert",,,,,,
"File.Edit","
","","47","1667847708478","Test.py","1.1.4 for 2021-2022 @t1","Insert",,,,,,
"File.Edit","import numpy as np","","47","1667847710169","Test.py","1.1.4 for 2021-2022 @t1","Insert",,,,,,
"File.Edit","
","","66","1667847710522","Test.py","1.1.4 for 2021-2022 @t1","Insert",,,,,,
"File.Edit","i","","66","1667847711825","Test.py","1.1.4 for 2021-2022 @t1","Insert",,,,,,
"X-Keystroke","i",,"67","1667847711827","Test.py","1.1.4 for 2021-2022 @t1",,"i",,,,,
"File.Edit","m","","67","1667847711959","Test.py","1.1.4 for 2021-2022 @t1","Insert",,,,,,
"X-Keystroke","m",,"68","1667847711960","Test.py","1.1.4 for 2021-2022 @t1",,"m",,,,,
"File.Edit","p","","68","1667847712083","Test.py","1.1.4 for 2021-2022 @t1","Insert",,,,,,
"X-Keystroke","p",,"69","1667847712084","Test.py","1.1.4 for 2021-2022 @t1",,"p",,,,,
"File.Edit","o","","69","1667847712157","Test.py","1.1.4 for 2021-2022 @t1","Insert",,,,,,
"X-Keystroke","o",,"70","1667847712157","Test.py","1.1.4 for 2021-2022 @t1",,"o",,,,,
"File.Edit","r","","70","1667847712333","Test.py","1.1.4 for 2021-2022 @t1","Insert",,,,,,
"X-Keystroke","r",,"71","1667847712334","Test.py","1.1.4 for 2021-2022 @t1",,"r",,,,,
"File.Edit","t","","71","1667847712809","Test.py","1.1.4 for 2021-2022 @t1","Insert",,,,,,
"X-Keystroke","t",,"72","1667847712809","Test.py","1.1.4 for 2021-2022 @t1",,"t",,,,,
"File.Edit"," ","","72","1667847712925","Test.py","1.1.4 for 2021-2022 @t1","Insert",,,,,,
"X-Keystroke"," ",,"73","1667847712926","Test.py","1.1.4 for 2021-2022 @t1",," ",,,,,
"File.Edit",""," ","72","1667847713913","Test.py","1.1.4 for 2021-2022 @t1","Delete",,,,,,
"File.Edit","","t","71","1667847713989","Test.py","1.1.4 for 2021-2022 @t1","Delete",,,,,,
"File.Edit","","r","70","1667847714500","Test.py","1.1.4 for 2021-2022 @t1","Delete",,,,,,
"File.Edit","","o","69","1667847714533","Test.py","1.1.4 for 2021-2022 @t1","Delete",,,,,,
"File.Edit","","p","68","1667847714565","Test.py","1.1.4 for 2021-2022 @t1","Delete",,,,,,
"File.Edit","","m","67","1667847714799","Test.py","1.1.4 for 2021-2022 @t1","Delete",,,,,,
"File.Edit","","i","66","1667847715022","Test.py","1.1.4 for 2021-2022 @t1","Delete",,,,,,
"File.Edit","f","","66","1667847715140","Test.py","1.1.4 for 2021-2022 @t1","Insert",,,,,,
"X-Keystroke","f",,"67","1667847715141","Test.py","1.1.4 for 2021-2022 @t1",,"f",,,,,
"File.Edit"," ","","67","1667847715147","Test.py","1.1.4 for 2021-2022 @t1","Insert",,,,,,
"File.Edit",""," ","67","1667847715317","Test.py","1.1.4 for 2021-2022 @t1","Delete",,,,,,
"File.Edit","r","","67","1667847715318","Test.py","1.1.4 for 2021-2022 @t1","Insert",,,,,,
"X-Keystroke","r",,"68","1667847715323","Test.py","1.1.4 for 2021-2022 @t1",,"r",,,,,
"File.Edit"," ","","68","1667847715332","Test.py","1.1.4 for 2021-2022 @t1","Insert",,,,,,
"File.Edit",""," ","68","1667847715387","Test.py","1.1.4 for 2021-2022 @t1","Delete",,,,,,
"File.Edit","o","","68","1667847715388","Test.py","1.1.4 for 2021-2022 @t1","Insert",,,,,,
"X-Keystroke","o",,"69","1667847715392","Test.py","1.1.4 for 2021-2022 @t1",,"o",,,,,
"File.Edit"," ","","69","1667847715398","Test.py","1.1.4 for 2021-2022 @t1","Insert",,,,,,
"File.Edit",""," ","69","1667847715471","Test.py","1.1.4 for 2021-2022 @t1","Delete",,,,,,
"File.Edit","m","","69","1667847715472","Test.py","1.1.4 for 2021-2022 @t1","Insert",,,,,,
"X-Keystroke","m",,"70","1667847715475","Test.py","1.1.4 for 2021-2022 @t1",,"m",,,,,
"File.Edit"," ","","70","1667847715485","Test.py","1.1.4 for 2021-2022 @t1","Insert",,,,,,
"File.Edit",""," ","70","1667847715589","Test.py","1.1.4 for 2021-2022 @t1","Delete",,,,,,
"File.Edit"," ","","70","1667847715593","Test.py","1.1.4 for 2021-2022 @t1","Insert",,,,,,
"X-Keystroke"," ",,"71","1667847715595","Test.py","1.1.4 for 2021-2022 @t1",," ",,,,,
"File.Edit","m","","71","1667847716254","Test.py","1.1.4 for 2021-2022 @t1","Insert",,,,,,
"X-Keystroke","m",,"72","1667847716256","Test.py","1.1.4 for 2021-2022 @t1",,"m",,,,,
"File.Edit"," ","","72","1667847716268","Test.py","1.1.4 for 2021-2022 @t1","Insert",,,,,,
"File.Edit","","m ","71","1667847716856","Test.py","1.1.4 for 2021-2022 @t1","Delete",,,,,,
"File.Edit","M","","71","1667847717067","Test.py","1.1.4 for 2021-2022 @t1","Insert",,,,,,
"X-Keystroke","M",,"72","1667847717068","Test.py","1.1.4 for 2021-2022 @t1",,"M",,,,,
"File.Edit","e","","72","1667847717457","Test.py","1.1.4 for 2021-2022 @t1","Insert",,,,,,
"X-Keystroke","e",,"73","1667847717458","Test.py","1.1.4 for 2021-2022 @t1",,"e",,,,,
"File.Edit","t","","73","1667847717696","Test.py","1.1.4 for 2021-2022 @t1","Insert",,,,,,
"X-Keystroke","t",,"74","1667847717697","Test.py","1.1.4 for 2021-2022 @t1",,"t",,,,,
"File.Edit","h","","74","1667847717997","Test.py","1.1.4 for 2021-2022 @t1","Insert",,,,,,
"X-Keystroke","h",,"75","1667847717997","Test.py","1.1.4 for 2021-2022 @t1",,"h",,,,,
"File.Edit","o","","75","1667847718113","Test.py","1.1.4 for 2021-2022 @t1","Insert",,,,,,
"X-Keystroke","o",,"76","1667847718114","Test.py","1.1.4 for 2021-2022 @t1",,"o",,,,,
"File.Edit","d","","76","1667847718173","Test.py","1.1.4 for 2021-2022 @t1","Insert",,,,,,
"X-Keystroke","d",,"77","1667847718174","Test.py","1.1.4 for 2021-2022 @t1",,"d",,,,,
"File.Edit","s","","77","1667847718243","Test.py","1.1.4 for 2021-2022 @t1","Insert",,,,,,
"X-Keystroke","s",,"78","1667847718244","Test.py","1.1.4 for 2021-2022 @t1",,"s",,,,,
"File.Edit"," import *","","78","1667847718828","Test.py","1.1.4 for 2021-2022 @t1","Insert",,,,,,
"File.Edit","
","","88","1667847719621","Test.py","1.1.4 for 2021-2022 @t1","Insert",,,,,,
"File.Edit","
","","89","1667847720215","Test.py","1.1.4 for 2021-2022 @t1","Insert",,,,,,
"File.Edit","def main():","","89","1667847721653","Test.py","1.1.4 for 2021-2022 @t1","Insert",,,,,,
"File.Edit","
","","101","1667847721871","Test.py","1.1.4 for 2021-2022 @t1","Insert",,,,,,
"File.Edit","    ","","101","1667847721875","Test.py","1.1.4 for 2021-2022 @t1","Insert",,,,,,
"File.Edit","a","","105","1667847723173","Test.py","1.1.4 for 2021-2022 @t1","Insert",,,,,,
"X-Keystroke","a",,"106","1667847723175","Test.py","1.1.4 for 2021-2022 @t1",,"a",,,,,
"File.Edit"," ","","106","1667847723182","Test.py","1.1.4 for 2021-2022 @t1","Insert",,,,,,
"File.Edit",""," ","106","1667847724326","Test.py","1.1.4 for 2021-2022 @t1","Delete",,,,,,
"File.Edit"," ","","106","1667847724332","Test.py","1.1.4 for 2021-2022 @t1","Insert",,,,,,
"X-Keystroke"," ",,"107","1667847724333","Test.py","1.1.4 for 2021-2022 @t1",," ",,,,,
"File.Edit","=","","107","1667847724508","Test.py","1.1.4 for 2021-2022 @t1","Insert",,,,,,
"X-Keystroke","=",,"108","1667847724509","Test.py","1.1.4 for 2021-2022 @t1",,"=",,,,,
"File.Edit"," ","","108","1667847724578","Test.py","1.1.4 for 2021-2022 @t1","Insert",,,,,,
"X-Keystroke"," ",,"109","1667847724579","Test.py","1.1.4 for 2021-2022 @t1",," ",,,,,
"File.Edit","[","","109","1667847724756","Test.py","1.1.4 for 2021-2022 @t1","Insert",,,,,,
"File.Edit","]","","110","1667847724758","Test.py","1.1.4 for 2021-2022 @t1","Insert",,,,,,
"X-Keystroke","[",,"110","1667847724758","Test.py","1.1.4 for 2021-2022 @t1",,"[",,,,,
"File.Edit","1","","110","1667847725461","Test.py","1.1.4 for 2021-2022 @t1","Insert",,,,,,
"X-Keystroke","1",,"111","1667847725463","Test.py","1.1.4 for 2021-2022 @t1",,"1",,,,,
"File.Edit",", 2, 3","","111","1667847726128","Test.py","1.1.4 for 2021-2022 @t1","Insert",,,,,,
"File.Edit","    
","","119","1667847726346","Test.py","1.1.4 for 2021-2022 @t1","Insert",,,,,,
"File.Edit","b","","123","1667847726774","Test.py","1.1.4 for 2021-2022 @t1","Insert",,,,,,
"X-Keystroke","b",,"124","1667847726774","Test.py","1.1.4 for 2021-2022 @t1",,"b",,,,,
"File.Edit"," ","","124","1667847726781","Test.py","1.1.4 for 2021-2022 @t1","Insert",,,,,,
"File.Edit",""," ","124","1667847727889","Test.py","1.1.4 for 2021-2022 @t1","Delete",,,,,,
"File.Edit"," ","","124","1667847727905","Test.py","1.1.4 for 2021-2022 @t1","Insert",,,,,,
"X-Keystroke"," ",,"125","1667847727907","Test.py","1.1.4 for 2021-2022 @t1",," ",,,,,
"File.Edit","=","","125","1667847728120","Test.py","1.1.4 for 2021-2022 @t1","Insert",,,,,,
"X-Keystroke","=",,"126","1667847728124","Test.py","1.1.4 for 2021-2022 @t1",,"=",,,,,
"File.Edit"," ","","126","1667847728195","Test.py","1.1.4 for 2021-2022 @t1","Insert",,,,,,
"X-Keystroke"," ",,"127","1667847728195","Test.py","1.1.4 for 2021-2022 @t1",," ",,,,,
"File.Edit","[4, 5, 6]","","127","1667847729219","Test.py","1.1.4 for 2021-2022 @t1","Insert",,,,,,
"File.Edit","    
","","137","1667847729633","Test.py","1.1.4 for 2021-2022 @t1","Insert",,,,,,
"File.Edit","v","","141","1667847732788","Test.py","1.1.4 for 2021-2022 @t1","Insert",,,,,,
"X-Keystroke","v",,"142","1667847732790","Test.py","1.1.4 for 2021-2022 @t1",,"v",,,,,
"File.Edit"," ","","142","1667847732816","Test.py","1.1.4 for 2021-2022 @t1","Insert",,,,,,
"File.Edit",""," ","142","1667847733125","Test.py","1.1.4 for 2021-2022 @t1","Delete",,,,,,
"File.Edit","e","","142","1667847733126","Test.py","1.1.4 for 2021-2022 @t1","Insert",,,,,,
"X-Keystroke","e",,"143","1667847733154","Test.py","1.1.4 for 2021-2022 @t1",,"e",,,,,
"File.Edit","c","","143","1667847733322","Test.py","1.1.4 for 2021-2022 @t1","Insert",,,,,,
"X-Keystroke","c",,"144","1667847733353","Test.py","1.1.4 for 2021-2022 @t1",,"c",,,,,
"File.Edit","A","","144","1667847734052","Test.py","1.1.4 for 2021-2022 @t1","Insert",,,,,,
"X-Keystroke","A",,"145","1667847734054","Test.py","1.1.4 for 2021-2022 @t1",,"A",,,,,
"File.Edit","d","","145","1667847734734","Test.py","1.1.4 for 2021-2022 @t1","Insert",,,,,,
"X-Keystroke","d",,"146","1667847734735","Test.py","1.1.4 for 2021-2022 @t1",,"d",,,,,
"File.Edit","d","","146","1667847734970","Test.py","1.1.4 for 2021-2022 @t1","Insert",,,,,,
"X-Keystroke","d",,"147","1667847734973","Test.py","1.1.4 for 2021-2022 @t1",,"d",,,,,
"File.Edit","(a, b)","","147","1667847736203","Test.py","1.1.4 for 2021-2022 @t1","Insert",,,,,,
"File.Edit","    
","","154","1667847736831","Test.py","1.1.4 for 2021-2022 @t1","Insert",,,,,,
"File.Edit",""," ","157","1667847739224","Test.py","1.1.4 for 2021-2022 @t1","Delete",,,,,,
"File.Edit","","   ","154","1667847739231","Test.py","1.1.4 for 2021-2022 @t1","Delete",,,,,,
"File.Edit","","
","154","1667847739383","Test.py","1.1.4 for 2021-2022 @t1","Delete",,,,,,
"File.Edit","",")","152","1667847739715","Test.py","1.1.4 for 2021-2022 @t1","Delete",,,,,,
"File.Edit","","b","151","1667847739875","Test.py","1.1.4 for 2021-2022 @t1","Delete",,,,,,
"File.Edit",""," ","150","1667847739996","Test.py","1.1.4 for 2021-2022 @t1","Delete",,,,,,
"File.Edit","",",","149","1667847740125","Test.py","1.1.4 for 2021-2022 @t1","Delete",,,,,,
"File.Edit","","a","148","1667847740250","Test.py","1.1.4 for 2021-2022 @t1","Delete",,,,,,
"File.Edit","","(","147","1667847740384","Test.py","1.1.4 for 2021-2022 @t1","Delete",,,,,,
"File.Edit","","d","146","1667847740512","Test.py","1.1.4 for 2021-2022 @t1","Delete",,,,,,
"File.Edit","","d","145","1667847740649","Test.py","1.1.4 for 2021-2022 @t1","Delete",,,,,,
"File.Edit","","A","144","1667847740775","Test.py","1.1.4 for 2021-2022 @t1","Delete",,,,,,
"File.Edit","","c","143","1667847740897","Test.py","1.1.4 for 2021-2022 @t1","Delete",,,,,,
"File.Edit","","e","142","1667847741064","Test.py","1.1.4 for 2021-2022 @t1","Delete",,,,,,
"File.Edit","","v","141","1667847742785","Test.py","1.1.4 for 2021-2022 @t1","Delete",,,,,,
"File.Edit",""," import *","78","1667847745931","Test.py","1.1.4 for 2021-2022 @t1","Delete",,,,,,
"File.Edit",".","","78","1667847745934","Test.py","1.1.4 for 2021-2022 @t1","Insert",,,,,,
"X-Keystroke",".",,"79","1667847745935","Test.py","1.1.4 for 2021-2022 @t1",,".",,,,,
"File.Edit","",".","78","1667847745962","Test.py","1.1.4 for 2021-2022 @t1","Delete",,,,,,
"File.Edit"," import *","","78","1667847745963","Test.py","1.1.4 for 2021-2022 @t1","Insert",,,,,,
"File.Edit",".","","78","1667847745962","Test.py","1.1.4 for 2021-2022 @t1","Insert",,,,,,
"File.Edit","","import *","80","1667847745963","Test.py","1.1.4 for 2021-2022 @t1","Delete",,,,,,
"File.Edit",""," ","79","1667847746968","Test.py","1.1.4 for 2021-2022 @t1","Delete",,,,,,
"File.Edit","v","","79","1667847746969","Test.py","1.1.4 for 2021-2022 @t1","Insert",,,,,,
"X-Keystroke","v",,"80","1667847746997","Test.py","1.1.4 for 2021-2022 @t1",,"v",,,,,
"File.Edit","e","","80","1667847747168","Test.py","1.1.4 for 2021-2022 @t1","Insert",,,,,,
"X-Keystroke","e",,"81","1667847747188","Test.py","1.1.4 for 2021-2022 @t1",,"e",,,,,
"File.Edit","c","","81","1667847747363","Test.py","1.1.4 for 2021-2022 @t1","Insert",,,,,,
"X-Keystroke","c",,"82","1667847747390","Test.py","1.1.4 for 2021-2022 @t1",,"c",,,,,
"File.Edit","A","","82","1667847748578","Test.py","1.1.4 for 2021-2022 @t1","Insert",,,,,,
"X-Keystroke","A",,"83","1667847748599","Test.py","1.1.4 for 2021-2022 @t1",,"A",,,,,
"File.Edit","dd","","83","1667847749425","Test.py","1.1.4 for 2021-2022 @t1","Insert",,,,,,
"File.Edit"," import ","","85","1667847749469","Test.py","1.1.4 for 2021-2022 @t1","Insert",,,,,,
"File.Edit","vecAdd","","93","1667847750563","Test.py","1.1.4 for 2021-2022 @t1","Insert",,,,,,
"File.Edit","
","","101","1667847750851","Test.py","1.1.4 for 2021-2022 @t1","Insert",,,,,,
"File.Edit","f","","100","1667847752751","Test.py","1.1.4 for 2021-2022 @t1","Insert",,,,,,
"X-Keystroke","f",,"101","1667847752753","Test.py","1.1.4 for 2021-2022 @t1",,"f",,,,,
"File.Edit","rom Methods.vecScalar import vecScalar","","101","1667847753395","Test.py","1.1.4 for 2021-2022 @t1","Insert",,,,,,
"File.Edit","
","","141","1667847753783","Test.py","1.1.4 for 2021-2022 @t1","Insert",,,,,,
"File.Edit","f","","140","1667847755771","Test.py","1.1.4 for 2021-2022 @t1","Insert",,,,,,
"X-Keystroke","f",,"141","1667847755773","Test.py","1.1.4 for 2021-2022 @t1",,"f",,,,,
"File.Edit"," ","","141","1667847755792","Test.py","1.1.4 for 2021-2022 @t1","Insert",,,,,,
"File.Edit",""," ","141","1667847756004","Test.py","1.1.4 for 2021-2022 @t1","Delete",,,,,,
"File.Edit","r","","141","1667847756005","Test.py","1.1.4 for 2021-2022 @t1","Insert",,,,,,
"X-Keystroke","r",,"142","1667847756027","Test.py","1.1.4 for 2021-2022 @t1",,"r",,,,,
"File.Edit","o","","142","1667847756080","Test.py","1.1.4 for 2021-2022 @t1","Insert",,,,,,
"X-Keystroke","o",,"143","1667847756107","Test.py","1.1.4 for 2021-2022 @t1",,"o",,,,,
"File.Edit","m","","143","1667847756227","Test.py","1.1.4 for 2021-2022 @t1","Insert",,,,,,
"X-Keystroke","m",,"144","1667847756258","Test.py","1.1.4 for 2021-2022 @t1",,"m",,,,,
"File.Edit"," ","","144","1667847756514","Test.py","1.1.4 for 2021-2022 @t1","Insert",,,,,,
"X-Keystroke"," ",,"145","1667847756518","Test.py","1.1.4 for 2021-2022 @t1",," ",,,,,
"File.Edit","M","","145","1667847756720","Test.py","1.1.4 for 2021-2022 @t1","Insert",,,,,,
"X-Keystroke","M",,"146","1667847756722","Test.py","1.1.4 for 2021-2022 @t1",,"M",,,,,
"File.Edit"," ","","146","1667847756746","Test.py","1.1.4 for 2021-2022 @t1","Insert",,,,,,
"File.Edit",""," ","146","1667847756933","Test.py","1.1.4 for 2021-2022 @t1","Delete",,,,,,
"File.Edit","e","","146","1667847756934","Test.py","1.1.4 for 2021-2022 @t1","Insert",,,,,,
"X-Keystroke","e",,"147","1667847756951","Test.py","1.1.4 for 2021-2022 @t1",,"e",,,,,
"File.Edit","h","","147","1667847757118","Test.py","1.1.4 for 2021-2022 @t1","Insert",,,,,,
"X-Keystroke","h",,"148","1667847757130","Test.py","1.1.4 for 2021-2022 @t1",,"h",,,,,
"File.Edit","","h","147","1667847757547","Test.py","1.1.4 for 2021-2022 @t1","Delete",,,,,,
"File.Edit","t","","147","1667847757626","Test.py","1.1.4 for 2021-2022 @t1","Insert",,,,,,
"X-Keystroke","t",,"148","1667847757626","Test.py","1.1.4 for 2021-2022 @t1",,"t",,,,,
"File.Edit"," ","","148","1667847757627","Test.py","1.1.4 for 2021-2022 @t1","Insert",,,,,,
"File.Edit",""," ","148","1667847757711","Test.py","1.1.4 for 2021-2022 @t1","Delete",,,,,,
"File.Edit","h","","148","1667847757712","Test.py","1.1.4 for 2021-2022 @t1","Insert",,,,,,
"X-Keystroke","h",,"149","1667847757716","Test.py","1.1.4 for 2021-2022 @t1",,"h",,,,,
"File.Edit","o","","149","1667847757855","Test.py","1.1.4 for 2021-2022 @t1","Insert",,,,,,
"X-Keystroke","o",,"150","1667847757863","Test.py","1.1.4 for 2021-2022 @t1",,"o",,,,,
"File.Edit","d","","150","1667847757906","Test.py","1.1.4 for 2021-2022 @t1","Insert",,,,,,
"X-Keystroke","d",,"151","1667847757912","Test.py","1.1.4 for 2021-2022 @t1",,"d",,,,,
"File.Edit","s","","151","1667847758018","Test.py","1.1.4 for 2021-2022 @t1","Insert",,,,,,
"X-Keystroke","s",,"152","1667847758034","Test.py","1.1.4 for 2021-2022 @t1",,"s",,,,,
"File.Edit",".","","152","1667847758432","Test.py","1.1.4 for 2021-2022 @t1","Insert",,,,,,
"X-Keystroke",".",,"153","1667847758441","Test.py","1.1.4 for 2021-2022 @t1",,".",,,,,
"File.Edit","v","","153","1667847758966","Test.py","1.1.4 for 2021-2022 @t1","Insert",,,,,,
"X-Keystroke","v",,"154","1667847758968","Test.py","1.1.4 for 2021-2022 @t1",,"v",,,,,
"File.Edit"," ","","154","1667847758978","Test.py","1.1.4 for 2021-2022 @t1","Insert",,,,,,
"File.Edit",""," ","154","1667847759136","Test.py","1.1.4 for 2021-2022 @t1","Delete",,,,,,
"File.Edit","e","","154","1667847759137","Test.py","1.1.4 for 2021-2022 @t1","Insert",,,,,,
"X-Keystroke","e",,"155","1667847759143","Test.py","1.1.4 for 2021-2022 @t1",,"e",,,,,
"File.Edit","c","","155","1667847759332","Test.py","1.1.4 for 2021-2022 @t1","Insert",,,,,,
"X-Keystroke","c",,"156","1667847759349","Test.py","1.1.4 for 2021-2022 @t1",,"c",,,,,
"File.Edit","S","","156","1667847760375","Test.py","1.1.4 for 2021-2022 @t1","Insert",,,,,,
"X-Keystroke","S",,"157","1667847760397","Test.py","1.1.4 for 2021-2022 @t1",,"S",,,,,
"File.Edit","u","","157","1667847760967","Test.py","1.1.4 for 2021-2022 @t1","Insert",,,,,,
"X-Keystroke","u",,"158","1667847760986","Test.py","1.1.4 for 2021-2022 @t1",,"u",,,,,
"File.Edit","b","","158","1667847761291","Test.py","1.1.4 for 2021-2022 @t1","Insert",,,,,,
"X-Keystroke","b",,"159","1667847761305","Test.py","1.1.4 for 2021-2022 @t1",,"b",,,,,
"File.Edit"," import ","","159","1667847761751","Test.py","1.1.4 for 2021-2022 @t1","Insert",,,,,,
"File.Edit","vecSub","","167","1667847762544","Test.py","1.1.4 for 2021-2022 @t1","Insert",,,,,,
"File.Edit","
","","175","1667847763526","Test.py","1.1.4 for 2021-2022 @t1","Insert",,,,,,
"File.Edit","from Methods.crossProduct import crossProduct","","174","1667847766513","Test.py","1.1.4 for 2021-2022 @t1","Insert",,,,,,
"File.Edit","
","","221","1667847767138","Test.py","1.1.4 for 2021-2022 @t1","Insert",,,,,,
"File.Edit","from Methods.dotProduct import dotProduct","","220","1667847768009","Test.py","1.1.4 for 2021-2022 @t1","Insert",,,,,,
"File.Edit","
","","263","1667847768486","Test.py","1.1.4 for 2021-2022 @t1","Insert",,,,,,
"File.Edit","f","","262","1667847771717","Test.py","1.1.4 for 2021-2022 @t1","Insert",,,,,,
"X-Keystroke","f",,"263","1667847771719","Test.py","1.1.4 for 2021-2022 @t1",,"f",,,,,
"File.Edit"," ","","263","1667847771742","Test.py","1.1.4 for 2021-2022 @t1","Insert",,,,,,
"File.Edit",""," ","263","1667847771909","Test.py","1.1.4 for 2021-2022 @t1","Delete",,,,,,
"File.Edit","r","","263","1667847771910","Test.py","1.1.4 for 2021-2022 @t1","Insert",,,,,,
"X-Keystroke","r",,"264","1667847771934","Test.py","1.1.4 for 2021-2022 @t1",,"r",,,,,
"File.Edit","o","","264","1667847772006","Test.py","1.1.4 for 2021-2022 @t1","Insert",,,,,,
"X-Keystroke","o",,"265","1667847772018","Test.py","1.1.4 for 2021-2022 @t1",,"o",,,,,
"File.Edit","m","","265","1667847772111","Test.py","1.1.4 for 2021-2022 @t1","Insert",,,,,,
"X-Keystroke","m",,"266","1667847772139","Test.py","1.1.4 for 2021-2022 @t1",,"m",,,,,
"File.Edit"," ","","266","1667847772405","Test.py","1.1.4 for 2021-2022 @t1","Insert",,,,,,
"X-Keystroke"," ",,"267","1667847772406","Test.py","1.1.4 for 2021-2022 @t1",," ",,,,,
"File.Edit","M","","267","1667847772644","Test.py","1.1.4 for 2021-2022 @t1","Insert",,,,,,
"X-Keystroke","M",,"268","1667847772648","Test.py","1.1.4 for 2021-2022 @t1",,"M",,,,,
"File.Edit"," ","","268","1667847772654","Test.py","1.1.4 for 2021-2022 @t1","Insert",,,,,,
"File.Edit",""," ","268","1667847772906","Test.py","1.1.4 for 2021-2022 @t1","Delete",,,,,,
"File.Edit","e","","268","1667847772907","Test.py","1.1.4 for 2021-2022 @t1","Insert",,,,,,
"X-Keystroke","e",,"269","1667847772924","Test.py","1.1.4 for 2021-2022 @t1",,"e",,,,,
"File.Edit","t","","269","1667847773113","Test.py","1.1.4 for 2021-2022 @t1","Insert",,,,,,
"X-Keystroke","t",,"270","1667847773130","Test.py","1.1.4 for 2021-2022 @t1",,"t",,,,,
"File.Edit","h","","270","1667847773250","Test.py","1.1.4 for 2021-2022 @t1","Insert",,,,,,
"X-Keystroke","h",,"271","1667847773264","Test.py","1.1.4 for 2021-2022 @t1",,"h",,,,,
"File.Edit","o","","271","1667847773422","Test.py","1.1.4 for 2021-2022 @t1","Insert",,,,,,
"X-Keystroke","o",,"272","1667847773436","Test.py","1.1.4 for 2021-2022 @t1",,"o",,,,,
"File.Edit","d","","272","1667847773474","Test.py","1.1.4 for 2021-2022 @t1","Insert",,,,,,
"X-Keystroke","d",,"273","1667847773481","Test.py","1.1.4 for 2021-2022 @t1",,"d",,,,,
"File.Edit","s","","273","1667847773550","Test.py","1.1.4 for 2021-2022 @t1","Insert",,,,,,
"X-Keystroke","s",,"274","1667847773564","Test.py","1.1.4 for 2021-2022 @t1",,"s",,,,,
"File.Edit",".","","274","1667847775115","Test.py","1.1.4 for 2021-2022 @t1","Insert",,,,,,
"X-Keystroke",".",,"275","1667847775118","Test.py","1.1.4 for 2021-2022 @t1",,".",,,,,
"File.Edit","L","","275","1667847776315","Test.py","1.1.4 for 2021-2022 @t1","Insert",,,,,,
"X-Keystroke","L",,"276","1667847776321","Test.py","1.1.4 for 2021-2022 @t1",,"L",,,,,
"File.Edit"," ","","276","1667847776339","Test.py","1.1.4 for 2021-2022 @t1","Insert",,,,,,
"File.Edit",""," ","276","1667847777404","Test.py","1.1.4 for 2021-2022 @t1","Delete",,,,,,
"File.Edit","1Norm","","276","1667847777408","Test.py","1.1.4 for 2021-2022 @t1","Insert",,,,,,
"File.Edit"," import ","","281","1667847777413","Test.py","1.1.4 for 2021-2022 @t1","Insert",,,,,,
"File.Edit","L1Norm","","289","1667847778582","Test.py","1.1.4 for 2021-2022 @t1","Insert",,,,,,
"File.Edit","
","","297","1667847778863","Test.py","1.1.4 for 2021-2022 @t1","Insert",,,,,,
"File.Edit","from Methods.L2Norm import L2Norm","","296","1667847779858","Test.py","1.1.4 for 2021-2022 @t1","Insert",,,,,,
"File.Edit","
","","331","1667847780130","Test.py","1.1.4 for 2021-2022 @t1","Insert",,,,,,
"File.Edit","f","","330","1667847781594","Test.py","1.1.4 for 2021-2022 @t1","Insert",,,,,,
"X-Keystroke","f",,"331","1667847781596","Test.py","1.1.4 for 2021-2022 @t1",,"f",,,,,
"File.Edit"," ","","331","1667847781619","Test.py","1.1.4 for 2021-2022 @t1","Insert",,,,,,
"File.Edit",""," ","331","1667847781787","Test.py","1.1.4 for 2021-2022 @t1","Delete",,,,,,
"File.Edit","r","","331","1667847781788","Test.py","1.1.4 for 2021-2022 @t1","Insert",,,,,,
"X-Keystroke","r",,"332","1667847781794","Test.py","1.1.4 for 2021-2022 @t1",,"r",,,,,
"File.Edit","o","","332","1667847781885","Test.py","1.1.4 for 2021-2022 @t1","Insert",,,,,,
"X-Keystroke","o",,"333","1667847781894","Test.py","1.1.4 for 2021-2022 @t1",,"o",,,,,
"File.Edit","m","","333","1667847781990","Test.py","1.1.4 for 2021-2022 @t1","Insert",,,,,,
"X-Keystroke","m",,"334","1667847782017","Test.py","1.1.4 for 2021-2022 @t1",,"m",,,,,
"File.Edit"," ","","334","1667847782108","Test.py","1.1.4 for 2021-2022 @t1","Insert",,,,,,
"X-Keystroke"," ",,"335","1667847782111","Test.py","1.1.4 for 2021-2022 @t1",," ",,,,,
"File.Edit","M","","335","1667847782253","Test.py","1.1.4 for 2021-2022 @t1","Insert",,,,,,
"X-Keystroke","M",,"336","1667847782255","Test.py","1.1.4 for 2021-2022 @t1",,"M",,,,,
"File.Edit"," ","","336","1667847782288","Test.py","1.1.4 for 2021-2022 @t1","Insert",,,,,,
"File.Edit",""," ","336","1667847782459","Test.py","1.1.4 for 2021-2022 @t1","Delete",,,,,,
"File.Edit","e","","336","1667847782460","Test.py","1.1.4 for 2021-2022 @t1","Insert",,,,,,
"X-Keystroke","e",,"337","1667847782463","Test.py","1.1.4 for 2021-2022 @t1",,"e",,,,,
"File.Edit","t","","337","1667847782541","Test.py","1.1.4 for 2021-2022 @t1","Insert",,,,,,
"X-Keystroke","t",,"338","1667847782550","Test.py","1.1.4 for 2021-2022 @t1",,"t",,,,,
"File.Edit","h","","338","1667847782645","Test.py","1.1.4 for 2021-2022 @t1","Insert",,,,,,
"X-Keystroke","h",,"339","1667847782663","Test.py","1.1.4 for 2021-2022 @t1",,"h",,,,,
"File.Edit","o","","339","1667847782742","Test.py","1.1.4 for 2021-2022 @t1","Insert",,,,,,
"X-Keystroke","o",,"340","1667847782749","Test.py","1.1.4 for 2021-2022 @t1",,"o",,,,,
"File.Edit","d","","340","1667847782779","Test.py","1.1.4 for 2021-2022 @t1","Insert",,,,,,
"X-Keystroke","d",,"341","1667847782787","Test.py","1.1.4 for 2021-2022 @t1",,"d",,,,,
"File.Edit","s","","341","1667847782945","Test.py","1.1.4 for 2021-2022 @t1","Insert",,,,,,
"X-Keystroke","s",,"342","1667847782952","Test.py","1.1.4 for 2021-2022 @t1",,"s",,,,,
"File.Edit",".","","342","1667847783107","Test.py","1.1.4 for 2021-2022 @t1","Insert",,,,,,
"X-Keystroke",".",,"343","1667847783110","Test.py","1.1.4 for 2021-2022 @t1",,".",,,,,
"File.Edit"," ","","343","1667847783122","Test.py","1.1.4 for 2021-2022 @t1","Insert",,,,,,
"File.Edit",""," ","343","1667847783825","Test.py","1.1.4 for 2021-2022 @t1","Delete",,,,,,
"File.Edit","m","","343","1667847783826","Test.py","1.1.4 for 2021-2022 @t1","Insert",,,,,,
"X-Keystroke","m",,"344","1667847783854","Test.py","1.1.4 for 2021-2022 @t1",,"m",,,,,
"File.Edit","a","","344","1667847783938","Test.py","1.1.4 for 2021-2022 @t1","Insert",,,,,,
"X-Keystroke","a",,"345","1667847783943","Test.py","1.1.4 for 2021-2022 @t1",,"a",,,,,
"File.Edit","x","","345","1667847784141","Test.py","1.1.4 for 2021-2022 @t1","Insert",,,,,,
"X-Keystroke","x",,"346","1667847784148","Test.py","1.1.4 for 2021-2022 @t1",,"x",,,,,
"File.Edit","Norm","","346","1667847784496","Test.py","1.1.4 for 2021-2022 @t1","Insert",,,,,,
"File.Edit"," import ","","350","1667847784503","Test.py","1.1.4 for 2021-2022 @t1","Insert",,,,,,
"File.Edit","maxNorm","","358","1667847785288","Test.py","1.1.4 for 2021-2022 @t1","Insert",,,,,,
"File.Edit","
","","367","1667847785596","Test.py","1.1.4 for 2021-2022 @t1","Insert",,,,,,
"File.Edit","","
","367","1667847786343","Test.py","1.1.4 for 2021-2022 @t1","Delete",,,,,,
"File.Edit","    
","","420","1667847788822","Test.py","1.1.4 for 2021-2022 @t1","Insert",,,,,,
"File.Edit","v","","419","1667847789868","Test.py","1.1.4 for 2021-2022 @t1","Insert",,,,,,
"X-Keystroke","v",,"420","1667847789868","Test.py","1.1.4 for 2021-2022 @t1",,"v",,,,,
"File.Edit",""," ","343","1667847789890","Test.py","1.1.4 for 2021-2022 @t1","Delete",,,,,,
"File.Edit","maxNorm import maxNorm","","343","1667847789891","Test.py","1.1.4 for 2021-2022 @t1","Insert",,,,,,
"File.Edit","","maxNorm import maxNorm","343","1667847789885","Test.py","1.1.4 for 2021-2022 @t1","Delete",,,,,,
"File.Edit"," ","","343","1667847789886","Test.py","1.1.4 for 2021-2022 @t1","Insert",,,,,,
"File.Edit"," ","","399","1667847789885","Test.py","1.1.4 for 2021-2022 @t1","Insert",,,,,,
"File.Edit",""," ","420","1667847790071","Test.py","1.1.4 for 2021-2022 @t1","Delete",,,,,,
"File.Edit","e","","420","1667847790072","Test.py","1.1.4 for 2021-2022 @t1","Insert",,,,,,
"X-Keystroke","e",,"421","1667847790100","Test.py","1.1.4 for 2021-2022 @t1",,"e",,,,,
"File.Edit","c","","421","1667847790228","Test.py","1.1.4 for 2021-2022 @t1","Insert",,,,,,
"X-Keystroke","c",,"422","1667847790273","Test.py","1.1.4 for 2021-2022 @t1",,"c",,,,,
"File.Edit","A","","422","1667847790686","Test.py","1.1.4 for 2021-2022 @t1","Insert",,,,,,
"X-Keystroke","A",,"423","1667847790717","Test.py","1.1.4 for 2021-2022 @t1",,"A",,,,,
"File.Edit","d","","423","1667847790913","Test.py","1.1.4 for 2021-2022 @t1","Insert",,,,,,
"X-Keystroke","d",,"424","1667847790922","Test.py","1.1.4 for 2021-2022 @t1",,"d",,,,,
"File.Edit","d","","424","1667847791059","Test.py","1.1.4 for 2021-2022 @t1","Insert",,,,,,
"X-Keystroke","d",,"425","1667847791079","Test.py","1.1.4 for 2021-2022 @t1",,"d",,,,,
"File.Edit","(","","425","1667847791354","Test.py","1.1.4 for 2021-2022 @t1","Insert",,,,,,
"File.Edit",")","","426","1667847791358","Test.py","1.1.4 for 2021-2022 @t1","Insert",,,,,,
"File.Edit","a, b","","426","1667847792956","Test.py","1.1.4 for 2021-2022 @t1","Insert",,,,,,
"File.Edit","    
","","437","1667847793242","Test.py","1.1.4 for 2021-2022 @t1","Insert",,,,,,
"File.Edit","vecScalar(a, 2)","","436","1667847794917","Test.py","1.1.4 for 2021-2022 @t1","Insert",,,,,,
"File.Edit","    
","","457","1667847795101","Test.py","1.1.4 for 2021-2022 @t1","Insert",,,,,,
"File.Edit","vecSub(a, b)","","456","1667847795968","Test.py","1.1.4 for 2021-2022 @t1","Insert",,,,,,
"File.Edit","    
","","474","1667847796161","Test.py","1.1.4 for 2021-2022 @t1","Insert",,,,,,
"File.Edit","crossProduct(a, b)","","473","1667847797302","Test.py","1.1.4 for 2021-2022 @t1","Insert",,,,,,
"File.Edit","    
","","497","1667847797506","Test.py","1.1.4 for 2021-2022 @t1","Insert",,,,,,
"File.Edit","dotProduct(a, b)","","496","1667847798310","Test.py","1.1.4 for 2021-2022 @t1","Insert",,,,,,
"File.Edit","    
","","518","1667847798722","Test.py","1.1.4 for 2021-2022 @t1","Insert",,,,,,
"File.Edit","L1Norm(a)","","517","1667847799504","Test.py","1.1.4 for 2021-2022 @t1","Insert",,,,,,
"File.Edit","    
","","532","1667847799801","Test.py","1.1.4 for 2021-2022 @t1","Insert",,,,,,
"File.Edit","L2Norm(a)","","531","1667847800568","Test.py","1.1.4 for 2021-2022 @t1","Insert",,,,,,
"File.Edit","    
","","546","1667847800858","Test.py","1.1.4 for 2021-2022 @t1","Insert",,,,,,
"File.Edit","maxNorm(a)","","545","1667847801919","Test.py","1.1.4 for 2021-2022 @t1","Insert",,,,,,
"File.Edit","v","","419","1667847804881","Test.py","1.1.4 for 2021-2022 @t1","Insert",,,,,,
"X-Keystroke","v",,"420","1667847804884","Test.py","1.1.4 for 2021-2022 @t1",,"v",,,,,
"File.Edit"," ","","420","1667847804922","Test.py","1.1.4 for 2021-2022 @t1","Insert",,,,,,
"File.Edit",""," ","420","1667847804972","Test.py","1.1.4 for 2021-2022 @t1","Delete",,,,,,
"File.Edit","1","","420","1667847804973","Test.py","1.1.4 for 2021-2022 @t1","Insert",,,,,,
"X-Keystroke","1",,"421","1667847804973","Test.py","1.1.4 for 2021-2022 @t1",,"1",,,,,
"File.Edit"," ","","421","1667847804977","Test.py","1.1.4 for 2021-2022 @t1","Insert",,,,,,
"File.Edit",""," ","421","1667847805726","Test.py","1.1.4 for 2021-2022 @t1","Delete",,,,,,
"File.Edit",":","","421","1667847805727","Test.py","1.1.4 for 2021-2022 @t1","Insert",,,,,,
"X-Keystroke",":",,"422","1667847805727","Test.py","1.1.4 for 2021-2022 @t1",,":",,,,,
"File.Edit","=","","422","1667847806160","Test.py","1.1.4 for 2021-2022 @t1","Insert",,,,,,
"X-Keystroke","=",,"423","1667847806162","Test.py","1.1.4 for 2021-2022 @t1",,"=",,,,,
"File.Edit","","=","422","1667847807804","Test.py","1.1.4 for 2021-2022 @t1","Delete",,,,,,
"File.Edit","",":","421","1667847808004","Test.py","1.1.4 for 2021-2022 @t1","Delete",,,,,,
"File.Edit"," ","","421","1667847808160","Test.py","1.1.4 for 2021-2022 @t1","Insert",,,,,,
"X-Keystroke"," ",,"422","1667847808160","Test.py","1.1.4 for 2021-2022 @t1",," ",,,,,
"File.Edit","=","","422","1667847808338","Test.py","1.1.4 for 2021-2022 @t1","Insert",,,,,,
"X-Keystroke","=",,"423","1667847808338","Test.py","1.1.4 for 2021-2022 @t1",,"=",,,,,
"File.Edit"," ","","423","1667847808437","Test.py","1.1.4 for 2021-2022 @t1","Insert",,,,,,
"X-Keystroke"," ",,"424","1667847808437","Test.py","1.1.4 for 2021-2022 @t1",," ",,,,,
"File.Edit","v","","441","1667847810192","Test.py","1.1.4 for 2021-2022 @t1","Insert",,,,,,
"X-Keystroke","v",,"442","1667847810195","Test.py","1.1.4 for 2021-2022 @t1",,"v",,,,,
"File.Edit","","= vecAdd(a, b)
    v","422","1667847810232","Test.py","1.1.4 for 2021-2022 @t1","Delete",,,,,,
"File.Edit","= vecAdd(a, b)
    v ","","422","1667847810233","Test.py","1.1.4 for 2021-2022 @t1","Insert",,,,,,
"File.Edit",""," ","442","1667847810593","Test.py","1.1.4 for 2021-2022 @t1","Delete",,,,,,
"File.Edit","2","","442","1667847810594","Test.py","1.1.4 for 2021-2022 @t1","Insert",,,,,,
"X-Keystroke","2",,"443","1667847810627","Test.py","1.1.4 for 2021-2022 @t1",,"2",,,,,
"File.Edit"," ","","443","1667847810712","Test.py","1.1.4 for 2021-2022 @t1","Insert",,,,,,
"X-Keystroke"," ",,"444","1667847810713","Test.py","1.1.4 for 2021-2022 @t1",," ",,,,,
"File.Edit","=","","444","1667847811363","Test.py","1.1.4 for 2021-2022 @t1","Insert",,,,,,
"X-Keystroke","=",,"445","1667847811363","Test.py","1.1.4 for 2021-2022 @t1",,"=",,,,,
"File.Edit"," ","","445","1667847811463","Test.py","1.1.4 for 2021-2022 @t1","Insert",,,,,,
"X-Keystroke"," ",,"446","1667847811464","Test.py","1.1.4 for 2021-2022 @t1",," ",,,,,
"File.Edit","","vecSub(a, b)
    crossProduct(a, b)
    dotProduct(a, b)
    L1Norm(a)
    L2Norm(a)
    maxNorm(a)","466","1667847815648","Test.py","1.1.4 for 2021-2022 @t1","Delete",,,,,,
"File.Edit","","r","454","1667847818252","Test.py","1.1.4 for 2021-2022 @t1","Delete",,,,,,
"File.Edit","","a","453","1667847818387","Test.py","1.1.4 for 2021-2022 @t1","Delete",,,,,,
"File.Edit","","l","452","1667847818529","Test.py","1.1.4 for 2021-2022 @t1","Delete",,,,,,
"File.Edit","","a","451","1667847818649","Test.py","1.1.4 for 2021-2022 @t1","Delete",,,,,,
"File.Edit","","c","450","1667847819584","Test.py","1.1.4 for 2021-2022 @t1","Delete",,,,,,
"File.Edit","u","","450","1667847819818","Test.py","1.1.4 for 2021-2022 @t1","Insert",,,,,,
"X-Keystroke","u",,"451","1667847819820","Test.py","1.1.4 for 2021-2022 @t1",,"u",,,,,
"File.Edit","","2 =","442","1667847819855","Test.py","1.1.4 for 2021-2022 @t1","Delete",,,,,,
"File.Edit"," vecScalar(a, 2)
   ","","442","1667847819856","Test.py","1.1.4 for 2021-2022 @t1","Insert",,,,,,
"File.Edit","b","","468","1667847819857","Test.py","1.1.4 for 2021-2022 @t1","Insert",,,,,,
"File.Edit","","2","473","1667847819858","Test.py","1.1.4 for 2021-2022 @t1","Delete",,,,,,
"File.Edit","b)
    crossProduct(a, b)
    dotProduct(a, b)
    L1Norm(a)
    L2Norm(a)
    maxNorm(a","","473","1667847819859","Test.py","1.1.4 for 2021-2022 @t1","Insert",,,,,,
"File.Edit",""," vecScalar(a, 2)
    vecSub(a, b)
    crossProduct(a, b)
    dotProduct(a, b)
    L1Norm(a)
    L2Norm(a)
    maxNorm(a","442","1667847819855","Test.py","1.1.4 for 2021-2022 @t1","Delete",,,,,,
"File.Edit","2 = vecSu (a, 2","","442","1667847819856","Test.py","1.1.4 for 2021-2022 @t1","Insert",,,,,,
"File.Edit",""," ","451","1667847819900","Test.py","1.1.4 for 2021-2022 @t1","Delete",,,,,,
"File.Edit","b","","451","1667847819901","Test.py","1.1.4 for 2021-2022 @t1","Insert",,,,,,
"X-Keystroke","b",,"452","1667847819900","Test.py","1.1.4 for 2021-2022 @t1",,"b",,,,,
"File.Edit"," ","","452","1667847819904","Test.py","1.1.4 for 2021-2022 @t1","Insert",,,,,,
"File.Edit",""," ","452","1667847821742","Test.py","1.1.4 for 2021-2022 @t1","Delete",,,,,,
"File.Edit","    
","","469","1667847821742","Test.py","1.1.4 for 2021-2022 @t1","Insert",,,,,,
"File.Edit","v3 = vecScalar(a, 2)","","463","1667847822728","Test.py","1.1.4 for 2021-2022 @t1","Insert",,,,,,
"File.Edit","    
","","494","1667847822991","Test.py","1.1.4 for 2021-2022 @t1","Insert",,,,,,
"File.Edit","","2","456","1667847827529","Test.py","1.1.4 for 2021-2022 @t1","Delete",,,,,,
"File.Edit","b","","456","1667847827615","Test.py","1.1.4 for 2021-2022 @t1","Insert",,,,,,
"X-Keystroke","b",,"457","1667847827615","Test.py","1.1.4 for 2021-2022 @t1",,"b",,,,,
"File.Edit","","(a, b)
    v3 = vecScalar","452","1667847827631","Test.py","1.1.4 for 2021-2022 @t1","Delete",,,,,,
"File.Edit"," ","","452","1667847827632","Test.py","1.1.4 for 2021-2022 @t1","Insert",,,,,,
"File.Edit",""," ","452","1667847827631","Test.py","1.1.4 for 2021-2022 @t1","Delete",,,,,,
"File.Edit","(a, b )
    v3 = vecScalar","","452","1667847827632","Test.py","1.1.4 for 2021-2022 @t1","Insert",,,,,,
"File.Edit",""," ","457","1667847829928","Test.py","1.1.4 for 2021-2022 @t1","Delete",,,,,,
"File.Edit","    
","","499","1667847829928","Test.py","1.1.4 for 2021-2022 @t1","Insert",,,,,,
"File.Edit","v4 = crossProduct(a, b)","","488","1667847831315","Test.py","1.1.4 for 2021-2022 @t1","Insert",,,,,,
"File.Edit","    
","","527","1667847831595","Test.py","1.1.4 for 2021-2022 @t1","Insert",,,,,,
"File.Edit","v5 = dotProduct(a, b)","","516","1667847832730","Test.py","1.1.4 for 2021-2022 @t1","Insert",,,,,,
"File.Edit","    
","","553","1667847833481","Test.py","1.1.4 for 2021-2022 @t1","Insert",,,,,,
"File.Edit","v6 = L1Norm(a)","","542","1667847834920","Test.py","1.1.4 for 2021-2022 @t1","Insert",,,,,,
"File.Edit","    
","","572","1667847835771","Test.py","1.1.4 for 2021-2022 @t1","Insert",,,,,,
"File.Edit","    
","","577","1667847844871","Test.py","1.1.4 for 2021-2022 @t1","Insert",,,,,,
"File.Edit","","    ","557","1667847845952","Test.py","1.1.4 for 2021-2022 @t1","Delete",,,,,,
"File.Edit","v7 = L2Norm(a)","","557","1667847845953","Test.py","1.1.4 for 2021-2022 @t1","Insert",,,,,,
"File.Edit","    ","","557","1667847850156","Test.py","1.1.4 for 2021-2022 @t1","Insert",,,,,,
"File.Edit","    
","","596","1667847852285","Test.py","1.1.4 for 2021-2022 @t1","Insert",,,,,,
"File.Edit","v8 = maxNorm(a)","","580","1667847853065","Test.py","1.1.4 for 2021-2022 @t1","Insert",,,,,,
"File.Edit","    
","","616","1667847854591","Test.py","1.1.4 for 2021-2022 @t1","Insert",,,,,,
"File.Edit","p","","600","1667847857091","Test.py","1.1.4 for 2021-2022 @t1","Insert",,,,,,
"X-Keystroke","p",,"601","1667847857094","Test.py","1.1.4 for 2021-2022 @t1",,"p",,,,,
"File.Edit","r","","601","1667847857299","Test.py","1.1.4 for 2021-2022 @t1","Insert",,,,,,
"X-Keystroke","r",,"602","1667847857301","Test.py","1.1.4 for 2021-2022 @t1",,"r",,,,,
"File.Edit","i","","602","1667847857389","Test.py","1.1.4 for 2021-2022 @t1","Insert",,,,,,
"X-Keystroke","i",,"603","1667847857391","Test.py","1.1.4 for 2021-2022 @t1",,"i",,,,,
"File.Edit","n","","603","1667847857511","Test.py","1.1.4 for 2021-2022 @t1","Insert",,,,,,
"X-Keystroke","n",,"604","1667847857513","Test.py","1.1.4 for 2021-2022 @t1",,"n",,,,,
"File.Edit","t","","604","1667847857546","Test.py","1.1.4 for 2021-2022 @t1","Insert",,,,,,
"X-Keystroke","t",,"605","1667847857548","Test.py","1.1.4 for 2021-2022 @t1",,"t",,,,,
"File.Edit","(","","605","1667847858333","Test.py","1.1.4 for 2021-2022 @t1","Insert",,,,,,
"File.Edit",")","","606","1667847858334","Test.py","1.1.4 for 2021-2022 @t1","Insert",,,,,,
"X-Keystroke","(",,"606","1667847858334","Test.py","1.1.4 for 2021-2022 @t1",,"(",,,,,
"File.Edit","v","","606","1667847858566","Test.py","1.1.4 for 2021-2022 @t1","Insert",,,,,,
"X-Keystroke","v",,"607","1667847858570","Test.py","1.1.4 for 2021-2022 @t1",,"v",,,,,
"File.Edit"," ","","457","1667847858592","Test.py","1.1.4 for 2021-2022 @t1","Insert",,,,,,
"File.Edit","","v4 = crossProduct(a, b)
    v5 = dotProduct(a, b)
    v6 = L1Norm(a)
    v7 = L2Norm(a)
    v8 = maxNorm(a)
    print(v)
    ","489","1667847858592","Test.py","1.1.4 for 2021-2022 @t1","Delete",,,,,,
"File.Edit",""," ","457","1667847858592","Test.py","1.1.4 for 2021-2022 @t1","Delete",,,,,,
"File.Edit","    v4 = crossProduct(a, b)
    v5 = dotProduct(a, b)
    v6 = L1Norm(a)
    v7 = L2Norm(a)
    v8 = maxNorm(a)
    print(v )
","","484","1667847858592","Test.py","1.1.4 for 2021-2022 @t1","Insert",,,,,,
"File.Edit",""," ","607","1667847858980","Test.py","1.1.4 for 2021-2022 @t1","Delete",,,,,,
"File.Edit","1","","607","1667847858981","Test.py","1.1.4 for 2021-2022 @t1","Insert",,,,,,
"X-Keystroke","1",,"608","1667847859021","Test.py","1.1.4 for 2021-2022 @t1",,"1",,,,,
"File.Edit","","1","607","1667847859708","Test.py","1.1.4 for 2021-2022 @t1","Delete",,,,,,
"File.Edit","","v","606","1667847859853","Test.py","1.1.4 for 2021-2022 @t1","Delete",,,,,,
"File.Edit","""","","606","1667847860645","Test.py","1.1.4 for 2021-2022 @t1","Insert",,,,,,
"File.Edit","""","","607","1667847860647","Test.py","1.1.4 for 2021-2022 @t1","Insert",,,,,,
"X-Keystroke","""",,"607","1667847860647","Test.py","1.1.4 for 2021-2022 @t1",,"""",,,,,
"File.Edit","v","","607","1667847860918","Test.py","1.1.4 for 2021-2022 @t1","Insert",,,,,,
"X-Keystroke","v",,"608","1667847860921","Test.py","1.1.4 for 2021-2022 @t1",,"v",,,,,
"File.Edit"," ","","608","1667847860943","Test.py","1.1.4 for 2021-2022 @t1","Insert",,,,,,
"File.Edit",""," ","608","1667847861203","Test.py","1.1.4 for 2021-2022 @t1","Delete",,,,,,
"File.Edit","1","","608","1667847861204","Test.py","1.1.4 for 2021-2022 @t1","Insert",,,,,,
"X-Keystroke","1",,"609","1667847861203","Test.py","1.1.4 for 2021-2022 @t1",,"1",,,,,
"File.Edit","","""","609","1667847862283","Test.py","1.1.4 for 2021-2022 @t1","Delete",,,,,,
"File.Edit"," = "", v1","","609","1667847862284","Test.py","1.1.4 for 2021-2022 @t1","Insert",,,,,,
"File.Edit","    
","","639","1667847862652","Test.py","1.1.4 for 2021-2022 @t1","Insert",,,,,,
"File.Edit","print(""v2 = "", v2)","","623","1667847863438","Test.py","1.1.4 for 2021-2022 @t1","Insert",,,,,,
"File.Edit","    
","","662","1667847863669","Test.py","1.1.4 for 2021-2022 @t1","Insert",,,,,,
"File.Edit","print(""v3 = "", v3)","","646","1667847864346","Test.py","1.1.4 for 2021-2022 @t1","Insert",,,,,,
"File.Edit","    
","","685","1667847864610","Test.py","1.1.4 for 2021-2022 @t1","Insert",,,,,,
"File.Edit","print(""v4 = "", v4)","","669","1667847865311","Test.py","1.1.4 for 2021-2022 @t1","Insert",,,,,,
"File.Edit","    
","","708","1667847865580","Test.py","1.1.4 for 2021-2022 @t1","Insert",,,,,,
"File.Edit","    ","","692","1667847866126","Test.py","1.1.4 for 2021-2022 @t1","Insert",,,,,,
"File.Edit",""," ","695","1667847866950","Test.py","1.1.4 for 2021-2022 @t1","Delete",,,,,,
"File.Edit","","   ","692","1667847866952","Test.py","1.1.4 for 2021-2022 @t1","Delete",,,,,,
"File.Edit","print(""v5 = "", v5)","","692","1667847867490","Test.py","1.1.4 for 2021-2022 @t1","Insert",,,,,,
"File.Edit","    
","","731","1667847867804","Test.py","1.1.4 for 2021-2022 @t1","Insert",,,,,,
"File.Edit","print(""v6 = "", v6)","","715","1667847868532","Test.py","1.1.4 for 2021-2022 @t1","Insert",,,,,,
"File.Edit","    
","","754","1667847868905","Test.py","1.1.4 for 2021-2022 @t1","Insert",,,,,,
"File.Edit","print(""v7 = "", v7)","","738","1667847869616","Test.py","1.1.4 for 2021-2022 @t1","Insert",,,,,,
"File.Edit","    
","","777","1667847870080","Test.py","1.1.4 for 2021-2022 @t1","Insert",,,,,,
"File.Edit","print(""v8 = "", v8)","","761","1667847871014","Test.py","1.1.4 for 2021-2022 @t1","Insert",,,,,,
"File.Edit","","    ","795","1667847878824","Test.py","1.1.4 for 2021-2022 @t1","Delete",,,,,,
"File.Edit","","    ","790","1667847878826","Test.py","1.1.4 for 2021-2022 @t1","Delete",,,,,,
"File.Edit","","    ","785","1667847878828","Test.py","1.1.4 for 2021-2022 @t1","Delete",,,,,,
"File.Edit","","    ","780","1667847878829","Test.py","1.1.4 for 2021-2022 @t1","Delete",,,,,,
"File.Edit","    
","","415","1667848353886","Test.py","1.1.4 for 2021-2022 @t1","Insert",,,,,,
"File.Edit","c","","419","1667848353997","Test.py","1.1.4 for 2021-2022 @t1","Insert",,,,,,
"X-Keystroke","c",,"420","1667848353999","Test.py","1.1.4 for 2021-2022 @t1",,"c",,,,,
"File.Edit"," ","","420","1667848354026","Test.py","1.1.4 for 2021-2022 @t1","Insert",,,,,,
"File.Edit",""," ","420","1667848354716","Test.py","1.1.4 for 2021-2022 @t1","Delete",,,,,,
"File.Edit"," ","","420","1667848354743","Test.py","1.1.4 for 2021-2022 @t1","Insert",,,,,,
"X-Keystroke"," ",,"421","1667848354745","Test.py","1.1.4 for 2021-2022 @t1",," ",,,,,
"File.Edit","=","","421","1667848354852","Test.py","1.1.4 for 2021-2022 @t1","Insert",,,,,,
"X-Keystroke","=",,"422","1667848354854","Test.py","1.1.4 for 2021-2022 @t1",,"=",,,,,
"File.Edit"," ","","422","1667848354920","Test.py","1.1.4 for 2021-2022 @t1","Insert",,,,,,
"X-Keystroke"," ",,"423","1667848354922","Test.py","1.1.4 for 2021-2022 @t1",," ",,,,,
"File.Edit","[7, 8, 9]","","423","1667848355768","Test.py","1.1.4 for 2021-2022 @t1","Insert",,,,,,
"File.Edit","
","","367","1667848359182","Test.py","1.1.4 for 2021-2022 @t1","Insert",,,,,,
"File.Edit","f","","366","1667848359342","Test.py","1.1.4 for 2021-2022 @t1","Insert",,,,,,
"X-Keystroke","f",,"367","1667848359342","Test.py","1.1.4 for 2021-2022 @t1",,"f",,,,,
"File.Edit","","
f","365","1667848359347","Test.py","1.1.4 for 2021-2022 @t1","Delete",,,,,,
"File.Edit","
f ","","365","1667848359347","Test.py","1.1.4 for 2021-2022 @t1","Insert",,,,,,
"File.Edit",""," ","367","1667848359522","Test.py","1.1.4 for 2021-2022 @t1","Delete",,,,,,
"File.Edit","r","","367","1667848359523","Test.py","1.1.4 for 2021-2022 @t1","Insert",,,,,,
"X-Keystroke","r",,"368","1667848359529","Test.py","1.1.4 for 2021-2022 @t1",,"r",,,,,
"File.Edit","o","","368","1667848359636","Test.py","1.1.4 for 2021-2022 @t1","Insert",,,,,,
"X-Keystroke","o",,"369","1667848359642","Test.py","1.1.4 for 2021-2022 @t1",,"o",,,,,
"File.Edit","m","","369","1667848359712","Test.py","1.1.4 for 2021-2022 @t1","Insert",,,,,,
"X-Keystroke","m",,"370","1667848359725","Test.py","1.1.4 for 2021-2022 @t1",,"m",,,,,
"File.Edit"," ","","370","1667848360255","Test.py","1.1.4 for 2021-2022 @t1","Insert",,,,,,
"X-Keystroke"," ",,"371","1667848360256","Test.py","1.1.4 for 2021-2022 @t1",," ",,,,,
"File.Edit","Methods.tripleProduct import tripleProduct","","371","1667848361195","Test.py","1.1.4 for 2021-2022 @t1","Insert",,,,,,
"File.Edit","    
","","662","1667848364485","Test.py","1.1.4 for 2021-2022 @t1","Insert",,,,,,
"File.Edit","v9 = tripleProduct(a, b, c)","","666","1667848365784","Test.py","1.1.4 for 2021-2022 @t1","Insert",,,,,,
"File.Edit","    
","","878","1667848367979","Test.py","1.1.4 for 2021-2022 @t1","Insert",,,,,,
"File.Edit","print(""v9 = "", v9)","","882","1667848368720","Test.py","1.1.4 for 2021-2022 @t1","Insert",,,,,,
"File.Edit","","S1400 - 001
# Assignment ??","18","1667848377616","Test.py","1.1.4 for 2021-2022 @t1","Delete",,,,,,
"File.Edit","","C","17","1667848377732","Test.py","1.1.4 for 2021-2022 @t1","Delete",,,,,,
"File.Edit",""," ","16","1667848378413","Test.py","1.1.4 for 2021-2022 @t1","Delete",,,,,,
"File.Edit","","#","15","1667848378556","Test.py","1.1.4 for 2021-2022 @t1","Delete",,,,,,
"File.Edit","","
","16","1667848378682","Test.py","1.1.4 for 2021-2022 @t1","Delete",,,,,,
"File.Edit","","s","13","1667848378817","Test.py","1.1.4 for 2021-2022 @t1","Delete",,,,,,
"File.Edit","","l","12","1667848378922","Test.py","1.1.4 for 2021-2022 @t1","Delete",,,,,,
"File.Edit","","e","11","1667848379433","Test.py","1.1.4 for 2021-2022 @t1","Delete",,,,,,
"File.Edit","","i","10","1667848379464","Test.py","1.1.4 for 2021-2022 @t1","Delete",,,,,,
"File.Edit","","n","9","1667848379496","Test.py","1.1.4 for 2021-2022 @t1","Delete",,,,,,
"File.Edit","","a","8","1667848379532","Test.py","1.1.4 for 2021-2022 @t1","Delete",,,,,,
"File.Edit","","D","7","1667848379563","Test.py","1.1.4 for 2021-2022 @t1","Delete",,,,,,
"File.Edit",""," ","6","1667848379670","Test.py","1.1.4 for 2021-2022 @t1","Delete",,,,,,
"File.Edit","","e","5","1667848379692","Test.py","1.1.4 for 2021-2022 @t1","Delete",,,,,,
"File.Edit","","k","4","1667848379726","Test.py","1.1.4 for 2021-2022 @t1","Delete",,,,,,
"File.Edit","","a","3","1667848379762","Test.py","1.1.4 for 2021-2022 @t1","Delete",,,,,,
"File.Edit","","J","2","1667848379922","Test.py","1.1.4 for 2021-2022 @t1","Delete",,,,,,
"File.Edit",""," ","1","1667848380095","Test.py","1.1.4 for 2021-2022 @t1","Delete",,,,,,
"File.Edit","","#","0","1667848380196","Test.py","1.1.4 for 2021-2022 @t1","Delete",,,,,,
"File.Edit","","
","0","1667848383995","Test.py","1.1.4 for 2021-2022 @t1","Delete",,,,,,
"File.Edit","","
","0","1667848384123","Test.py","1.1.4 for 2021-2022 @t1","Delete",,,,,,
"File.Edit","","import numpy as np","0","1667848393068","Test.py","1.1.4 for 2021-2022 @t1","Delete",,,,,,
"File.Edit","","
","0","1667848396260","Test.py","1.1.4 for 2021-2022 @t1","Delete",,,,,,
"X-Copy","from Methods.vecAdd import vecAdd
from Methods.vecScalar import vecScalar
from Methods.vecSub import vecSub
from Methods.crossProduct import crossProduct
from Methods.dotProduct import dotProduct
from Methods.L1Norm import L1Norm
from Methods.L2Norm import L2Norm
from Methods.maxNorm import maxNorm
from Methods.tripleProduct import tripleProduct

def main():
    a = [1, 2, 3]
    b = [4, 5, 6]
    c = [7, 8, 9]
    v1 = vecAdd(a, b)
    v2 = vecSub(a, b)
    v3 = vecScalar(a, 2)
    v4 = crossProduct(a, b)
    v5 = dotProduct(a, b)
    v6 = L1Norm(a)
    v7 = L2Norm(a)
    v8 = maxNorm(a)
    v9 = tripleProduct(a, b, c)
    print(""v1 = "", v1)
    print(""v2 = "", v2)
    print(""v3 = "", v3)
    print(""v4 = "", v4)
    print(""v5 = "", v5)
    print(""v6 = "", v6)
    print(""v7 = "", v7)
    print(""v8 = "", v8)
    print(""v9 = "", v9)",,"0","1667848617567","Test.py","1.1.4 for 2021-2022 @t1",,"from Methods.vecAdd import vecAdd
from Methods.vecScalar import vecScalar
from Methods.vecSub import vecSub
from Methods.crossProduct import crossProduct
from Methods.dotProduct import dotProduct
from Methods.L1Norm import L1Norm
from Methods.L2Norm import L2Norm
from Methods.maxNorm import maxNorm
from Methods.tripleProduct import tripleProduct

def main():
    a = [1, 2, 3]
    b = [4, 5, 6]
    c = [7, 8, 9]
    v1 = vecAdd(a, b)
    v2 = vecSub(a, b)
    v3 = vecScalar(a, 2)
    v4 = crossProduct(a, b)
    v5 = dotProduct(a, b)
    v6 = L1Norm(a)
    v7 = L2Norm(a)
    v8 = maxNorm(a)
    v9 = tripleProduct(a, b, c)
    print(""v1 = "", v1)
    print(""v2 = "", v2)
    print(""v3 = "", v3)
    print(""v4 = "", v4)
    print(""v5 = "", v5)
    print(""v6 = "", v6)
    print(""v7 = "", v7)
    print(""v8 = "", v8)
    print(""v9 = "", v9)",,,,,
"Run.Program","Start",,,"1667848639292","Test.py","1.1.4 for 2021-2022 @t1",,"Start",,,,,
"Run.Program","Exit","0",,"1667848644211","Test.py","1.1.4 for 2021-2022 @t1",,"Start",,,,,
"File.Edit","    
","","835","1667848652483","Test.py","1.1.4 for 2021-2022 @t1","Insert",,,,,,
"File.Edit","    
","","840","1667848652934","Test.py","1.1.4 for 2021-2022 @t1","Insert",,,,,,
"File.Edit",""," ","843","1667848653317","Test.py","1.1.4 for 2021-2022 @t1","Delete",,,,,,
"File.Edit","","   ","840","1667848653319","Test.py","1.1.4 for 2021-2022 @t1","Delete",,,,,,
"File.Edit","","
","844","1667848653448","Test.py","1.1.4 for 2021-2022 @t1","Delete",,,,,,
"File.Edit","    
","","840","1667848654046","Test.py","1.1.4 for 2021-2022 @t1","Insert",,,,,,
"File.Edit",""," ","843","1667848654447","Test.py","1.1.4 for 2021-2022 @t1","Delete",,,,,,
"File.Edit","","   ","840","1667848654449","Test.py","1.1.4 for 2021-2022 @t1","Delete",,,,,,
"File.Edit","d","","840","1667848654871","Test.py","1.1.4 for 2021-2022 @t1","Insert",,,,,,
"X-Keystroke","d",,"841","1667848654871","Test.py","1.1.4 for 2021-2022 @t1",,"d",,,,,
"File.Edit"," ","","841","1667848654880","Test.py","1.1.4 for 2021-2022 @t1","Insert",,,,,,
"File.Edit","","d ","840","1667848655632","Test.py","1.1.4 for 2021-2022 @t1","Delete",,,,,,
"File.Edit","m","","840","1667848655801","Test.py","1.1.4 for 2021-2022 @t1","Insert",,,,,,
"X-Keystroke","m",,"841","1667848655801","Test.py","1.1.4 for 2021-2022 @t1",,"m",,,,,
"File.Edit"," ","","841","1667848655823","Test.py","1.1.4 for 2021-2022 @t1","Insert",,,,,,
"File.Edit",""," ","841","1667848655873","Test.py","1.1.4 for 2021-2022 @t1","Delete",,,,,,
"File.Edit","a","","841","1667848655874","Test.py","1.1.4 for 2021-2022 @t1","Insert",,,,,,
"X-Keystroke","a",,"842","1667848655874","Test.py","1.1.4 for 2021-2022 @t1",,"a",,,,,
"File.Edit"," ","","842","1667848655883","Test.py","1.1.4 for 2021-2022 @t1","Insert",,,,,,
"File.Edit",""," ","842","1667848655972","Test.py","1.1.4 for 2021-2022 @t1","Delete",,,,,,
"File.Edit","i","","842","1667848655973","Test.py","1.1.4 for 2021-2022 @t1","Insert",,,,,,
"X-Keystroke","i",,"843","1667848655981","Test.py","1.1.4 for 2021-2022 @t1",,"i",,,,,
"File.Edit","n","","843","1667848656055","Test.py","1.1.4 for 2021-2022 @t1","Insert",,,,,,
"X-Keystroke","n",,"844","1667848656101","Test.py","1.1.4 for 2021-2022 @t1",,"n",,,,,
"File.Edit","","main","840","1667848656649","Test.py","1.1.4 for 2021-2022 @t1","Delete",,,,,,
"File.Edit","if __name__ == '__main__':
    ","","840","1667848656716","Test.py","1.1.4 for 2021-2022 @t1","Insert",,,,,,
"File.Edit","","if __name__ == '__main__':
    ","840","1667848658019","Test.py","1.1.4 for 2021-2022 @t1","Delete",,,,,,
"File.Edit","main","","840","1667848658021","Test.py","1.1.4 for 2021-2022 @t1","Insert",,,,,,
"File.Edit","()","","844","1667848659358","Test.py","1.1.4 for 2021-2022 @t1","Insert",,,,,,
"File.Edit","","    ","835","1667848661433","Test.py","1.1.4 for 2021-2022 @t1","Delete",,,,,,
"Run.Program","Start",,,"1667848661551","Test.py","1.1.4 for 2021-2022 @t1",,"Start",,,,,
"Run.Program","Exit","0",,"1667848662004","Test.py","1.1.4 for 2021-2022 @t1",,"Start",,,,,
"Run.Program","Start",,,"1667848888339","Test.py","1.1.4 for 2021-2022 @t1",,"Start",,,,,
"Run.Program","Exit","0",,"1667848892187","Test.py","1.1.4 for 2021-2022 @t1",,"Start",,,,,
"File.Edit","","crossProduct(a, b)","493","1667848945697","Test.py","1.1.4 for 2021-2022 @t1","Delete",,,,,,
"File.Edit","L","","493","1667848945703","Test.py","1.1.4 for 2021-2022 @t1","Insert",,,,,,
"X-Keystroke","L",,"494","1667848945707","Test.py","1.1.4 for 2021-2022 @t1",,"L",,,,,
"File.Edit"," ","","494","1667848945739","Test.py","1.1.4 for 2021-2022 @t1","Insert",,,,,,
"File.Edit",""," ","494","1667848946411","Test.py","1.1.4 for 2021-2022 @t1","Delete",,,,,,
"File.Edit","1","","494","1667848946412","Test.py","1.1.4 for 2021-2022 @t1","Insert",,,,,,
"X-Keystroke","1",,"495","1667848946418","Test.py","1.1.4 for 2021-2022 @t1",,"1",,,,,
"File.Edit"," ","","495","1667848946633","Test.py","1.1.4 for 2021-2022 @t1","Insert",,,,,,
"X-Keystroke"," ",,"496","1667848946634","Test.py","1.1.4 for 2021-2022 @t1",," ",,,,,
"File.Edit","N","","496","1667848946783","Test.py","1.1.4 for 2021-2022 @t1","Insert",,,,,,
"X-Keystroke","N",,"497","1667848946786","Test.py","1.1.4 for 2021-2022 @t1",,"N",,,,,
"File.Edit"," ","","497","1667848946797","Test.py","1.1.4 for 2021-2022 @t1","Insert",,,,,,
"File.Edit","","N ","496","1667848947230","Test.py","1.1.4 for 2021-2022 @t1","Delete",,,,,,
"File.Edit",""," ","495","1667848947340","Test.py","1.1.4 for 2021-2022 @t1","Delete",,,,,,
"File.Edit","Norm(a)","","495","1667848948177","Test.py","1.1.4 for 2021-2022 @t1","Insert",,,,,,
"File.Edit","","dotProduct(a, b)","512","1667848951868","Test.py","1.1.4 for 2021-2022 @t1","Delete",,,,,,
"File.Edit","L","","512","1667848951875","Test.py","1.1.4 for 2021-2022 @t1","Insert",,,,,,
"X-Keystroke","L",,"513","1667848951879","Test.py","1.1.4 for 2021-2022 @t1",,"L",,,,,
"File.Edit","","Norm(a)","495","1667848951898","Test.py","1.1.4 for 2021-2022 @t1","Delete",,,,,,
"File.Edit",""," N ","495","1667848951898","Test.py","1.1.4 for 2021-2022 @t1","Delete",,,,,,
"File.Edit"," N ","","495","1667848951899","Test.py","1.1.4 for 2021-2022 @t1","Insert",,,,,,
"File.Edit","Norm(a)","","495","1667848951899","Test.py","1.1.4 for 2021-2022 @t1","Insert",,,,,,
"File.Edit"," ","","509","1667848951898","Test.py","1.1.4 for 2021-2022 @t1","Insert",,,,,,
"File.Edit",""," ","513","1667848952454","Test.py","1.1.4 for 2021-2022 @t1","Delete",,,,,,
"File.Edit","2","","513","1667848952455","Test.py","1.1.4 for 2021-2022 @t1","Insert",,,,,,
"X-Keystroke","2",,"514","1667848952477","Test.py","1.1.4 for 2021-2022 @t1",,"2",,,,,
"File.Edit","Norm","","514","1667848953288","Test.py","1.1.4 for 2021-2022 @t1","Insert",,,,,,
"File.Edit","(","","518","1667848953302","Test.py","1.1.4 for 2021-2022 @t1","Insert",,,,,,
"File.Edit",")","","519","1667848953304","Test.py","1.1.4 for 2021-2022 @t1","Insert",,,,,,
"File.Edit","a","","519","1667848954407","Test.py","1.1.4 for 2021-2022 @t1","Insert",,,,,,
"File.Edit","","L1Norm(a)","531","1667848956995","Test.py","1.1.4 for 2021-2022 @t1","Delete",,,,,,
"File.Edit","m","","531","1667848956995","Test.py","1.1.4 for 2021-2022 @t1","Insert",,,,,,
"X-Keystroke","m",,"532","1667848956999","Test.py","1.1.4 for 2021-2022 @t1",,"m",,,,,
"File.Edit","","2Norm(a)","513","1667848957024","Test.py","1.1.4 for 2021-2022 @t1","Delete",,,,,,
"File.Edit"," ","","513","1667848957025","Test.py","1.1.4 for 2021-2022 @t1","Insert",,,,,,
"File.Edit"," ","","525","1667848957024","Test.py","1.1.4 for 2021-2022 @t1","Insert",,,,,,
"File.Edit",""," ","513","1667848957024","Test.py","1.1.4 for 2021-2022 @t1","Delete",,,,,,
"File.Edit","2Norm(a)","","513","1667848957025","Test.py","1.1.4 for 2021-2022 @t1","Insert",,,,,,
"File.Edit",""," ","532","1667848957115","Test.py","1.1.4 for 2021-2022 @t1","Delete",,,,,,
"File.Edit","a","","532","1667848957116","Test.py","1.1.4 for 2021-2022 @t1","Insert",,,,,,
"X-Keystroke","a",,"533","1667848957124","Test.py","1.1.4 for 2021-2022 @t1",,"a",,,,,
"File.Edit","d","","533","1667848957247","Test.py","1.1.4 for 2021-2022 @t1","Insert",,,,,,
"X-Keystroke","d",,"534","1667848957273","Test.py","1.1.4 for 2021-2022 @t1",,"d",,,,,
"File.Edit","","d","533","1667848957803","Test.py","1.1.4 for 2021-2022 @t1","Delete",,,,,,
"File.Edit","x","","533","1667848957839","Test.py","1.1.4 for 2021-2022 @t1","Insert",,,,,,
"X-Keystroke","x",,"534","1667848957840","Test.py","1.1.4 for 2021-2022 @t1",,"x",,,,,
"File.Edit"," ","","534","1667848957848","Test.py","1.1.4 for 2021-2022 @t1","Insert",,,,,,
"File.Edit",""," ","534","1667848958819","Test.py","1.1.4 for 2021-2022 @t1","Delete",,,,,,
"File.Edit","N","","534","1667848958820","Test.py","1.1.4 for 2021-2022 @t1","Insert",,,,,,
"X-Keystroke","N",,"535","1667848958839","Test.py","1.1.4 for 2021-2022 @t1",,"N",,,,,
"File.Edit","o","","535","1667848959065","Test.py","1.1.4 for 2021-2022 @t1","Insert",,,,,,
"X-Keystroke","o",,"536","1667848959083","Test.py","1.1.4 for 2021-2022 @t1",,"o",,,,,
"File.Edit","r","","536","1667848959386","Test.py","1.1.4 for 2021-2022 @t1","Insert",,,,,,
"X-Keystroke","r",,"537","1667848959398","Test.py","1.1.4 for 2021-2022 @t1",,"r",,,,,
"File.Edit","m","","537","1667848959512","Test.py","1.1.4 for 2021-2022 @t1","Insert",,,,,,
"X-Keystroke","m",,"538","1667848959527","Test.py","1.1.4 for 2021-2022 @t1",,"m",,,,,
"File.Edit","(","","538","1667848959839","Test.py","1.1.4 for 2021-2022 @t1","Insert",,,,,,
"File.Edit",")","","539","1667848959840","Test.py","1.1.4 for 2021-2022 @t1","Insert",,,,,,
"File.Edit","a","","539","1667848961136","Test.py","1.1.4 for 2021-2022 @t1","Insert",,,,,,
"File.Edit","","maxNorm(a)","570","1667848965759","Test.py","1.1.4 for 2021-2022 @t1","Delete",,,,,,
"File.Edit","c","","570","1667848965761","Test.py","1.1.4 for 2021-2022 @t1","Insert",,,,,,
"X-Keystroke","c",,"571","1667848965763","Test.py","1.1.4 for 2021-2022 @t1",,"c",,,,,
"File.Edit","","Norm(a)","534","1667848965783","Test.py","1.1.4 for 2021-2022 @t1","Delete",,,,,,
"File.Edit"," ","","534","1667848965784","Test.py","1.1.4 for 2021-2022 @t1","Insert",,,,,,
"File.Edit"," ","","565","1667848965783","Test.py","1.1.4 for 2021-2022 @t1","Insert",,,,,,
"File.Edit",""," ","534","1667848965784","Test.py","1.1.4 for 2021-2022 @t1","Delete",,,,,,
"File.Edit","Norm(a)","","534","1667848965785","Test.py","1.1.4 for 2021-2022 @t1","Insert",,,,,,
"File.Edit",""," ","571","1667848965992","Test.py","1.1.4 for 2021-2022 @t1","Delete",,,,,,
"File.Edit","r","","571","1667848965993","Test.py","1.1.4 for 2021-2022 @t1","Insert",,,,,,
"X-Keystroke","r",,"572","1667848965999","Test.py","1.1.4 for 2021-2022 @t1",,"r",,,,,
"File.Edit","o","","572","1667848966328","Test.py","1.1.4 for 2021-2022 @t1","Insert",,,,,,
"X-Keystroke","o",,"573","1667848966348","Test.py","1.1.4 for 2021-2022 @t1",,"o",,,,,
"File.Edit","s","","573","1667848966442","Test.py","1.1.4 for 2021-2022 @t1","Insert",,,,,,
"X-Keystroke","s",,"574","1667848966464","Test.py","1.1.4 for 2021-2022 @t1",,"s",,,,,
"File.Edit","s","","574","1667848966583","Test.py","1.1.4 for 2021-2022 @t1","Insert",,,,,,
"X-Keystroke","s",,"575","1667848966598","Test.py","1.1.4 for 2021-2022 @t1",,"s",,,,,
"File.Edit","Product","","575","1667848966860","Test.py","1.1.4 for 2021-2022 @t1","Insert",,,,,,
"File.Edit","(","","582","1667848966869","Test.py","1.1.4 for 2021-2022 @t1","Insert",,,,,,
"File.Edit",")","","583","1667848966871","Test.py","1.1.4 for 2021-2022 @t1","Insert",,,,,,
"File.Edit","a, b","","583","1667848967631","Test.py","1.1.4 for 2021-2022 @t1","Insert",,,,,,
"File.Edit","","L2Norm(a)","551","1667848970560","Test.py","1.1.4 for 2021-2022 @t1","Delete",,,,,,
"File.Edit","d","","551","1667848970562","Test.py","1.1.4 for 2021-2022 @t1","Insert",,,,,,
"X-Keystroke","d",,"552","1667848970564","Test.py","1.1.4 for 2021-2022 @t1",,"d",,,,,
"File.Edit","","d","551","1667848970610","Test.py","1.1.4 for 2021-2022 @t1","Delete",,,,,,
"File.Edit","L2Norm(a)","","551","1667848970611","Test.py","1.1.4 for 2021-2022 @t1","Insert",,,,,,
"File.Edit","","L2Norm(a)","551","1667848970610","Test.py","1.1.4 for 2021-2022 @t1","Delete",,,,,,
"File.Edit","d ","","551","1667848970611","Test.py","1.1.4 for 2021-2022 @t1","Insert",,,,,,
"File.Edit",""," ","552","1667848970649","Test.py","1.1.4 for 2021-2022 @t1","Delete",,,,,,
"File.Edit","o","","552","1667848970650","Test.py","1.1.4 for 2021-2022 @t1","Insert",,,,,,
"X-Keystroke","o",,"553","1667848970650","Test.py","1.1.4 for 2021-2022 @t1",,"o",,,,,
"File.Edit"," ","","553","1667848970654","Test.py","1.1.4 for 2021-2022 @t1","Insert",,,,,,
"File.Edit",""," ","553","1667848970792","Test.py","1.1.4 for 2021-2022 @t1","Delete",,,,,,
"File.Edit","t","","553","1667848970793","Test.py","1.1.4 for 2021-2022 @t1","Insert",,,,,,
"X-Keystroke","t",,"554","1667848970797","Test.py","1.1.4 for 2021-2022 @t1",,"t",,,,,
"File.Edit","Product","","554","1667848971486","Test.py","1.1.4 for 2021-2022 @t1","Insert",,,,,,
"File.Edit","(","","561","1667848971493","Test.py","1.1.4 for 2021-2022 @t1","Insert",,,,,,
"File.Edit",")","","562","1667848971497","Test.py","1.1.4 for 2021-2022 @t1","Insert",,,,,,
"File.Edit","a, b","","562","1667848972181","Test.py","1.1.4 for 2021-2022 @t1","Insert",,,,,,
"Run.Program","Start",,,"1667848976226","Test.py","1.1.4 for 2021-2022 @t1",,"Start",,,,,
"Run.Program","Exit","0",,"1667848976618","Test.py","1.1.4 for 2021-2022 @t1",,"Start",,,,,
"File.Edit","
","","349","1667851281295","Test.py","1.1.4 for 2021-2022 @t1","Insert",,,,,,
"File.Edit","f","","348","1667851282394","Test.py","1.1.4 for 2021-2022 @t1","Insert",,,,,,
"X-Keystroke","f",,"349","1667851282397","Test.py","1.1.4 for 2021-2022 @t1",,"f",,,,,
"File.Edit"," ","","349","1667851282412","Test.py","1.1.4 for 2021-2022 @t1","Insert",,,,,,
"File.Edit",""," ","349","1667851282584","Test.py","1.1.4 for 2021-2022 @t1","Delete",,,,,,
"File.Edit","r","","349","1667851282585","Test.py","1.1.4 for 2021-2022 @t1","Insert",,,,,,
"X-Keystroke","r",,"350","1667851282591","Test.py","1.1.4 for 2021-2022 @t1",,"r",,,,,
"File.Edit","o","","350","1667851282666","Test.py","1.1.4 for 2021-2022 @t1","Insert",,,,,,
"X-Keystroke","o",,"351","1667851282679","Test.py","1.1.4 for 2021-2022 @t1",,"o",,,,,
"File.Edit","m","","351","1667851282754","Test.py","1.1.4 for 2021-2022 @t1","Insert",,,,,,
"X-Keystroke","m",,"352","1667851282791","Test.py","1.1.4 for 2021-2022 @t1",,"m",,,,,
"File.Edit"," ","","352","1667851282935","Test.py","1.1.4 for 2021-2022 @t1","Insert",,,,,,
"X-Keystroke"," ",,"353","1667851282938","Test.py","1.1.4 for 2021-2022 @t1",," ",,,,,
"File.Edit","M","","353","1667851284352","Test.py","1.1.4 for 2021-2022 @t1","Insert",,,,,,
"X-Keystroke","M",,"354","1667851284354","Test.py","1.1.4 for 2021-2022 @t1",,"M",,,,,
"File.Edit","e","","354","1667851284605","Test.py","1.1.4 for 2021-2022 @t1","Insert",,,,,,
"X-Keystroke","e",,"355","1667851284605","Test.py","1.1.4 for 2021-2022 @t1",,"e",,,,,
"File.Edit","t","","355","1667851284715","Test.py","1.1.4 for 2021-2022 @t1","Insert",,,,,,
"X-Keystroke","t",,"356","1667851284717","Test.py","1.1.4 for 2021-2022 @t1",,"t",,,,,
"File.Edit","h","","356","1667851284757","Test.py","1.1.4 for 2021-2022 @t1","Insert",,,,,,
"X-Keystroke","h",,"357","1667851284757","Test.py","1.1.4 for 2021-2022 @t1",,"h",,,,,
"File.Edit","o","","357","1667851284873","Test.py","1.1.4 for 2021-2022 @t1","Insert",,,,,,
"X-Keystroke","o",,"358","1667851284873","Test.py","1.1.4 for 2021-2022 @t1",,"o",,,,,
"File.Edit","d","","358","1667851284950","Test.py","1.1.4 for 2021-2022 @t1","Insert",,,,,,
"X-Keystroke","d",,"359","1667851284950","Test.py","1.1.4 for 2021-2022 @t1",,"d",,,,,
"File.Edit","s","","359","1667851285008","Test.py","1.1.4 for 2021-2022 @t1","Insert",,,,,,
"X-Keystroke","s",,"360","1667851285008","Test.py","1.1.4 for 2021-2022 @t1",,"s",,,,,
"File.Edit",".","","360","1667851285185","Test.py","1.1.4 for 2021-2022 @t1","Insert",,,,,,
"X-Keystroke",".",,"361","1667851285185","Test.py","1.1.4 for 2021-2022 @t1",,".",,,,,
"File.Edit","m","","361","1667851286236","Test.py","1.1.4 for 2021-2022 @t1","Insert",,,,,,
"X-Keystroke","m",,"362","1667851286243","Test.py","1.1.4 for 2021-2022 @t1",,"m",,,,,
"File.Edit"," ","","362","1667851286285","Test.py","1.1.4 for 2021-2022 @t1","Insert",,,,,,
"File.Edit",""," ","362","1667851286435","Test.py","1.1.4 for 2021-2022 @t1","Delete",,,,,,
"File.Edit","a","","362","1667851286436","Test.py","1.1.4 for 2021-2022 @t1","Insert",,,,,,
"X-Keystroke","a",,"363","1667851286442","Test.py","1.1.4 for 2021-2022 @t1",,"a",,,,,
"File.Edit","t","","363","1667851286560","Test.py","1.1.4 for 2021-2022 @t1","Insert",,,,,,
"X-Keystroke","t",,"364","1667851286582","Test.py","1.1.4 for 2021-2022 @t1",,"t",,,,,
"File.Edit","A","","364","1667851287591","Test.py","1.1.4 for 2021-2022 @t1","Insert",,,,,,
"X-Keystroke","A",,"365","1667851287613","Test.py","1.1.4 for 2021-2022 @t1",,"A",,,,,
"File.Edit","dd","","365","1667851288282","Test.py","1.1.4 for 2021-2022 @t1","Insert",,,,,,
"File.Edit"," import ","","367","1667851288290","Test.py","1.1.4 for 2021-2022 @t1","Insert",,,,,,
"File.Edit","matAdd","","375","1667851289087","Test.py","1.1.4 for 2021-2022 @t1","Insert",,,,,,
"File.Edit","
","","383","1667851289349","Test.py","1.1.4 for 2021-2022 @t1","Insert",,,,,,
"File.Edit","from Methods.matSub import matSub","","382","1667851290360","Test.py","1.1.4 for 2021-2022 @t1","Insert",,,,,,
"File.Edit","
","","417","1667851290576","Test.py","1.1.4 for 2021-2022 @t1","Insert",,,,,,
"File.Edit","f","","416","1667851292306","Test.py","1.1.4 for 2021-2022 @t1","Insert",,,,,,
"X-Keystroke","f",,"417","1667851292308","Test.py","1.1.4 for 2021-2022 @t1",,"f",,,,,
"File.Edit"," ","","417","1667851292327","Test.py","1.1.4 for 2021-2022 @t1","Insert",,,,,,
"File.Edit",""," ","417","1667851292485","Test.py","1.1.4 for 2021-2022 @t1","Delete",,,,,,
"File.Edit","r","","417","1667851292486","Test.py","1.1.4 for 2021-2022 @t1","Insert",,,,,,
"X-Keystroke","r",,"418","1667851292497","Test.py","1.1.4 for 2021-2022 @t1",,"r",,,,,
"File.Edit","o","","418","1667851292547","Test.py","1.1.4 for 2021-2022 @t1","Insert",,,,,,
"X-Keystroke","o",,"419","1667851292564","Test.py","1.1.4 for 2021-2022 @t1",,"o",,,,,
"File.Edit","m","","419","1667851292631","Test.py","1.1.4 for 2021-2022 @t1","Insert",,,,,,
"X-Keystroke","m",,"420","1667851292646","Test.py","1.1.4 for 2021-2022 @t1",,"m",,,,,
"File.Edit"," ","","420","1667851292787","Test.py","1.1.4 for 2021-2022 @t1","Insert",,,,,,
"X-Keystroke"," ",,"421","1667851292788","Test.py","1.1.4 for 2021-2022 @t1",," ",,,,,
"File.Edit","M","","421","1667851292913","Test.py","1.1.4 for 2021-2022 @t1","Insert",,,,,,
"X-Keystroke","M",,"422","1667851292916","Test.py","1.1.4 for 2021-2022 @t1",,"M",,,,,
"File.Edit"," ","","422","1667851292924","Test.py","1.1.4 for 2021-2022 @t1","Insert",,,,,,
"File.Edit",""," ","422","1667851293061","Test.py","1.1.4 for 2021-2022 @t1","Delete",,,,,,
"File.Edit","e","","422","1667851293062","Test.py","1.1.4 for 2021-2022 @t1","Insert",,,,,,
"X-Keystroke","e",,"423","1667851293079","Test.py","1.1.4 for 2021-2022 @t1",,"e",,,,,
"File.Edit","t","","423","1667851293123","Test.py","1.1.4 for 2021-2022 @t1","Insert",,,,,,
"X-Keystroke","t",,"424","1667851293134","Test.py","1.1.4 for 2021-2022 @t1",,"t",,,,,
"File.Edit","h","","424","1667851293202","Test.py","1.1.4 for 2021-2022 @t1","Insert",,,,,,
"X-Keystroke","h",,"425","1667851293210","Test.py","1.1.4 for 2021-2022 @t1",,"h",,,,,
"File.Edit","o","","425","1667851293285","Test.py","1.1.4 for 2021-2022 @t1","Insert",,,,,,
"X-Keystroke","o",,"426","1667851293289","Test.py","1.1.4 for 2021-2022 @t1",,"o",,,,,
"File.Edit","d","","426","1667851293406","Test.py","1.1.4 for 2021-2022 @t1","Insert",,,,,,
"X-Keystroke","d",,"427","1667851293421","Test.py","1.1.4 for 2021-2022 @t1",,"d",,,,,
"File.Edit","s","","427","1667851293467","Test.py","1.1.4 for 2021-2022 @t1","Insert",,,,,,
"X-Keystroke","s",,"428","1667851293492","Test.py","1.1.4 for 2021-2022 @t1",,"s",,,,,
"File.Edit",".","","428","1667851293602","Test.py","1.1.4 for 2021-2022 @t1","Insert",,,,,,
"X-Keystroke",".",,"429","1667851293603","Test.py","1.1.4 for 2021-2022 @t1",,".",,,,,
"File.Edit"," ","","429","1667851293613","Test.py","1.1.4 for 2021-2022 @t1","Insert",,,,,,
"File.Edit",""," ","429","1667851295346","Test.py","1.1.4 for 2021-2022 @t1","Delete",,,,,,
"File.Edit","m","","429","1667851295347","Test.py","1.1.4 for 2021-2022 @t1","Insert",,,,,,
"X-Keystroke","m",,"430","1667851295367","Test.py","1.1.4 for 2021-2022 @t1",,"m",,,,,
"File.Edit","a","","430","1667851295466","Test.py","1.1.4 for 2021-2022 @t1","Insert",,,,,,
"X-Keystroke","a",,"431","1667851295474","Test.py","1.1.4 for 2021-2022 @t1",,"a",,,,,
"File.Edit","t","","431","1667851295627","Test.py","1.1.4 for 2021-2022 @t1","Insert",,,,,,
"X-Keystroke","t",,"432","1667851295653","Test.py","1.1.4 for 2021-2022 @t1",,"t",,,,,
"File.Edit","p","","432","1667851295865","Test.py","1.1.4 for 2021-2022 @t1","Insert",,,,,,
"X-Keystroke","p",,"433","1667851295885","Test.py","1.1.4 for 2021-2022 @t1",,"p",,,,,
"File.Edit","","p","432","1667851296169","Test.py","1.1.4 for 2021-2022 @t1","Delete",,,,,,
"File.Edit","p","","432","1667851296763","Test.py","1.1.4 for 2021-2022 @t1","Insert",,,,,,
"X-Keystroke","p",,"433","1667851296776","Test.py","1.1.4 for 2021-2022 @t1",,"p",,,,,
"File.Edit","","p","432","1667851297418","Test.py","1.1.4 for 2021-2022 @t1","Delete",,,,,,
"File.Edit","Prod","","432","1667851297419","Test.py","1.1.4 for 2021-2022 @t1","Insert",,,,,,
"File.Edit"," import ","","436","1667851297430","Test.py","1.1.4 for 2021-2022 @t1","Insert",,,,,,
"File.Edit","matProd","","444","1667851298371","Test.py","1.1.4 for 2021-2022 @t1","Insert",,,,,,
"File.Edit","
","","453","1667851298609","Test.py","1.1.4 for 2021-2022 @t1","Insert",,,,,,
"File.Edit","f","","452","1667851300455","Test.py","1.1.4 for 2021-2022 @t1","Insert",,,,,,
"X-Keystroke","f",,"453","1667851300456","Test.py","1.1.4 for 2021-2022 @t1",,"f",,,,,
"File.Edit","r","","453","1667851300618","Test.py","1.1.4 for 2021-2022 @t1","Insert",,,,,,
"X-Keystroke","r",,"454","1667851300623","Test.py","1.1.4 for 2021-2022 @t1",,"r",,,,,
"File.Edit","o","","454","1667851300684","Test.py","1.1.4 for 2021-2022 @t1","Insert",,,,,,
"X-Keystroke","o",,"455","1667851300684","Test.py","1.1.4 for 2021-2022 @t1",,"o",,,,,
"File.Edit","m","","455","1667851300760","Test.py","1.1.4 for 2021-2022 @t1","Insert",,,,,,
"X-Keystroke","m",,"456","1667851300760","Test.py","1.1.4 for 2021-2022 @t1",,"m",,,,,
"File.Edit"," ","","456","1667851300908","Test.py","1.1.4 for 2021-2022 @t1","Insert",,,,,,
"X-Keystroke"," ",,"457","1667851300908","Test.py","1.1.4 for 2021-2022 @t1",," ",,,,,
"File.Edit","M","","457","1667851301256","Test.py","1.1.4 for 2021-2022 @t1","Insert",,,,,,
"X-Keystroke","M",,"458","1667851301258","Test.py","1.1.4 for 2021-2022 @t1",,"M",,,,,
"File.Edit","e","","458","1667851301568","Test.py","1.1.4 for 2021-2022 @t1","Insert",,,,,,
"X-Keystroke","e",,"459","1667851301569","Test.py","1.1.4 for 2021-2022 @t1",,"e",,,,,
"File.Edit","t","","459","1667851301627","Test.py","1.1.4 for 2021-2022 @t1","Insert",,,,,,
"X-Keystroke","t",,"460","1667851301629","Test.py","1.1.4 for 2021-2022 @t1",,"t",,,,,
"File.Edit","h","","460","1667851301737","Test.py","1.1.4 for 2021-2022 @t1","Insert",,,,,,
"X-Keystroke","h",,"461","1667851301738","Test.py","1.1.4 for 2021-2022 @t1",,"h",,,,,
"File.Edit","o","","461","1667851301852","Test.py","1.1.4 for 2021-2022 @t1","Insert",,,,,,
"X-Keystroke","o",,"462","1667851301852","Test.py","1.1.4 for 2021-2022 @t1",,"o",,,,,
"File.Edit","d","","462","1667851301961","Test.py","1.1.4 for 2021-2022 @t1","Insert",,,,,,
"X-Keystroke","d",,"463","1667851301967","Test.py","1.1.4 for 2021-2022 @t1",,"d",,,,,
"File.Edit","s","","463","1667851302037","Test.py","1.1.4 for 2021-2022 @t1","Insert",,,,,,
"X-Keystroke","s",,"464","1667851302039","Test.py","1.1.4 for 2021-2022 @t1",,"s",,,,,
"File.Edit",".","","464","1667851302167","Test.py","1.1.4 for 2021-2022 @t1","Insert",,,,,,
"X-Keystroke",".",,"465","1667851302168","Test.py","1.1.4 for 2021-2022 @t1",,".",,,,,
"File.Edit","m","","465","1667851303005","Test.py","1.1.4 for 2021-2022 @t1","Insert",,,,,,
"X-Keystroke","m",,"466","1667851303005","Test.py","1.1.4 for 2021-2022 @t1",,"m",,,,,
"File.Edit","a","","466","1667851303119","Test.py","1.1.4 for 2021-2022 @t1","Insert",,,,,,
"X-Keystroke","a",,"467","1667851303120","Test.py","1.1.4 for 2021-2022 @t1",,"a",,,,,
"File.Edit","t","","467","1667851303399","Test.py","1.1.4 for 2021-2022 @t1","Insert",,,,,,
"X-Keystroke","t",,"468","1667851303405","Test.py","1.1.4 for 2021-2022 @t1",,"t",,,,,
"File.Edit","v","","468","1667851303839","Test.py","1.1.4 for 2021-2022 @t1","Insert",,,,,,
"X-Keystroke","v",,"469","1667851303840","Test.py","1.1.4 for 2021-2022 @t1",,"v",,,,,
"File.Edit"," ","","469","1667851303846","Test.py","1.1.4 for 2021-2022 @t1","Insert",,,,,,
"File.Edit",""," ","469","1667851304015","Test.py","1.1.4 for 2021-2022 @t1","Delete",,,,,,
"File.Edit","e","","469","1667851304016","Test.py","1.1.4 for 2021-2022 @t1","Insert",,,,,,
"X-Keystroke","e",,"470","1667851304040","Test.py","1.1.4 for 2021-2022 @t1",,"e",,,,,
"File.Edit","c","","470","1667851304300","Test.py","1.1.4 for 2021-2022 @t1","Insert",,,,,,
"X-Keystroke","c",,"471","1667851304314","Test.py","1.1.4 for 2021-2022 @t1",,"c",,,,,
"File.Edit","","v","468","1667851304604","Test.py","1.1.4 for 2021-2022 @t1","Delete",,,,,,
"File.Edit","V","","468","1667851304605","Test.py","1.1.4 for 2021-2022 @t1","Insert",,,,,,
"File.Edit","Prod","","471","1667851304606","Test.py","1.1.4 for 2021-2022 @t1","Insert",,,,,,
"File.Edit"," import ","","475","1667851304616","Test.py","1.1.4 for 2021-2022 @t1","Insert",,,,,,
"File.Edit","matVecProd","","483","1667851305385","Test.py","1.1.4 for 2021-2022 @t1","Insert",,,,,,
"File.Edit","
    ","","980","1667851311665","Test.py","1.1.4 for 2021-2022 @t1","Insert",,,,,,
"File.Edit","
    ","","985","1667851312523","Test.py","1.1.4 for 2021-2022 @t1","Insert",,,,,,
"File.Edit",""," ","989","1667851312812","Test.py","1.1.4 for 2021-2022 @t1","Delete",,,,,,
"File.Edit","","   ","986","1667851312816","Test.py","1.1.4 for 2021-2022 @t1","Delete",,,,,,
"File.Edit","d","","986","1667851313201","Test.py","1.1.4 for 2021-2022 @t1","Insert",,,,,,
"X-Keystroke","d",,"987","1667851313202","Test.py","1.1.4 for 2021-2022 @t1",,"d",,,,,
"File.Edit","","VecProd import matVecProd","468","1667851313214","Test.py","1.1.4 for 2021-2022 @t1","Delete",,,,,,
"File.Edit","","v ","468","1667851313214","Test.py","1.1.4 for 2021-2022 @t1","Delete",,,,,,
"File.Edit","v ","","468","1667851313215","Test.py","1.1.4 for 2021-2022 @t1","Insert",,,,,,
"File.Edit","VecProd import matVecProd","","468","1667851313215","Test.py","1.1.4 for 2021-2022 @t1","Insert",,,,,,
"File.Edit","","","963","1667851313214","Test.py","1.1.4 for 2021-2022 @t1","BOTH",,,,,,
"File.Edit"," ","","964","1667851313215","Test.py","1.1.4 for 2021-2022 @t1","Insert",,,,,,
"File.Edit",""," ","987","1667851313374","Test.py","1.1.4 for 2021-2022 @t1","Delete",,,,,,
"File.Edit","e","","987","1667851313375","Test.py","1.1.4 for 2021-2022 @t1","Insert",,,,,,
"X-Keystroke","e",,"988","1667851313383","Test.py","1.1.4 for 2021-2022 @t1",,"e",,,,,
"File.Edit","f","","988","1667851313456","Test.py","1.1.4 for 2021-2022 @t1","Insert",,,,,,
"X-Keystroke","f",,"989","1667851313496","Test.py","1.1.4 for 2021-2022 @t1",,"f",,,,,
"File.Edit"," ","","989","1667851313957","Test.py","1.1.4 for 2021-2022 @t1","Insert",,,,,,
"X-Keystroke"," ",,"990","1667851313958","Test.py","1.1.4 for 2021-2022 @t1",," ",,,,,
"File.Edit","m","","990","1667851314707","Test.py","1.1.4 for 2021-2022 @t1","Insert",,,,,,
"X-Keystroke","m",,"991","1667851314709","Test.py","1.1.4 for 2021-2022 @t1",,"m",,,,,
"File.Edit"," ","","991","1667851314718","Test.py","1.1.4 for 2021-2022 @t1","Insert",,,,,,
"File.Edit",""," ","991","1667851314830","Test.py","1.1.4 for 2021-2022 @t1","Delete",,,,,,
"File.Edit","a","","991","1667851314831","Test.py","1.1.4 for 2021-2022 @t1","Insert",,,,,,
"X-Keystroke","a",,"992","1667851314837","Test.py","1.1.4 for 2021-2022 @t1",,"a",,,,,
"File.Edit","t","","992","1667851314964","Test.py","1.1.4 for 2021-2022 @t1","Insert",,,,,,
"X-Keystroke","t",,"993","1667851314964","Test.py","1.1.4 for 2021-2022 @t1",,"t",,,,,
"File.Edit","M","","993","1667851315283","Test.py","1.1.4 for 2021-2022 @t1","Insert",,,,,,
"X-Keystroke","M",,"994","1667851315284","Test.py","1.1.4 for 2021-2022 @t1",,"M",,,,,
"File.Edit","a","","994","1667851315560","Test.py","1.1.4 for 2021-2022 @t1","Insert",,,,,,
"X-Keystroke","a",,"995","1667851315566","Test.py","1.1.4 for 2021-2022 @t1",,"a",,,,,
"File.Edit","i","","995","1667851315647","Test.py","1.1.4 for 2021-2022 @t1","Insert",,,,,,
"X-Keystroke","i",,"996","1667851315653","Test.py","1.1.4 for 2021-2022 @t1",,"i",,,,,
"File.Edit","n","","996","1667851315704","Test.py","1.1.4 for 2021-2022 @t1","Insert",,,,,,
"X-Keystroke","n",,"997","1667851315705","Test.py","1.1.4 for 2021-2022 @t1",,"n",,,,,
"File.Edit","(","","997","1667851316470","Test.py","1.1.4 for 2021-2022 @t1","Insert",,,,,,
"File.Edit",")","","998","1667851316478","Test.py","1.1.4 for 2021-2022 @t1","Insert",,,,,,
"X-Keystroke","(",,"998","1667851316480","Test.py","1.1.4 for 2021-2022 @t1",,"(",,,,,
"X-Keystroke",")",,"999","1667851316771","Test.py","1.1.4 for 2021-2022 @t1",,")",,,,,
"File.Edit",":","","999","1667851317656","Test.py","1.1.4 for 2021-2022 @t1","Insert",,,,,,
"X-Keystroke",":",,"1000","1667851317658","Test.py","1.1.4 for 2021-2022 @t1",,":",,,,,
"File.Edit","
","","1002","1667851317991","Test.py","1.1.4 for 2021-2022 @t1","Insert",,,,,,
"File.Edit","    ","","1001","1667851317995","Test.py","1.1.4 for 2021-2022 @t1","Insert",,,,,,
"File.Edit","A","","1005","1667851319006","Test.py","1.1.4 for 2021-2022 @t1","Insert",,,,,,
"X-Keystroke","A",,"1006","1667851319008","Test.py","1.1.4 for 2021-2022 @t1",,"A",,,,,
"File.Edit"," ","","1006","1667851319068","Test.py","1.1.4 for 2021-2022 @t1","Insert",,,,,,
"File.Edit",""," ","1006","1667851320009","Test.py","1.1.4 for 2021-2022 @t1","Delete",,,,,,
"File.Edit"," ","","1006","1667851320031","Test.py","1.1.4 for 2021-2022 @t1","Insert",,,,,,
"X-Keystroke"," ",,"1007","1667851320033","Test.py","1.1.4 for 2021-2022 @t1",," ",,,,,
"File.Edit","=","","1007","1667851320145","Test.py","1.1.4 for 2021-2022 @t1","Insert",,,,,,
"X-Keystroke","=",,"1008","1667851320145","Test.py","1.1.4 for 2021-2022 @t1",,"=",,,,,
"File.Edit"," ","","1008","1667851320261","Test.py","1.1.4 for 2021-2022 @t1","Insert",,,,,,
"X-Keystroke"," ",,"1009","1667851320264","Test.py","1.1.4 for 2021-2022 @t1",," ",,,,,
"File.Edit","[[1, 2, 3], [4, 5, 6], [7, 8, 9]]","","1009","1667851322833","Test.py","1.1.4 for 2021-2022 @t1","Insert",,,,,,
"File.Edit","
    ","","1042","1667851323667","Test.py","1.1.4 for 2021-2022 @t1","Insert",,,,,,
"File.Edit","B = [[1, 2, 3], [4, 5, 6], [7, 8, 9]]","","1047","1667851343366","Test.py","1.1.4 for 2021-2022 @t1","Insert",,,,,,
"File.Edit","","1","1053","1667851346987","Test.py","1.1.4 for 2021-2022 @t1","Delete",,,,,,
"File.Edit","3","","1053","1667851347087","Test.py","1.1.4 for 2021-2022 @t1","Insert",,,,,,
"X-Keystroke","3",,"1054","1667851347089","Test.py","1.1.4 for 2021-2022 @t1",,"3",,,,,
"File.Edit","","3","1059","1667851348682","Test.py","1.1.4 for 2021-2022 @t1","Delete",,,,,,
"File.Edit","1","","1059","1667851348758","Test.py","1.1.4 for 2021-2022 @t1","Insert",,,,,,
"X-Keystroke","1",,"1060","1667851348758","Test.py","1.1.4 for 2021-2022 @t1",,"1",,,,,
"File.Edit","","4","1064","1667851350153","Test.py","1.1.4 for 2021-2022 @t1","Delete",,,,,,
"File.Edit","6","","1064","1667851350271","Test.py","1.1.4 for 2021-2022 @t1","Insert",,,,,,
"X-Keystroke","6",,"1065","1667851350273","Test.py","1.1.4 for 2021-2022 @t1",,"6",,,,,
"File.Edit","","6","1070","1667851351743","Test.py","1.1.4 for 2021-2022 @t1","Delete",,,,,,
"File.Edit","4","","1070","1667851351867","Test.py","1.1.4 for 2021-2022 @t1","Insert",,,,,,
"X-Keystroke","4",,"1071","1667851351867","Test.py","1.1.4 for 2021-2022 @t1",,"4",,,,,
"File.Edit","","7","1075","1667851353566","Test.py","1.1.4 for 2021-2022 @t1","Delete",,,,,,
"File.Edit","9","","1075","1667851353681","Test.py","1.1.4 for 2021-2022 @t1","Insert",,,,,,
"X-Keystroke","9",,"1076","1667851353681","Test.py","1.1.4 for 2021-2022 @t1",,"9",,,,,
"File.Edit","","9","1081","1667851355173","Test.py","1.1.4 for 2021-2022 @t1","Delete",,,,,,
"File.Edit","7","","1081","1667851355706","Test.py","1.1.4 for 2021-2022 @t1","Insert",,,,,,
"X-Keystroke","7",,"1082","1667851355706","Test.py","1.1.4 for 2021-2022 @t1",,"7",,,,,
"File.Edit","
    ","","1084","1667851359863","Test.py","1.1.4 for 2021-2022 @t1","Insert",,,,,,
"File.Edit","a","","1089","1667851360119","Test.py","1.1.4 for 2021-2022 @t1","Insert",,,,,,
"X-Keystroke","a",,"1090","1667851360119","Test.py","1.1.4 for 2021-2022 @t1",,"a",,,,,
"File.Edit"," ","","1090","1667851360133","Test.py","1.1.4 for 2021-2022 @t1","Insert",,,,,,
"File.Edit",""," ","1090","1667851360552","Test.py","1.1.4 for 2021-2022 @t1","Delete",,,,,,
"File.Edit"," ","","1090","1667851360575","Test.py","1.1.4 for 2021-2022 @t1","Insert",,,,,,
"X-Keystroke"," ",,"1091","1667851360576","Test.py","1.1.4 for 2021-2022 @t1",," ",,,,,
"File.Edit","= [1, 2, 3]","","1091","1667851362347","Test.py","1.1.4 for 2021-2022 @t1","Insert",,,,,,
"File.Edit","
    ","","1102","1667851363148","Test.py","1.1.4 for 2021-2022 @t1","Insert",,,,,,
"File.Edit","A","","1107","1667851367851","Test.py","1.1.4 for 2021-2022 @t1","Insert",,,,,,
"X-Keystroke","A",,"1108","1667851367851","Test.py","1.1.4 for 2021-2022 @t1",,"A",,,,,
"File.Edit"," ","","1108","1667851367869","Test.py","1.1.4 for 2021-2022 @t1","Insert",,,,,,
"File.Edit",""," ","1108","1667851368206","Test.py","1.1.4 for 2021-2022 @t1","Delete",,,,,,
"File.Edit","1","","1108","1667851368207","Test.py","1.1.4 for 2021-2022 @t1","Insert",,,,,,
"X-Keystroke","1",,"1109","1667851368248","Test.py","1.1.4 for 2021-2022 @t1",,"1",,,,,
"File.Edit"," ","","1109","1667851368738","Test.py","1.1.4 for 2021-2022 @t1","Insert",,,,,,
"X-Keystroke"," ",,"1110","1667851368738","Test.py","1.1.4 for 2021-2022 @t1",," ",,,,,
"File.Edit","= matAdd(A, B)","","1110","1667851369754","Test.py","1.1.4 for 2021-2022 @t1","Insert",,,,,,
"File.Edit","
    ","","1124","1667851370027","Test.py","1.1.4 for 2021-2022 @t1","Insert",,,,,,
"File.Edit","A2 = matSub(A, B)","","1129","1667851370965","Test.py","1.1.4 for 2021-2022 @t1","Insert",,,,,,
"File.Edit","
    ","","1146","1667851371339","Test.py","1.1.4 for 2021-2022 @t1","Insert",,,,,,
"File.Edit","A","","1151","1667851373741","Test.py","1.1.4 for 2021-2022 @t1","Insert",,,,,,
"X-Keystroke","A",,"1152","1667851373741","Test.py","1.1.4 for 2021-2022 @t1",,"A",,,,,
"File.Edit"," ","","1152","1667851374354","Test.py","1.1.4 for 2021-2022 @t1","Insert",,,,,,
"X-Keystroke"," ",,"1153","1667851374358","Test.py","1.1.4 for 2021-2022 @t1",," ",,,,,
"File.Edit","3","","1153","1667851374601","Test.py","1.1.4 for 2021-2022 @t1","Insert",,,,,,
"X-Keystroke","3",,"1154","1667851374601","Test.py","1.1.4 for 2021-2022 @t1",,"3",,,,,
"File.Edit","","3","1153","1667851374910","Test.py","1.1.4 for 2021-2022 @t1","Delete",,,,,,
"File.Edit",""," ","1152","1667851375042","Test.py","1.1.4 for 2021-2022 @t1","Delete",,,,,,
"File.Edit","3","","1152","1667851375113","Test.py","1.1.4 for 2021-2022 @t1","Insert",,,,,,
"X-Keystroke","3",,"1153","1667851375116","Test.py","1.1.4 for 2021-2022 @t1",,"3",,,,,
"File.Edit"," ","","1153","1667851375621","Test.py","1.1.4 for 2021-2022 @t1","Insert",,,,,,
"X-Keystroke"," ",,"1154","1667851375626","Test.py","1.1.4 for 2021-2022 @t1",," ",,,,,
"File.Edit","=","","1154","1667851376245","Test.py","1.1.4 for 2021-2022 @t1","Insert",,,,,,
"X-Keystroke","=",,"1155","1667851376245","Test.py","1.1.4 for 2021-2022 @t1",,"=",,,,,
"File.Edit"," ","","1155","1667851376490","Test.py","1.1.4 for 2021-2022 @t1","Insert",,,,,,
"X-Keystroke"," ",,"1156","1667851376498","Test.py","1.1.4 for 2021-2022 @t1",," ",,,,,
"File.Edit","m","","1156","1667851376801","Test.py","1.1.4 for 2021-2022 @t1","Insert",,,,,,
"X-Keystroke","m",,"1157","1667851376801","Test.py","1.1.4 for 2021-2022 @t1",,"m",,,,,
"File.Edit","a","","1157","1667851376937","Test.py","1.1.4 for 2021-2022 @t1","Insert",,,,,,
"X-Keystroke","a",,"1158","1667851376939","Test.py","1.1.4 for 2021-2022 @t1",,"a",,,,,
"File.Edit","t","","1158","1667851377086","Test.py","1.1.4 for 2021-2022 @t1","Insert",,,,,,
"X-Keystroke","t",,"1159","1667851377086","Test.py","1.1.4 for 2021-2022 @t1",,"t",,,,,
"File.Edit","V","","1159","1667851378092","Test.py","1.1.4 for 2021-2022 @t1","Insert",,,,,,
"X-Keystroke","V",,"1160","1667851378095","Test.py","1.1.4 for 2021-2022 @t1",,"V",,,,,
"File.Edit"," ","","1160","1667851378154","Test.py","1.1.4 for 2021-2022 @t1","Insert",,,,,,
"File.Edit",""," ","1160","1667851378472","Test.py","1.1.4 for 2021-2022 @t1","Delete",,,,,,
"File.Edit","e","","1160","1667851378473","Test.py","1.1.4 for 2021-2022 @t1","Insert",,,,,,
"X-Keystroke","e",,"1161","1667851378489","Test.py","1.1.4 for 2021-2022 @t1",,"e",,,,,
"File.Edit","c","","1161","1667851378758","Test.py","1.1.4 for 2021-2022 @t1","Insert",,,,,,
"X-Keystroke","c",,"1162","1667851378773","Test.py","1.1.4 for 2021-2022 @t1",,"c",,,,,
"File.Edit","Prod","","1162","1667851379081","Test.py","1.1.4 for 2021-2022 @t1","Insert",,,,,,
"File.Edit","(","","1166","1667851379091","Test.py","1.1.4 for 2021-2022 @t1","Insert",,,,,,
"File.Edit",")","","1167","1667851379093","Test.py","1.1.4 for 2021-2022 @t1","Insert",,,,,,
"File.Edit","A, a","","1167","1667851380211","Test.py","1.1.4 for 2021-2022 @t1","Insert",,,,,,
"File.Edit","
    ","","1172","1667851381204","Test.py","1.1.4 for 2021-2022 @t1","Insert",,,,,,
"File.Edit","A4 = matProd(A, B)","","1177","1667851382724","Test.py","1.1.4 for 2021-2022 @t1","Insert",,,,,,
"File.Edit","m","","1197","1667851386510","Test.py","1.1.4 for 2021-2022 @t1","Insert",,,,,,
"X-Keystroke","m",,"1198","1667851386514","Test.py","1.1.4 for 2021-2022 @t1",,"m",,,,,
"File.Edit"," ","","1198","1667851386547","Test.py","1.1.4 for 2021-2022 @t1","Insert",,,,,,
"File.Edit",""," ","1198","1667851386678","Test.py","1.1.4 for 2021-2022 @t1","Delete",,,,,,
"File.Edit","a","","1198","1667851386679","Test.py","1.1.4 for 2021-2022 @t1","Insert",,,,,,
"X-Keystroke","a",,"1199","1667851386688","Test.py","1.1.4 for 2021-2022 @t1",,"a",,,,,
"File.Edit","t","","1199","1667851386786","Test.py","1.1.4 for 2021-2022 @t1","Insert",,,,,,
"X-Keystroke","t",,"1200","1667851386792","Test.py","1.1.4 for 2021-2022 @t1",,"t",,,,,
"File.Edit","","m","1200","1667851388155","Test.py","1.1.4 for 2021-2022 @t1","Delete",,,,,,
"File.Edit","M","","1200","1667851389009","Test.py","1.1.4 for 2021-2022 @t1","Insert",,,,,,
"X-Keystroke","M",,"1201","1667851389029","Test.py","1.1.4 for 2021-2022 @t1",,"M",,,,,
"File.Edit","
    ","","1195","1667851393640","Test.py","1.1.4 for 2021-2022 @t1","Insert",,,,,,
"File.Edit","p","","1200","1667851394039","Test.py","1.1.4 for 2021-2022 @t1","Insert",,,,,,
"X-Keystroke","p",,"1201","1667851394041","Test.py","1.1.4 for 2021-2022 @t1",,"p",,,,,
"File.Edit"," ","","1201","1667851394050","Test.py","1.1.4 for 2021-2022 @t1","Insert",,,,,,
"File.Edit",""," ","1201","1667851394215","Test.py","1.1.4 for 2021-2022 @t1","Delete",,,,,,
"File.Edit","r","","1201","1667851394216","Test.py","1.1.4 for 2021-2022 @t1","Insert",,,,,,
"X-Keystroke","r",,"1202","1667851394223","Test.py","1.1.4 for 2021-2022 @t1",,"r",,,,,
"File.Edit","i","","1202","1667851394309","Test.py","1.1.4 for 2021-2022 @t1","Insert",,,,,,
"X-Keystroke","i",,"1203","1667851394321","Test.py","1.1.4 for 2021-2022 @t1",,"i",,,,,
"File.Edit","n","","1203","1667851394403","Test.py","1.1.4 for 2021-2022 @t1","Insert",,,,,,
"X-Keystroke","n",,"1204","1667851394420","Test.py","1.1.4 for 2021-2022 @t1",,"n",,,,,
"File.Edit","t","","1204","1667851394473","Test.py","1.1.4 for 2021-2022 @t1","Insert",,,,,,
"X-Keystroke","t",,"1205","1667851394480","Test.py","1.1.4 for 2021-2022 @t1",,"t",,,,,
"File.Edit","(","","1205","1667851400068","Test.py","1.1.4 for 2021-2022 @t1","Insert",,,,,,
"File.Edit",")","","1206","1667851400071","Test.py","1.1.4 for 2021-2022 @t1","Insert",,,,,,
"X-Keystroke","(",,"1206","1667851400072","Test.py","1.1.4 for 2021-2022 @t1",,"(",,,,,
"File.Edit","""A1 = "", A1","","1206","1667851401281","Test.py","1.1.4 for 2021-2022 @t1","Insert",,,,,,
"File.Edit","
    ","","1218","1667851401621","Test.py","1.1.4 for 2021-2022 @t1","Insert",,,,,,
"File.Edit","print(""A2 = "", A2)","","1223","1667851402320","Test.py","1.1.4 for 2021-2022 @t1","Insert",,,,,,
"File.Edit","
    ","","1241","1667851402696","Test.py","1.1.4 for 2021-2022 @t1","Insert",,,,,,
"File.Edit","print(""A3 = "", A3)","","1246","1667851403359","Test.py","1.1.4 for 2021-2022 @t1","Insert",,,,,,
"File.Edit","
    ","","1264","1667851403934","Test.py","1.1.4 for 2021-2022 @t1","Insert",,,,,,
"File.Edit","print(""A4 = "", A4)","","1269","1667851404660","Test.py","1.1.4 for 2021-2022 @t1","Insert",,,,,,
"File.Edit","","    ","981","1667851417502","Test.py","1.1.4 for 2021-2022 @t1","Delete",,,,,,
"Run.Program","Start",,,"1667851417574","Test.py","1.1.4 for 2021-2022 @t1",,"Start",,,,,
"Run.Program","Exit","0",,"1667851425147","Test.py","1.1.4 for 2021-2022 @t1",,"Start",,,,,
"X-Copy","def matMain():
    A = [[1, 2, 3], [4, 5, 6], [7, 8, 9]]
    B = [[3, 2, 1], [6, 5, 4], [9, 8, 7]]
    a = [1, 2, 3]
    A1 = matAdd(A, B)
    A2 = matSub(A, B)
    A3 = matVecProd(A, a)
    A4 = matProd(A, B)
    print(""A1 = "", A1)
    print(""A2 = "", A2)
    print(""A3 = "", A3)
    print(""A4 = "", A4)

matMain()",,"982","1667851538850","Test.py","1.1.4 for 2021-2022 @t1",,"def matMain():
    A = [[1, 2, 3], [4, 5, 6], [7, 8, 9]]
    B = [[3, 2, 1], [6, 5, 4], [9, 8, 7]]
    a = [1, 2, 3]
    A1 = matAdd(A, B)
    A2 = matSub(A, B)
    A3 = matVecProd(A, a)
    A4 = matProd(A, B)
    print(""A1 = "", A1)
    print(""A2 = "", A2)
    print(""A3 = "", A3)
    print(""A4 = "", A4)

matMain()",,,,,
"X-Action","Outside edit","","","1668019815233","vecScalar.py","1.1.4 for 2021-2022 @t1",,"Outside Edit",,,,,
"X-Action","Outside edit","","","1668019815334","vecNorm1.py","1.1.4 for 2021-2022 @t1",,"Outside Edit",,,,,
"X-Action","Outside edit","","","1668019815778","Test.py","1.1.4 for 2021-2022 @t1",,"Outside Edit",,,,,
"File.Edit","","from Methods.vecAdd import vecAdd
from Methods.vecScalar import vecScalar
from Methods.vecSub import vecSub
from Methods.crossProduct import crossProduct
from Methods.dotProduct import dotProduct
from Methods.L1Norm import L1Norm
from Methods.L2Norm import L2Norm
from Methods. axNorm import maxNorm
from Methods.tripleProduct import tripleProduct
from Methods.matAdd import matAdd
from Methods.matSub import matSub
from Methods.matProd import matProd
from Methods.matVecProd import matVecProdv def main():
    a = [1, 2, 3]
     b = [4, 5, 6]    c = [7, 8, 9]

   v1 = vecAdd(a, b)
    v2 = vecSub(a, b)
    v3 = vecScalar(a, 2)
    v4 = L1Norm(a) N   v5  = 2Norm(a)
    v6 = maxNorm(a)
    v7 = dotProduct(a, b)
    v8 = crossProduct(a, b)
    v9 = tripleProduct(a, b, c)
    print(""v1 = "", v1)
    print(""v2 = "", v2)
    print(""v3 = "", v3)
    print(""v4 = "", v4)
    print(""v5 = "", v5)
    print(""v6 = "", v6)
    print(""v7 = "", v7)
    print(""v8 = "", v8)
    pr int(""v9 = "", v9) 
ef matMain():
    A = [[1, 2, 3], [4, 5, 6], [7, 8, 9]]
    B = [[3, 2, 1], [6, 5, 4], [9, 8, 7]]
    a = [1, 2, 3]
    A1 = matAdd(A, B)
    A2 = matSub(A, B)
    A3 = matVecProd(A, a)
    A4 = matProd(A, B)
    print(""A1 = "", A1)
    print(""A2 = "", A2)
    print(""A3 = "", A3)
    print(""A4 = "", A4)

matMain()




","0","1668019815779","Test.py","1.1.4 for 2021-2022 @t1","Delete",,,,,,
"File.Edit","from Methods.vecAdd import vecAdd
from Methods.vecScalar import vecScalar
from Methods.vecSub import vecSub
from Methods.crossProduct import crossProduct
from Methods.dotProduct import dotProduct
from Methods.L1Norm import L1Norm
from Methods.L2Norm import L2Norm
from Methods.maxNorm import maxNorm
from Methods.tripleProduct import tripleProduct
from Methods.matAdd import matAdd
from Methods.matSub import matSub
from Methods.matProd import matProd
from Methods.matVecProd import matVecProd

def main():
    a = [1, 2, 3]
    b = [4, 5, 6]
    c = [7, 8, 9]
    v1 = vecAdd(a, b)
    v2 = vecSub(a, b)
    v3 = vecScalar(a, 2)
    v4 = L1Norm(a)
    v5 = L2Norm(a)
    v6 = maxNorm(a)
    v7 = dotProduct(a, b)
    v8 = crossProduct(a, b)
    v9 = tripleProduct(a, b, c)
    print(""v1 = "", v1)
    print(""v2 = "", v2)
    print(""v3 = "", v3)
    print(""v4 = "", v4)
    print(""v5 = "", v5)
    print(""v6 = "", v6)
    print(""v7 = "", v7)
    print(""v8 = "", v8)
    print(""v9 = "", v9)

def matMain():
    A = [[1, 2, 3], [4, 5, 6], [7, 8, 9]]
    B = [[3, 2, 1], [6, 5, 4], [9, 8, 7]]
    a = [1, 2, 3]
    A1 = matAdd(A, B)
    A2 = matSub(A, B)
    A3 = matVecProd(A, a)
    A4 = matProd(A, B)
    print(""A1 = "", A1)
    print(""A2 = "", A2)
    print(""A3 = "", A3)
    print(""A4 = "", A4)

matMain()




","","0","1668019815779","Test.py","1.1.4 for 2021-2022 @t1","Insert",,,,,,
"X-Action","Outside edit","","","1668019816004","vecScalar.py","1.1.4 for 2021-2022 @t1",,"Outside Edit",,,,,
"X-Action","Outside edit","","","1668019816254","matProd.py","1.1.4 for 2021-2022 @t1",,"Outside Edit",,,,,
"X-Action","ShowYourWork Init","","","1668019816379",,"1.1.4 for 2021-2022 @t1",,"Init",,,,,
"X-Copy","a = [1, 2, 3]
    b = [4, 5, 6]
    c = [7, 8, 9]
    v1 = vecAdd(a, b)
    v2 = vecSub(a, b)
    v3 = vecScalar(a, 2)
    v4 = L1Norm(a)
    v5 = L2Norm(a)
    v6 = maxNorm(a)
    v7 = dotProduct(a, b)
    v8 = crossProduct(a, b)
    v9 = tripleProduct(a, b, c)",,"511","1668019822952","Test.py","1.1.4 for 2021-2022 @t1",,"a = [1, 2, 3]
    b = [4, 5, 6]
    c = [7, 8, 9]
    v1 = vecAdd(a, b)
    v2 = vecSub(a, b)
    v3 = vecScalar(a, 2)
    v4 = L1Norm(a)
    v5 = L2Norm(a)
    v6 = maxNorm(a)
    v7 = dotProduct(a, b)
    v8 = crossProduct(a, b)
    v9 = tripleProduct(a, b, c)",,,,,
