/Methods/newtons.py
/Root Finding Problem.py
/.idea/.gitignore
/Methods/secant.py
/Methods/newtHybrid.py
/Methods/bisect.py
/Methods/secantHybrid.py
/Second Derivative.py
/Methods/Second Derivative.py
/Data Fitting.py
/Explicit Euler.py
hon_stubs/-624978923/matplotlib/__init__.py
/Methods/testing.py
/Methods/Data Fitting.py
/testing.py
/Methods/dataFitting.py
/secondDerivative.py
/explicitEuler.py
/Methods/secondDerivative.py
/Methods/newt.py
/Methods/implicitEuler.py
/logisticEqn.py
/Methods/explicitEuler.py
/eApprox.py
