"a","Outside edit","","","1663004949820",".gitignore","1.1.1 for 2021-2022 @t1","1"
"a","Outside edit","","","1663004949821","function.py","1.1.1 for 2021-2022 @t1","1"
"a","Outside edit","","","1663004949821","Fixed Point Iteration.py","1.1.1 for 2021-2022 @t1","1"
"e","","No Phanon history found: C:/Users/jdsoc/OneDrive - USU/Fundamentals of Computational Math/showyourwork/showyourwork.log Player unable to render
","0","1663004949821","Fixed Point Iteration.py","1.1.1 for 2021-2022 @t1","1"
"e","","","0","1663004949821","Fixed Point Iteration.py","1.1.1 for 2021-2022 @t1","1"
"a","Outside edit","","","1663004949821","Root Finding Problem.py","1.1.1 for 2021-2022 @t1","1"
"e","","No Phanon history found: C:/Users/jdsoc/OneDrive - USU/Fundamentals of Computational Math/showyourwork/showyourwork.log Player unable to render
","0","1663004949821","Root Finding Problem.py","1.1.1 for 2021-2022 @t1","1"
"e","","","0","1663004949821","Root Finding Problem.py","1.1.1 for 2021-2022 @t1","1"
"a","Outside edit","","","1663004949822","Functional Iteration.py","1.1.1 for 2021-2022 @t1","1"
"a","Outside edit","","","1663004949823","FnIter.py","1.1.1 for 2021-2022 @t1","1"
"a","Outside edit","","","1663004949823","fnIter.py","1.1.1 for 2021-2022 @t1","1"
"a","Outside edit","","","1663004949823","bisect.py","1.1.1 for 2021-2022 @t1","1"
"a","ShowYourWork Init","","","000","ShowYourWork Init","1.1.1 for 2021-2022 @t1","0"
"e","# Jake Daniels
# CS1400 - 001
# Assignment ??","","0","2073661","Root Finding Problem.py","1.1.1 for 2021-2022 @t1","0"
"e","
","","45","2073826","Root Finding Problem.py","1.1.1 for 2021-2022 @t1","0"
"a","Paste",,,"2076377","Root Finding Problem.py","1.1.1 for 2021-2022 @t1","0"
"p","# Jake Daniels
# MATH 4610

from Modules.fnIter import functionalIteration

functionalIteration()",,"0","2076383","Root Finding Problem.py","1.1.1 for 2021-2022 @t1","0"
"e","","CS1400 - 001
# Assignment ??","17","2076389","Root Finding Problem.py","1.1.1 for 2021-2022 @t1","0"
"e","MATH 4610

from Modules.fnIter import functionalIteration

functionalIteration()","","17","2076390","Root Finding Problem.py","1.1.1 for 2021-2022 @t1","0"
"a","Create Python script fnIter",,,"2085741","Root Finding Problem.py","1.1.1 for 2021-2022 @t1","0"
"a","Reformat",,,"2085887","Root Finding Problem.py","1.1.1 for 2021-2022 @t1","0"
"a","EditorChange",,,"2089588","Root Finding Problem.py","1.1.1 for 2021-2022 @t1","0"
"e","
","","76","2687576","Root Finding Problem.py","1.1.1 for 2021-2022 @t1","0"
"e","f","","75","2688612","Root Finding Problem.py","1.1.1 for 2021-2022 @t1","0"
"k","f",,"76","2688613","Root Finding Problem.py","1.1.1 for 2021-2022 @t1","0"
"e"," ","","76","2688619","Root Finding Problem.py","1.1.1 for 2021-2022 @t1","0"
"e",""," ","76","2688783","Root Finding Problem.py","1.1.1 for 2021-2022 @t1","0"
"e","r","","76","2688784","Root Finding Problem.py","1.1.1 for 2021-2022 @t1","0"
"k","r",,"77","2688798","Root Finding Problem.py","1.1.1 for 2021-2022 @t1","0"
"e","o","","77","2688845","Root Finding Problem.py","1.1.1 for 2021-2022 @t1","0"
"k","o",,"78","2688859","Root Finding Problem.py","1.1.1 for 2021-2022 @t1","0"
"e","m","","78","2688885","Root Finding Problem.py","1.1.1 for 2021-2022 @t1","0"
"k","m",,"79","2688897","Root Finding Problem.py","1.1.1 for 2021-2022 @t1","0"
"e"," ","","79","2689127","Root Finding Problem.py","1.1.1 for 2021-2022 @t1","0"
"k"," ",,"80","2689127","Root Finding Problem.py","1.1.1 for 2021-2022 @t1","0"
"e","M","","80","2689360","Root Finding Problem.py","1.1.1 for 2021-2022 @t1","0"
"k","M",,"81","2689360","Root Finding Problem.py","1.1.1 for 2021-2022 @t1","0"
"e"," ","","81","2689371","Root Finding Problem.py","1.1.1 for 2021-2022 @t1","0"
"e",""," ","81","2689595","Root Finding Problem.py","1.1.1 for 2021-2022 @t1","0"
"e","o","","81","2689596","Root Finding Problem.py","1.1.1 for 2021-2022 @t1","0"
"k","o",,"82","2689607","Root Finding Problem.py","1.1.1 for 2021-2022 @t1","0"
"e","d","","82","2689700","Root Finding Problem.py","1.1.1 for 2021-2022 @t1","0"
"k","d",,"83","2689709","Root Finding Problem.py","1.1.1 for 2021-2022 @t1","0"
"e","u","","83","2689853","Root Finding Problem.py","1.1.1 for 2021-2022 @t1","0"
"k","u",,"84","2689867","Root Finding Problem.py","1.1.1 for 2021-2022 @t1","0"
"e","l","","84","2690154","Root Finding Problem.py","1.1.1 for 2021-2022 @t1","0"
"k","l",,"85","2690164","Root Finding Problem.py","1.1.1 for 2021-2022 @t1","0"
"e","e","","85","2690244","Root Finding Problem.py","1.1.1 for 2021-2022 @t1","0"
"k","e",,"86","2690254","Root Finding Problem.py","1.1.1 for 2021-2022 @t1","0"
"e","s","","86","2690315","Root Finding Problem.py","1.1.1 for 2021-2022 @t1","0"
"k","s",,"87","2690328","Root Finding Problem.py","1.1.1 for 2021-2022 @t1","0"
"e",".","","87","2690496","Root Finding Problem.py","1.1.1 for 2021-2022 @t1","0"
"k",".",,"88","2690497","Root Finding Problem.py","1.1.1 for 2021-2022 @t1","0"
"e"," ","","88","2690511","Root Finding Problem.py","1.1.1 for 2021-2022 @t1","0"
"e",""," ","88","2691446","Root Finding Problem.py","1.1.1 for 2021-2022 @t1","0"
"e","b","","88","2691447","Root Finding Problem.py","1.1.1 for 2021-2022 @t1","0"
"k","b",,"89","2691456","Root Finding Problem.py","1.1.1 for 2021-2022 @t1","0"
"e","i","","89","2691581","Root Finding Problem.py","1.1.1 for 2021-2022 @t1","0"
"k","i",,"90","2691592","Root Finding Problem.py","1.1.1 for 2021-2022 @t1","0"
"e","s","","90","2691653","Root Finding Problem.py","1.1.1 for 2021-2022 @t1","0"
"k","s",,"91","2691661","Root Finding Problem.py","1.1.1 for 2021-2022 @t1","0"
"e","e","","91","2691784","Root Finding Problem.py","1.1.1 for 2021-2022 @t1","0"
"k","e",,"92","2691790","Root Finding Problem.py","1.1.1 for 2021-2022 @t1","0"
"e","c","","92","2691940","Root Finding Problem.py","1.1.1 for 2021-2022 @t1","0"
"k","c",,"93","2691952","Root Finding Problem.py","1.1.1 for 2021-2022 @t1","0"
"e","t","","93","2692186","Root Finding Problem.py","1.1.1 for 2021-2022 @t1","0"
"k","t",,"94","2692200","Root Finding Problem.py","1.1.1 for 2021-2022 @t1","0"
"e"," import ","","94","2692650","Root Finding Problem.py","1.1.1 for 2021-2022 @t1","0"
"e","b","","102","2694989","Root Finding Problem.py","1.1.1 for 2021-2022 @t1","0"
"k","b",,"103","2694991","Root Finding Problem.py","1.1.1 for 2021-2022 @t1","0"
"e"," ","","103","2695003","Root Finding Problem.py","1.1.1 for 2021-2022 @t1","0"
"e",""," ","103","2695204","Root Finding Problem.py","1.1.1 for 2021-2022 @t1","0"
"e","i","","103","2695205","Root Finding Problem.py","1.1.1 for 2021-2022 @t1","0"
"k","i",,"104","2695214","Root Finding Problem.py","1.1.1 for 2021-2022 @t1","0"
"e","s","","104","2695327","Root Finding Problem.py","1.1.1 for 2021-2022 @t1","0"
"k","s",,"105","2695334","Root Finding Problem.py","1.1.1 for 2021-2022 @t1","0"
"e","e","","105","2695501","Root Finding Problem.py","1.1.1 for 2021-2022 @t1","0"
"k","e",,"106","2695513","Root Finding Problem.py","1.1.1 for 2021-2022 @t1","0"
"e","c","","106","2695730","Root Finding Problem.py","1.1.1 for 2021-2022 @t1","0"
"k","c",,"107","2695735","Root Finding Problem.py","1.1.1 for 2021-2022 @t1","0"
"e","tMethod","","107","2696213","Root Finding Problem.py","1.1.1 for 2021-2022 @t1","0"
"e","
","","116","2701005","Root Finding Problem.py","1.1.1 for 2021-2022 @t1","0"
"e","e","","116","2701390","Root Finding Problem.py","1.1.1 for 2021-2022 @t1","0"
"k","e",,"117","2701390","Root Finding Problem.py","1.1.1 for 2021-2022 @t1","0"
"e"," ","","117","2701395","Root Finding Problem.py","1.1.1 for 2021-2022 @t1","0"
"e",""," ","117","2701547","Root Finding Problem.py","1.1.1 for 2021-2022 @t1","0"
"e","v","","117","2701548","Root Finding Problem.py","1.1.1 for 2021-2022 @t1","0"
"k","v",,"118","2701555","Root Finding Problem.py","1.1.1 for 2021-2022 @t1","0"
"e","a","","118","2701598","Root Finding Problem.py","1.1.1 for 2021-2022 @t1","0"
"k","a",,"119","2701604","Root Finding Problem.py","1.1.1 for 2021-2022 @t1","0"
"e","l","","119","2701695","Root Finding Problem.py","1.1.1 for 2021-2022 @t1","0"
"k","l",,"120","2701709","Root Finding Problem.py","1.1.1 for 2021-2022 @t1","0"
"e","","l","119","2702386","Root Finding Problem.py","1.1.1 for 2021-2022 @t1","0"
"e","","a","118","2702507","Root Finding Problem.py","1.1.1 for 2021-2022 @t1","0"
"e","","v","117","2702645","Root Finding Problem.py","1.1.1 for 2021-2022 @t1","0"
"e","","e","116","2702759","Root Finding Problem.py","1.1.1 for 2021-2022 @t1","0"
"e","n","","116","2703450","Root Finding Problem.py","1.1.1 for 2021-2022 @t1","0"
"k","n",,"117","2703450","Root Finding Problem.py","1.1.1 for 2021-2022 @t1","0"
"e"," ","","117","2703455","Root Finding Problem.py","1.1.1 for 2021-2022 @t1","0"
"e",""," ","117","2703586","Root Finding Problem.py","1.1.1 for 2021-2022 @t1","0"
"e","u","","117","2703587","Root Finding Problem.py","1.1.1 for 2021-2022 @t1","0"
"k","u",,"118","2703594","Root Finding Problem.py","1.1.1 for 2021-2022 @t1","0"
"e","m","","118","2703766","Root Finding Problem.py","1.1.1 for 2021-2022 @t1","0"
"k","m",,"119","2703776","Root Finding Problem.py","1.1.1 for 2021-2022 @t1","0"
"e"," ","","119","2704068","Root Finding Problem.py","1.1.1 for 2021-2022 @t1","0"
"k"," ",,"120","2704068","Root Finding Problem.py","1.1.1 for 2021-2022 @t1","0"
"e","=","","120","2704689","Root Finding Problem.py","1.1.1 for 2021-2022 @t1","0"
"k","=",,"121","2704690","Root Finding Problem.py","1.1.1 for 2021-2022 @t1","0"
"e"," ","","121","2704950","Root Finding Problem.py","1.1.1 for 2021-2022 @t1","0"
"k"," ",,"122","2704950","Root Finding Problem.py","1.1.1 for 2021-2022 @t1","0"
"e","e","","122","2705129","Root Finding Problem.py","1.1.1 for 2021-2022 @t1","0"
"k","e",,"123","2705132","Root Finding Problem.py","1.1.1 for 2021-2022 @t1","0"
"e"," ","","123","2705140","Root Finding Problem.py","1.1.1 for 2021-2022 @t1","0"
"e",""," ","123","2705276","Root Finding Problem.py","1.1.1 for 2021-2022 @t1","0"
"e","v","","123","2705277","Root Finding Problem.py","1.1.1 for 2021-2022 @t1","0"
"k","v",,"124","2705285","Root Finding Problem.py","1.1.1 for 2021-2022 @t1","0"
"e","a","","124","2705338","Root Finding Problem.py","1.1.1 for 2021-2022 @t1","0"
"k","a",,"125","2705343","Root Finding Problem.py","1.1.1 for 2021-2022 @t1","0"
"e","l","","125","2705447","Root Finding Problem.py","1.1.1 for 2021-2022 @t1","0"
"k","l",,"126","2705451","Root Finding Problem.py","1.1.1 for 2021-2022 @t1","0"
"e","(","","126","2706438","Root Finding Problem.py","1.1.1 for 2021-2022 @t1","0"
"e",")","","127","2706440","Root Finding Problem.py","1.1.1 for 2021-2022 @t1","0"
"k","(",,"127","2706441","Root Finding Problem.py","1.1.1 for 2021-2022 @t1","0"
"e","I","","127","2706657","Root Finding Problem.py","1.1.1 for 2021-2022 @t1","0"
"k","I",,"128","2706658","Root Finding Problem.py","1.1.1 for 2021-2022 @t1","0"
"e"," ","","128","2706669","Root Finding Problem.py","1.1.1 for 2021-2022 @t1","0"
"e",""," ","128","2706870","Root Finding Problem.py","1.1.1 for 2021-2022 @t1","0"
"e","n","","128","2706871","Root Finding Problem.py","1.1.1 for 2021-2022 @t1","0"
"k","n",,"129","2706879","Root Finding Problem.py","1.1.1 for 2021-2022 @t1","0"
"e","p","","129","2706955","Root Finding Problem.py","1.1.1 for 2021-2022 @t1","0"
"k","p",,"130","2706972","Root Finding Problem.py","1.1.1 for 2021-2022 @t1","0"
"e","u","","130","2707051","Root Finding Problem.py","1.1.1 for 2021-2022 @t1","0"
"k","u",,"131","2707051","Root Finding Problem.py","1.1.1 for 2021-2022 @t1","0"
"e","t","","131","2707138","Root Finding Problem.py","1.1.1 for 2021-2022 @t1","0"
"k","t",,"132","2707138","Root Finding Problem.py","1.1.1 for 2021-2022 @t1","0"
"e","","t","131","2707758","Root Finding Problem.py","1.1.1 for 2021-2022 @t1","0"
"e","","u","130","2707893","Root Finding Problem.py","1.1.1 for 2021-2022 @t1","0"
"e","","p","129","2708032","Root Finding Problem.py","1.1.1 for 2021-2022 @t1","0"
"e","","n","128","2708162","Root Finding Problem.py","1.1.1 for 2021-2022 @t1","0"
"e","","I","127","2708266","Root Finding Problem.py","1.1.1 for 2021-2022 @t1","0"
"e","i","","127","2708471","Root Finding Problem.py","1.1.1 for 2021-2022 @t1","0"
"k","i",,"128","2708472","Root Finding Problem.py","1.1.1 for 2021-2022 @t1","0"
"e"," ","","128","2708476","Root Finding Problem.py","1.1.1 for 2021-2022 @t1","0"
"e",""," ","128","2708566","Root Finding Problem.py","1.1.1 for 2021-2022 @t1","0"
"e","n","","128","2708567","Root Finding Problem.py","1.1.1 for 2021-2022 @t1","0"
"k","n",,"129","2708573","Root Finding Problem.py","1.1.1 for 2021-2022 @t1","0"
"e","p","","129","2708658","Root Finding Problem.py","1.1.1 for 2021-2022 @t1","0"
"k","p",,"130","2708664","Root Finding Problem.py","1.1.1 for 2021-2022 @t1","0"
"e","u","","130","2708756","Root Finding Problem.py","1.1.1 for 2021-2022 @t1","0"
"k","u",,"131","2708766","Root Finding Problem.py","1.1.1 for 2021-2022 @t1","0"
"e","t","","131","2708836","Root Finding Problem.py","1.1.1 for 2021-2022 @t1","0"
"k","t",,"132","2708841","Root Finding Problem.py","1.1.1 for 2021-2022 @t1","0"
"e","(","","132","2709337","Root Finding Problem.py","1.1.1 for 2021-2022 @t1","0"
"e",")","","134","2709337","Root Finding Problem.py","1.1.1 for 2021-2022 @t1","0"
"k","(",,"133","2709337","Root Finding Problem.py","1.1.1 for 2021-2022 @t1","0"
"e","""","","133","2709795","Root Finding Problem.py","1.1.1 for 2021-2022 @t1","0"
"e","""","","134","2709795","Root Finding Problem.py","1.1.1 for 2021-2022 @t1","0"
"k","""",,"134","2709795","Root Finding Problem.py","1.1.1 for 2021-2022 @t1","0"
"e","W","","134","2710517","Root Finding Problem.py","1.1.1 for 2021-2022 @t1","0"
"k","W",,"135","2710518","Root Finding Problem.py","1.1.1 for 2021-2022 @t1","0"
"e"," ","","135","2710525","Root Finding Problem.py","1.1.1 for 2021-2022 @t1","0"
"e",""," ","135","2710742","Root Finding Problem.py","1.1.1 for 2021-2022 @t1","0"
"e","h","","135","2710743","Root Finding Problem.py","1.1.1 for 2021-2022 @t1","0"
"k","h",,"136","2710742","Root Finding Problem.py","1.1.1 for 2021-2022 @t1","0"
"e","a","","136","2710830","Root Finding Problem.py","1.1.1 for 2021-2022 @t1","0"
"k","a",,"137","2710830","Root Finding Problem.py","1.1.1 for 2021-2022 @t1","0"
"e","t","","137","2710900","Root Finding Problem.py","1.1.1 for 2021-2022 @t1","0"
"k","t",,"138","2710900","Root Finding Problem.py","1.1.1 for 2021-2022 @t1","0"
"e"," ","","138","2712039","Root Finding Problem.py","1.1.1 for 2021-2022 @t1","0"
"k"," ",,"139","2712039","Root Finding Problem.py","1.1.1 for 2021-2022 @t1","0"
"e","
","","116","2764875","Root Finding Problem.py","1.1.1 for 2021-2022 @t1","0"
"p","print(""Menu"")
        print(""\t1) Meet Orbian Family"")
        print(""\t2) Compare Orbians"")",,"116","2765833","Root Finding Problem.py","1.1.1 for 2021-2022 @t1","0"
"e","print(""Menu"")
        print(""\t1) Meet Orbian Family"")
        print(""\t2) Compare Orbians"")","","116","2765833","Root Finding Problem.py","1.1.1 for 2021-2022 @t1","0"
"e",""," ","137","2769522","Root Finding Problem.py","1.1.1 for 2021-2022 @t1","0"
"e","","   ","134","2769526","Root Finding Problem.py","1.1.1 for 2021-2022 @t1","0"
"e",""," ","133","2770403","Root Finding Problem.py","1.1.1 for 2021-2022 @t1","0"
"e","","   ","130","2770404","Root Finding Problem.py","1.1.1 for 2021-2022 @t1","0"
"e",""," ","170","2772159","Root Finding Problem.py","1.1.1 for 2021-2022 @t1","0"
"e","","   ","167","2772160","Root Finding Problem.py","1.1.1 for 2021-2022 @t1","0"
"e",""," ","166","2772324","Root Finding Problem.py","1.1.1 for 2021-2022 @t1","0"
"e","","   ","163","2772326","Root Finding Problem.py","1.1.1 for 2021-2022 @t1","0"
"e","","u","126","2775223","Root Finding Problem.py","1.1.1 for 2021-2022 @t1","0"
"e","","n","125","2775340","Root Finding Problem.py","1.1.1 for 2021-2022 @t1","0"
"e","t","","125","2775424","Root Finding Problem.py","1.1.1 for 2021-2022 @t1","0"
"k","t",,"126","2775425","Root Finding Problem.py","1.1.1 for 2021-2022 @t1","0"
"e"," ","","126","2775435","Root Finding Problem.py","1.1.1 for 2021-2022 @t1","0"
"e",""," ","126","2775517","Root Finding Problem.py","1.1.1 for 2021-2022 @t1","0"
"e","h","","126","2775518","Root Finding Problem.py","1.1.1 for 2021-2022 @t1","0"
"k","h",,"127","2775517","Root Finding Problem.py","1.1.1 for 2021-2022 @t1","0"
"e","o","","127","2775625","Root Finding Problem.py","1.1.1 for 2021-2022 @t1","0"
"k","o",,"128","2775625","Root Finding Problem.py","1.1.1 for 2021-2022 @t1","0"
"e","d","","128","2775672","Root Finding Problem.py","1.1.1 for 2021-2022 @t1","0"
"k","d",,"129","2775673","Root Finding Problem.py","1.1.1 for 2021-2022 @t1","0"
"e","s","","129","2775724","Root Finding Problem.py","1.1.1 for 2021-2022 @t1","0"
"k","s",,"130","2775724","Root Finding Problem.py","1.1.1 for 2021-2022 @t1","0"
"e","","Meet Orbian Family","145","2779451","Root Finding Problem.py","1.1.1 for 2021-2022 @t1","0"
"e","F","","145","2779453","Root Finding Problem.py","1.1.1 for 2021-2022 @t1","0"
"k","F",,"146","2779453","Root Finding Problem.py","1.1.1 for 2021-2022 @t1","0"
"e","","hods","126","2779480","Root Finding Problem.py","1.1.1 for 2021-2022 @t1","0"
"e"," ","","126","2779481","Root Finding Problem.py","1.1.1 for 2021-2022 @t1","0"
"e"," ","","143","2779480","Root Finding Problem.py","1.1.1 for 2021-2022 @t1","0"
"e",""," ","126","2779480","Root Finding Problem.py","1.1.1 for 2021-2022 @t1","0"
"e","hods","","126","2779481","Root Finding Problem.py","1.1.1 for 2021-2022 @t1","0"
"e",""," ","146","2779598","Root Finding Problem.py","1.1.1 for 2021-2022 @t1","0"
"e","u","","146","2779599","Root Finding Problem.py","1.1.1 for 2021-2022 @t1","0"
"k","u",,"147","2779598","Root Finding Problem.py","1.1.1 for 2021-2022 @t1","0"
"e","n","","147","2779774","Root Finding Problem.py","1.1.1 for 2021-2022 @t1","0"
"k","n",,"148","2779774","Root Finding Problem.py","1.1.1 for 2021-2022 @t1","0"
"e","c","","148","2780156","Root Finding Problem.py","1.1.1 for 2021-2022 @t1","0"
"k","c",,"149","2780156","Root Finding Problem.py","1.1.1 for 2021-2022 @t1","0"
"e","t","","149","2780394","Root Finding Problem.py","1.1.1 for 2021-2022 @t1","0"
"k","t",,"150","2780394","Root Finding Problem.py","1.1.1 for 2021-2022 @t1","0"
"e","i","","150","2780475","Root Finding Problem.py","1.1.1 for 2021-2022 @t1","0"
"k","i",,"151","2780475","Root Finding Problem.py","1.1.1 for 2021-2022 @t1","0"
"e","","i","150","2781506","Root Finding Problem.py","1.1.1 for 2021-2022 @t1","0"
"e","","t","149","2781645","Root Finding Problem.py","1.1.1 for 2021-2022 @t1","0"
"e","","c","148","2781770","Root Finding Problem.py","1.1.1 for 2021-2022 @t1","0"
"e","","n","147","2781906","Root Finding Problem.py","1.1.1 for 2021-2022 @t1","0"
"e","","u","146","2782013","Root Finding Problem.py","1.1.1 for 2021-2022 @t1","0"
"e","i","","146","2782171","Root Finding Problem.py","1.1.1 for 2021-2022 @t1","0"
"k","i",,"147","2782172","Root Finding Problem.py","1.1.1 for 2021-2022 @t1","0"
"e"," ","","147","2782207","Root Finding Problem.py","1.1.1 for 2021-2022 @t1","0"
"e",""," ","147","2782238","Root Finding Problem.py","1.1.1 for 2021-2022 @t1","0"
"e","x","","147","2782239","Root Finding Problem.py","1.1.1 for 2021-2022 @t1","0"
"k","x",,"148","2782238","Root Finding Problem.py","1.1.1 for 2021-2022 @t1","0"
"e","e","","148","2782413","Root Finding Problem.py","1.1.1 for 2021-2022 @t1","0"
"k","e",,"149","2782413","Root Finding Problem.py","1.1.1 for 2021-2022 @t1","0"
"e","d","","149","2782615","Root Finding Problem.py","1.1.1 for 2021-2022 @t1","0"
"k","d",,"150","2782618","Root Finding Problem.py","1.1.1 for 2021-2022 @t1","0"
"e"," ","","150","2782898","Root Finding Problem.py","1.1.1 for 2021-2022 @t1","0"
"k"," ",,"151","2782899","Root Finding Problem.py","1.1.1 for 2021-2022 @t1","0"
"e","P","","151","2783078","Root Finding Problem.py","1.1.1 for 2021-2022 @t1","0"
"k","P",,"152","2783080","Root Finding Problem.py","1.1.1 for 2021-2022 @t1","0"
"e"," ","","152","2783101","Root Finding Problem.py","1.1.1 for 2021-2022 @t1","0"
"e",""," ","152","2783254","Root Finding Problem.py","1.1.1 for 2021-2022 @t1","0"
"e","o","","152","2783255","Root Finding Problem.py","1.1.1 for 2021-2022 @t1","0"
"k","o",,"153","2783256","Root Finding Problem.py","1.1.1 for 2021-2022 @t1","0"
"e","i","","153","2783379","Root Finding Problem.py","1.1.1 for 2021-2022 @t1","0"
"k","i",,"154","2783380","Root Finding Problem.py","1.1.1 for 2021-2022 @t1","0"
"e","n","","154","2783510","Root Finding Problem.py","1.1.1 for 2021-2022 @t1","0"
"k","n",,"155","2783511","Root Finding Problem.py","1.1.1 for 2021-2022 @t1","0"
"e","t","","155","2783549","Root Finding Problem.py","1.1.1 for 2021-2022 @t1","0"
"k","t",,"156","2783549","Root Finding Problem.py","1.1.1 for 2021-2022 @t1","0"
"e"," ","","156","2783678","Root Finding Problem.py","1.1.1 for 2021-2022 @t1","0"
"k"," ",,"157","2783680","Root Finding Problem.py","1.1.1 for 2021-2022 @t1","0"
"e","I","","157","2783824","Root Finding Problem.py","1.1.1 for 2021-2022 @t1","0"
"k","I",,"158","2783828","Root Finding Problem.py","1.1.1 for 2021-2022 @t1","0"
"e"," ","","158","2783858","Root Finding Problem.py","1.1.1 for 2021-2022 @t1","0"
"e",""," ","158","2783958","Root Finding Problem.py","1.1.1 for 2021-2022 @t1","0"
"e","t","","158","2783959","Root Finding Problem.py","1.1.1 for 2021-2022 @t1","0"
"k","t",,"159","2783961","Root Finding Problem.py","1.1.1 for 2021-2022 @t1","0"
"e","e","","159","2784040","Root Finding Problem.py","1.1.1 for 2021-2022 @t1","0"
"k","e",,"160","2784040","Root Finding Problem.py","1.1.1 for 2021-2022 @t1","0"
"e","r","","160","2784129","Root Finding Problem.py","1.1.1 for 2021-2022 @t1","0"
"k","r",,"161","2784129","Root Finding Problem.py","1.1.1 for 2021-2022 @t1","0"
"e","a","","161","2784228","Root Finding Problem.py","1.1.1 for 2021-2022 @t1","0"
"k","a",,"162","2784229","Root Finding Problem.py","1.1.1 for 2021-2022 @t1","0"
"e","t","","162","2784333","Root Finding Problem.py","1.1.1 for 2021-2022 @t1","0"
"k","t",,"163","2784334","Root Finding Problem.py","1.1.1 for 2021-2022 @t1","0"
"e","i","","163","2784426","Root Finding Problem.py","1.1.1 for 2021-2022 @t1","0"
"k","i",,"164","2784426","Root Finding Problem.py","1.1.1 for 2021-2022 @t1","0"
"e","o","","164","2784473","Root Finding Problem.py","1.1.1 for 2021-2022 @t1","0"
"k","o",,"165","2784473","Root Finding Problem.py","1.1.1 for 2021-2022 @t1","0"
"e","n","","165","2784575","Root Finding Problem.py","1.1.1 for 2021-2022 @t1","0"
"k","n",,"166","2784578","Root Finding Problem.py","1.1.1 for 2021-2022 @t1","0"
"e","","ompare Orbians","182","2788263","Root Finding Problem.py","1.1.1 for 2021-2022 @t1","0"
"e","B","","182","2788507","Root Finding Problem.py","1.1.1 for 2021-2022 @t1","0"
"k","B",,"183","2788508","Root Finding Problem.py","1.1.1 for 2021-2022 @t1","0"
"e","","teration","158","2788555","Root Finding Problem.py","1.1.1 for 2021-2022 @t1","0"
"e"," ","","158","2788556","Root Finding Problem.py","1.1.1 for 2021-2022 @t1","0"
"e"," ","","176","2788555","Root Finding Problem.py","1.1.1 for 2021-2022 @t1","0"
"e",""," ","158","2788555","Root Finding Problem.py","1.1.1 for 2021-2022 @t1","0"
"e","teration","","158","2788556","Root Finding Problem.py","1.1.1 for 2021-2022 @t1","0"
"e","","B ","182","2788863","Root Finding Problem.py","1.1.1 for 2021-2022 @t1","0"
"e","","C","181","2788979","Root Finding Problem.py","1.1.1 for 2021-2022 @t1","0"
"e","B","","181","2789148","Root Finding Problem.py","1.1.1 for 2021-2022 @t1","0"
"k","B",,"182","2789149","Root Finding Problem.py","1.1.1 for 2021-2022 @t1","0"
"e"," ","","182","2789180","Root Finding Problem.py","1.1.1 for 2021-2022 @t1","0"
"e",""," ","182","2789233","Root Finding Problem.py","1.1.1 for 2021-2022 @t1","0"
"e","i","","182","2789234","Root Finding Problem.py","1.1.1 for 2021-2022 @t1","0"
"k","i",,"183","2789233","Root Finding Problem.py","1.1.1 for 2021-2022 @t1","0"
"e","s","","183","2789443","Root Finding Problem.py","1.1.1 for 2021-2022 @t1","0"
"k","s",,"184","2789446","Root Finding Problem.py","1.1.1 for 2021-2022 @t1","0"
"e","e","","184","2789517","Root Finding Problem.py","1.1.1 for 2021-2022 @t1","0"
"k","e",,"185","2789518","Root Finding Problem.py","1.1.1 for 2021-2022 @t1","0"
"e","c","","185","2789727","Root Finding Problem.py","1.1.1 for 2021-2022 @t1","0"
"k","c",,"186","2789727","Root Finding Problem.py","1.1.1 for 2021-2022 @t1","0"
"e","t","","186","2789936","Root Finding Problem.py","1.1.1 for 2021-2022 @t1","0"
"k","t",,"187","2789936","Root Finding Problem.py","1.1.1 for 2021-2022 @t1","0"
"e"," ","","187","2790016","Root Finding Problem.py","1.1.1 for 2021-2022 @t1","0"
"k"," ",,"188","2790019","Root Finding Problem.py","1.1.1 for 2021-2022 @t1","0"
"e","M","","188","2790217","Root Finding Problem.py","1.1.1 for 2021-2022 @t1","0"
"k","M",,"189","2790217","Root Finding Problem.py","1.1.1 for 2021-2022 @t1","0"
"e"," ","","189","2790258","Root Finding Problem.py","1.1.1 for 2021-2022 @t1","0"
"e",""," ","189","2790352","Root Finding Problem.py","1.1.1 for 2021-2022 @t1","0"
"e","e","","189","2790353","Root Finding Problem.py","1.1.1 for 2021-2022 @t1","0"
"k","e",,"190","2790353","Root Finding Problem.py","1.1.1 for 2021-2022 @t1","0"
"e","t","","190","2790445","Root Finding Problem.py","1.1.1 for 2021-2022 @t1","0"
"k","t",,"191","2790445","Root Finding Problem.py","1.1.1 for 2021-2022 @t1","0"
"e","h","","191","2790509","Root Finding Problem.py","1.1.1 for 2021-2022 @t1","0"
"k","h",,"192","2790510","Root Finding Problem.py","1.1.1 for 2021-2022 @t1","0"
"e","o","","192","2790616","Root Finding Problem.py","1.1.1 for 2021-2022 @t1","0"
"k","o",,"193","2790616","Root Finding Problem.py","1.1.1 for 2021-2022 @t1","0"
"e","d","","193","2790674","Root Finding Problem.py","1.1.1 for 2021-2022 @t1","0"
"k","d",,"194","2790674","Root Finding Problem.py","1.1.1 for 2021-2022 @t1","0"
"e","
","","197","2792385","Root Finding Problem.py","1.1.1 for 2021-2022 @t1","0"
"e","m","","221","2797166","Root Finding Problem.py","1.1.1 for 2021-2022 @t1","0"
"k","m",,"222","2797166","Root Finding Problem.py","1.1.1 for 2021-2022 @t1","0"
"e","","ethod","189","2797184","Root Finding Problem.py","1.1.1 for 2021-2022 @t1","0"
"e"," ","","189","2797185","Root Finding Problem.py","1.1.1 for 2021-2022 @t1","0"
"e","","
","193","2797186","Root Finding Problem.py","1.1.1 for 2021-2022 @t1","0"
"e"," ","","217","2797184","Root Finding Problem.py","1.1.1 for 2021-2022 @t1","0"
"e","
","","193","2797184","Root Finding Problem.py","1.1.1 for 2021-2022 @t1","0"
"e",""," ","189","2797185","Root Finding Problem.py","1.1.1 for 2021-2022 @t1","0"
"e","ethod","","189","2797186","Root Finding Problem.py","1.1.1 for 2021-2022 @t1","0"
"e",""," ","222","2797254","Root Finding Problem.py","1.1.1 for 2021-2022 @t1","0"
"e","e","","222","2797255","Root Finding Problem.py","1.1.1 for 2021-2022 @t1","0"
"k","e",,"223","2797254","Root Finding Problem.py","1.1.1 for 2021-2022 @t1","0"
"e","t","","223","2797652","Root Finding Problem.py","1.1.1 for 2021-2022 @t1","0"
"k","t",,"224","2797652","Root Finding Problem.py","1.1.1 for 2021-2022 @t1","0"
"e","h","","224","2797693","Root Finding Problem.py","1.1.1 for 2021-2022 @t1","0"
"k","h",,"225","2797693","Root Finding Problem.py","1.1.1 for 2021-2022 @t1","0"
"e","o","","225","2797787","Root Finding Problem.py","1.1.1 for 2021-2022 @t1","0"
"k","o",,"226","2797789","Root Finding Problem.py","1.1.1 for 2021-2022 @t1","0"
"e","d","","226","2797862","Root Finding Problem.py","1.1.1 for 2021-2022 @t1","0"
"k","d",,"227","2797862","Root Finding Problem.py","1.1.1 for 2021-2022 @t1","0"
"e"," ","","227","2797982","Root Finding Problem.py","1.1.1 for 2021-2022 @t1","0"
"k"," ",,"228","2797982","Root Finding Problem.py","1.1.1 for 2021-2022 @t1","0"
"e","d","","228","2798209","Root Finding Problem.py","1.1.1 for 2021-2022 @t1","0"
"k","d",,"229","2798209","Root Finding Problem.py","1.1.1 for 2021-2022 @t1","0"
"e"," ","","229","2798229","Root Finding Problem.py","1.1.1 for 2021-2022 @t1","0"
"e",""," ","229","2798300","Root Finding Problem.py","1.1.1 for 2021-2022 @t1","0"
"e","o","","229","2798301","Root Finding Problem.py","1.1.1 for 2021-2022 @t1","0"
"k","o",,"230","2798300","Root Finding Problem.py","1.1.1 for 2021-2022 @t1","0"
"e"," ","","230","2798309","Root Finding Problem.py","1.1.1 for 2021-2022 @t1","0"
"k"," ",,"231","2798380","Root Finding Problem.py","1.1.1 for 2021-2022 @t1","0"
"e","y","","231","2798584","Root Finding Problem.py","1.1.1 for 2021-2022 @t1","0"
"k","y",,"232","2798584","Root Finding Problem.py","1.1.1 for 2021-2022 @t1","0"
"e"," ","","232","2798597","Root Finding Problem.py","1.1.1 for 2021-2022 @t1","0"
"e",""," ","232","2798659","Root Finding Problem.py","1.1.1 for 2021-2022 @t1","0"
"e","o","","232","2798660","Root Finding Problem.py","1.1.1 for 2021-2022 @t1","0"
"k","o",,"233","2798659","Root Finding Problem.py","1.1.1 for 2021-2022 @t1","0"
"e","u","","233","2798756","Root Finding Problem.py","1.1.1 for 2021-2022 @t1","0"
"k","u",,"234","2798757","Root Finding Problem.py","1.1.1 for 2021-2022 @t1","0"
"e"," ","","234","2798834","Root Finding Problem.py","1.1.1 for 2021-2022 @t1","0"
"k"," ",,"235","2798835","Root Finding Problem.py","1.1.1 for 2021-2022 @t1","0"
"e","w","","235","2798932","Root Finding Problem.py","1.1.1 for 2021-2022 @t1","0"
"k","w",,"236","2798932","Root Finding Problem.py","1.1.1 for 2021-2022 @t1","0"
"e"," ","","236","2798952","Root Finding Problem.py","1.1.1 for 2021-2022 @t1","0"
"e",""," ","236","2799006","Root Finding Problem.py","1.1.1 for 2021-2022 @t1","0"
"e","a","","236","2799007","Root Finding Problem.py","1.1.1 for 2021-2022 @t1","0"
"k","a",,"237","2799007","Root Finding Problem.py","1.1.1 for 2021-2022 @t1","0"
"e","n","","237","2799139","Root Finding Problem.py","1.1.1 for 2021-2022 @t1","0"
"k","n",,"238","2799140","Root Finding Problem.py","1.1.1 for 2021-2022 @t1","0"
"e","t","","238","2799252","Root Finding Problem.py","1.1.1 for 2021-2022 @t1","0"
"k","t",,"239","2799254","Root Finding Problem.py","1.1.1 for 2021-2022 @t1","0"
"e"," ","","239","2799326","Root Finding Problem.py","1.1.1 for 2021-2022 @t1","0"
"k"," ",,"240","2799326","Root Finding Problem.py","1.1.1 for 2021-2022 @t1","0"
"e","t","","240","2799404","Root Finding Problem.py","1.1.1 for 2021-2022 @t1","0"
"k","t",,"241","2799405","Root Finding Problem.py","1.1.1 for 2021-2022 @t1","0"
"e"," ","","241","2799408","Root Finding Problem.py","1.1.1 for 2021-2022 @t1","0"
"e",""," ","241","2799500","Root Finding Problem.py","1.1.1 for 2021-2022 @t1","0"
"e","o","","241","2799501","Root Finding Problem.py","1.1.1 for 2021-2022 @t1","0"
"k","o",,"242","2799500","Root Finding Problem.py","1.1.1 for 2021-2022 @t1","0"
"e"," ","","242","2799621","Root Finding Problem.py","1.1.1 for 2021-2022 @t1","0"
"k"," ",,"243","2799621","Root Finding Problem.py","1.1.1 for 2021-2022 @t1","0"
"e","d","","243","2799676","Root Finding Problem.py","1.1.1 for 2021-2022 @t1","0"
"k","d",,"244","2799676","Root Finding Problem.py","1.1.1 for 2021-2022 @t1","0"
"e"," ","","244","2799702","Root Finding Problem.py","1.1.1 for 2021-2022 @t1","0"
"e",""," ","244","2799740","Root Finding Problem.py","1.1.1 for 2021-2022 @t1","0"
"e","o","","244","2799741","Root Finding Problem.py","1.1.1 for 2021-2022 @t1","0"
"k","o",,"245","2799740","Root Finding Problem.py","1.1.1 for 2021-2022 @t1","0"
"e",">","","245","2800276","Root Finding Problem.py","1.1.1 for 2021-2022 @t1","0"
"k",">",,"246","2800277","Root Finding Problem.py","1.1.1 for 2021-2022 @t1","0"
"e","",">","245","2800841","Root Finding Problem.py","1.1.1 for 2021-2022 @t1","0"
"e","?","","245","2801623","Root Finding Problem.py","1.1.1 for 2021-2022 @t1","0"
"k","?",,"246","2801623","Root Finding Problem.py","1.1.1 for 2021-2022 @t1","0"
"e"," ","","246","2802051","Root Finding Problem.py","1.1.1 for 2021-2022 @t1","0"
"k"," ",,"247","2802051","Root Finding Problem.py","1.1.1 for 2021-2022 @t1","0"
"e","","functionalIteration()","251","2805380","Root Finding Problem.py","1.1.1 for 2021-2022 @t1","0"
"e","i","","251","2805384","Root Finding Problem.py","1.1.1 for 2021-2022 @t1","0"
"k","i",,"252","2805385","Root Finding Problem.py","1.1.1 for 2021-2022 @t1","0"
"e","","o?","244","2805408","Root Finding Problem.py","1.1.1 for 2021-2022 @t1","0"
"e"," ","","250","2805409","Root Finding Problem.py","1.1.1 for 2021-2022 @t1","0"
"e","o?","","244","2805409","Root Finding Problem.py","1.1.1 for 2021-2022 @t1","0"
"e",""," ","252","2805455","Root Finding Problem.py","1.1.1 for 2021-2022 @t1","0"
"e","f","","252","2805456","Root Finding Problem.py","1.1.1 for 2021-2022 @t1","0"
"k","f",,"253","2805456","Root Finding Problem.py","1.1.1 for 2021-2022 @t1","0"
"e"," ","","253","2805459","Root Finding Problem.py","1.1.1 for 2021-2022 @t1","0"
"e",""," ","253","2806908","Root Finding Problem.py","1.1.1 for 2021-2022 @t1","0"
"e"," ","","253","2806917","Root Finding Problem.py","1.1.1 for 2021-2022 @t1","0"
"k"," ",,"254","2806917","Root Finding Problem.py","1.1.1 for 2021-2022 @t1","0"
"e","n","","254","2807231","Root Finding Problem.py","1.1.1 for 2021-2022 @t1","0"
"k","n",,"255","2807231","Root Finding Problem.py","1.1.1 for 2021-2022 @t1","0"
"e"," ","","255","2807244","Root Finding Problem.py","1.1.1 for 2021-2022 @t1","0"
"e",""," ","255","2807429","Root Finding Problem.py","1.1.1 for 2021-2022 @t1","0"
"e","u","","255","2807430","Root Finding Problem.py","1.1.1 for 2021-2022 @t1","0"
"k","u",,"256","2807449","Root Finding Problem.py","1.1.1 for 2021-2022 @t1","0"
"e","m","","256","2807589","Root Finding Problem.py","1.1.1 for 2021-2022 @t1","0"
"k","m",,"257","2807601","Root Finding Problem.py","1.1.1 for 2021-2022 @t1","0"
"e"," ","","257","2807785","Root Finding Problem.py","1.1.1 for 2021-2022 @t1","0"
"k"," ",,"258","2807786","Root Finding Problem.py","1.1.1 for 2021-2022 @t1","0"
"e","=","","258","2810253","Root Finding Problem.py","1.1.1 for 2021-2022 @t1","0"
"k","=",,"259","2810254","Root Finding Problem.py","1.1.1 for 2021-2022 @t1","0"
"e","=","","259","2810749","Root Finding Problem.py","1.1.1 for 2021-2022 @t1","0"
"k","=",,"260","2810749","Root Finding Problem.py","1.1.1 for 2021-2022 @t1","0"
"e"," ","","260","2810870","Root Finding Problem.py","1.1.1 for 2021-2022 @t1","0"
"k"," ",,"261","2810870","Root Finding Problem.py","1.1.1 for 2021-2022 @t1","0"
"e","1","","261","2811123","Root Finding Problem.py","1.1.1 for 2021-2022 @t1","0"
"k","1",,"262","2811123","Root Finding Problem.py","1.1.1 for 2021-2022 @t1","0"
"e",":","","262","2812032","Root Finding Problem.py","1.1.1 for 2021-2022 @t1","0"
"k",":",,"263","2812033","Root Finding Problem.py","1.1.1 for 2021-2022 @t1","0"
"e","
","","264","2813023","Root Finding Problem.py","1.1.1 for 2021-2022 @t1","0"
"e","    ","","264","2813023","Root Finding Problem.py","1.1.1 for 2021-2022 @t1","0"
"e","f","","268","2814514","Root Finding Problem.py","1.1.1 for 2021-2022 @t1","0"
"k","f",,"269","2814514","Root Finding Problem.py","1.1.1 for 2021-2022 @t1","0"
"e"," ","","269","2814522","Root Finding Problem.py","1.1.1 for 2021-2022 @t1","0"
"e",""," ","269","2814561","Root Finding Problem.py","1.1.1 for 2021-2022 @t1","0"
"e","u","","269","2814562","Root Finding Problem.py","1.1.1 for 2021-2022 @t1","0"
"k","u",,"270","2814561","Root Finding Problem.py","1.1.1 for 2021-2022 @t1","0"
"e"," ","","270","2814565","Root Finding Problem.py","1.1.1 for 2021-2022 @t1","0"
"e",""," ","270","2814789","Root Finding Problem.py","1.1.1 for 2021-2022 @t1","0"
"e","n","","270","2814790","Root Finding Problem.py","1.1.1 for 2021-2022 @t1","0"
"k","n",,"271","2814799","Root Finding Problem.py","1.1.1 for 2021-2022 @t1","0"
"e","ctionalIteration","","271","2815666","Root Finding Problem.py","1.1.1 for 2021-2022 @t1","0"
"e","(","","287","2815673","Root Finding Problem.py","1.1.1 for 2021-2022 @t1","0"
"e",")","","288","2815673","Root Finding Problem.py","1.1.1 for 2021-2022 @t1","0"
"e","    
","","290","2816553","Root Finding Problem.py","1.1.1 for 2021-2022 @t1","0"
"e",""," ","293","2817095","Root Finding Problem.py","1.1.1 for 2021-2022 @t1","0"
"e","","   ","290","2817095","Root Finding Problem.py","1.1.1 for 2021-2022 @t1","0"
"e","i","","290","2817502","Root Finding Problem.py","1.1.1 for 2021-2022 @t1","0"
"k","i",,"291","2817503","Root Finding Problem.py","1.1.1 for 2021-2022 @t1","0"
"e"," ","","291","2817513","Root Finding Problem.py","1.1.1 for 2021-2022 @t1","0"
"e",""," ","291","2817586","Root Finding Problem.py","1.1.1 for 2021-2022 @t1","0"
"e","f","","291","2817587","Root Finding Problem.py","1.1.1 for 2021-2022 @t1","0"
"k","f",,"292","2817587","Root Finding Problem.py","1.1.1 for 2021-2022 @t1","0"
"e"," ","","292","2817590","Root Finding Problem.py","1.1.1 for 2021-2022 @t1","0"
"e","","f ","291","2817892","Root Finding Problem.py","1.1.1 for 2021-2022 @t1","0"
"e"," ","","291","2817920","Root Finding Problem.py","1.1.1 for 2021-2022 @t1","0"
"e","","i ","290","2818027","Root Finding Problem.py","1.1.1 for 2021-2022 @t1","0"
"e","e","","290","2818120","Root Finding Problem.py","1.1.1 for 2021-2022 @t1","0"
"k","e",,"291","2818121","Root Finding Problem.py","1.1.1 for 2021-2022 @t1","0"
"e"," ","","291","2818134","Root Finding Problem.py","1.1.1 for 2021-2022 @t1","0"
"e",""," ","291","2818297","Root Finding Problem.py","1.1.1 for 2021-2022 @t1","0"
"e","l","","291","2818298","Root Finding Problem.py","1.1.1 for 2021-2022 @t1","0"
"k","l",,"292","2818305","Root Finding Problem.py","1.1.1 for 2021-2022 @t1","0"
"e","s","","292","2818353","Root Finding Problem.py","1.1.1 for 2021-2022 @t1","0"
"k","s",,"293","2818362","Root Finding Problem.py","1.1.1 for 2021-2022 @t1","0"
"e","e","","293","2818453","Root Finding Problem.py","1.1.1 for 2021-2022 @t1","0"
"k","e",,"294","2818471","Root Finding Problem.py","1.1.1 for 2021-2022 @t1","0"
"e","","e","293","2818902","Root Finding Problem.py","1.1.1 for 2021-2022 @t1","0"
"e","","s","292","2819046","Root Finding Problem.py","1.1.1 for 2021-2022 @t1","0"
"e","","l","291","2819188","Root Finding Problem.py","1.1.1 for 2021-2022 @t1","0"
"e","","e","290","2819302","Root Finding Problem.py","1.1.1 for 2021-2022 @t1","0"
"e","i","","290","2819595","Root Finding Problem.py","1.1.1 for 2021-2022 @t1","0"
"k","i",,"291","2819595","Root Finding Problem.py","1.1.1 for 2021-2022 @t1","0"
"e"," ","","291","2819607","Root Finding Problem.py","1.1.1 for 2021-2022 @t1","0"
"e","","i ","290","2819844","Root Finding Problem.py","1.1.1 for 2021-2022 @t1","0"
"e","e","","290","2819926","Root Finding Problem.py","1.1.1 for 2021-2022 @t1","0"
"k","e",,"291","2819926","Root Finding Problem.py","1.1.1 for 2021-2022 @t1","0"
"e"," ","","291","2819934","Root Finding Problem.py","1.1.1 for 2021-2022 @t1","0"
"e",""," ","291","2820002","Root Finding Problem.py","1.1.1 for 2021-2022 @t1","0"
"e","l","","291","2820003","Root Finding Problem.py","1.1.1 for 2021-2022 @t1","0"
"k","l",,"292","2820003","Root Finding Problem.py","1.1.1 for 2021-2022 @t1","0"
"e"," ","","292","2820006","Root Finding Problem.py","1.1.1 for 2021-2022 @t1","0"
"e",""," ","292","2820126","Root Finding Problem.py","1.1.1 for 2021-2022 @t1","0"
"e","i","","292","2820127","Root Finding Problem.py","1.1.1 for 2021-2022 @t1","0"
"k","i",,"293","2820133","Root Finding Problem.py","1.1.1 for 2021-2022 @t1","0"
"e","f","","293","2820199","Root Finding Problem.py","1.1.1 for 2021-2022 @t1","0"
"k","f",,"294","2820208","Root Finding Problem.py","1.1.1 for 2021-2022 @t1","0"
"e",":","","294","2820578","Root Finding Problem.py","1.1.1 for 2021-2022 @t1","0"
"k",":",,"295","2820578","Root Finding Problem.py","1.1.1 for 2021-2022 @t1","0"
"e","",":","294","2820981","Root Finding Problem.py","1.1.1 for 2021-2022 @t1","0"
"e"," ","","294","2821089","Root Finding Problem.py","1.1.1 for 2021-2022 @t1","0"
"k"," ",,"295","2821089","Root Finding Problem.py","1.1.1 for 2021-2022 @t1","0"
"e","n","","295","2821230","Root Finding Problem.py","1.1.1 for 2021-2022 @t1","0"
"k","n",,"296","2821230","Root Finding Problem.py","1.1.1 for 2021-2022 @t1","0"
"e"," ","","296","2821234","Root Finding Problem.py","1.1.1 for 2021-2022 @t1","0"
"e",""," ","296","2821440","Root Finding Problem.py","1.1.1 for 2021-2022 @t1","0"
"e","u","","296","2821441","Root Finding Problem.py","1.1.1 for 2021-2022 @t1","0"
"k","u",,"297","2821447","Root Finding Problem.py","1.1.1 for 2021-2022 @t1","0"
"e","m","","297","2821664","Root Finding Problem.py","1.1.1 for 2021-2022 @t1","0"
"k","m",,"298","2821681","Root Finding Problem.py","1.1.1 for 2021-2022 @t1","0"
"e"," ","","298","2822201","Root Finding Problem.py","1.1.1 for 2021-2022 @t1","0"
"k"," ",,"299","2822202","Root Finding Problem.py","1.1.1 for 2021-2022 @t1","0"
"e","=","","299","2822735","Root Finding Problem.py","1.1.1 for 2021-2022 @t1","0"
"k","=",,"300","2822736","Root Finding Problem.py","1.1.1 for 2021-2022 @t1","0"
"e","=","","300","2822871","Root Finding Problem.py","1.1.1 for 2021-2022 @t1","0"
"k","=",,"301","2822872","Root Finding Problem.py","1.1.1 for 2021-2022 @t1","0"
"e"," ","","301","2823112","Root Finding Problem.py","1.1.1 for 2021-2022 @t1","0"
"k"," ",,"302","2823112","Root Finding Problem.py","1.1.1 for 2021-2022 @t1","0"
"e","2","","302","2823224","Root Finding Problem.py","1.1.1 for 2021-2022 @t1","0"
"k","2",,"303","2823224","Root Finding Problem.py","1.1.1 for 2021-2022 @t1","0"
"e",":","","303","2823675","Root Finding Problem.py","1.1.1 for 2021-2022 @t1","0"
"k",":",,"304","2823675","Root Finding Problem.py","1.1.1 for 2021-2022 @t1","0"
"e","
","","305","2824864","Root Finding Problem.py","1.1.1 for 2021-2022 @t1","0"
"e","    ","","305","2824868","Root Finding Problem.py","1.1.1 for 2021-2022 @t1","0"
"e","b","","309","2825979","Root Finding Problem.py","1.1.1 for 2021-2022 @t1","0"
"k","b",,"310","2825980","Root Finding Problem.py","1.1.1 for 2021-2022 @t1","0"
"e"," ","","310","2825991","Root Finding Problem.py","1.1.1 for 2021-2022 @t1","0"
"e",""," ","310","2826141","Root Finding Problem.py","1.1.1 for 2021-2022 @t1","0"
"e","i","","310","2826142","Root Finding Problem.py","1.1.1 for 2021-2022 @t1","0"
"k","i",,"311","2826150","Root Finding Problem.py","1.1.1 for 2021-2022 @t1","0"
"e"," ","","311","2826169","Root Finding Problem.py","1.1.1 for 2021-2022 @t1","0"
"e",""," ","311","2826231","Root Finding Problem.py","1.1.1 for 2021-2022 @t1","0"
"e","s","","311","2826232","Root Finding Problem.py","1.1.1 for 2021-2022 @t1","0"
"k","s",,"312","2826236","Root Finding Problem.py","1.1.1 for 2021-2022 @t1","0"
"e","c","","312","2827092","Root Finding Problem.py","1.1.1 for 2021-2022 @t1","0"
"k","c",,"313","2827115","Root Finding Problem.py","1.1.1 for 2021-2022 @t1","0"
"e","","c","312","2827567","Root Finding Problem.py","1.1.1 for 2021-2022 @t1","0"
"e","e","","312","2827681","Root Finding Problem.py","1.1.1 for 2021-2022 @t1","0"
"k","e",,"313","2827681","Root Finding Problem.py","1.1.1 for 2021-2022 @t1","0"
"e"," ","","313","2827686","Root Finding Problem.py","1.1.1 for 2021-2022 @t1","0"
"e",""," ","313","2827835","Root Finding Problem.py","1.1.1 for 2021-2022 @t1","0"
"e","c","","313","2827836","Root Finding Problem.py","1.1.1 for 2021-2022 @t1","0"
"k","c",,"314","2827840","Root Finding Problem.py","1.1.1 for 2021-2022 @t1","0"
"e","t","","314","2828121","Root Finding Problem.py","1.1.1 for 2021-2022 @t1","0"
"k","t",,"315","2828132","Root Finding Problem.py","1.1.1 for 2021-2022 @t1","0"
"e","M","","315","2828500","Root Finding Problem.py","1.1.1 for 2021-2022 @t1","0"
"k","M",,"316","2828515","Root Finding Problem.py","1.1.1 for 2021-2022 @t1","0"
"e","ethod","","316","2828967","Root Finding Problem.py","1.1.1 for 2021-2022 @t1","0"
"e","(","","321","2828974","Root Finding Problem.py","1.1.1 for 2021-2022 @t1","0"
"e",")","","322","2828975","Root Finding Problem.py","1.1.1 for 2021-2022 @t1","0"
"e","","num","198","2840026","Root Finding Problem.py","1.1.1 for 2021-2022 @t1","0"
"e","c","","198","2840031","Root Finding Problem.py","1.1.1 for 2021-2022 @t1","0"
"k","c",,"199","2840032","Root Finding Problem.py","1.1.1 for 2021-2022 @t1","0"
"e","","c","198","2840069","Root Finding Problem.py","1.1.1 for 2021-2022 @t1","0"
"e","num","","198","2840070","Root Finding Problem.py","1.1.1 for 2021-2022 @t1","0"
"e","","num","198","2840069","Root Finding Problem.py","1.1.1 for 2021-2022 @t1","0"
"e","c ","","198","2840070","Root Finding Problem.py","1.1.1 for 2021-2022 @t1","0"
"e",""," ","199","2840128","Root Finding Problem.py","1.1.1 for 2021-2022 @t1","0"
"e","h","","199","2840129","Root Finding Problem.py","1.1.1 for 2021-2022 @t1","0"
"k","h",,"200","2840134","Root Finding Problem.py","1.1.1 for 2021-2022 @t1","0"
"e","o","","200","2840219","Root Finding Problem.py","1.1.1 for 2021-2022 @t1","0"
"k","o",,"201","2840244","Root Finding Problem.py","1.1.1 for 2021-2022 @t1","0"
"e","i","","201","2840288","Root Finding Problem.py","1.1.1 for 2021-2022 @t1","0"
"k","i",,"202","2840289","Root Finding Problem.py","1.1.1 for 2021-2022 @t1","0"
"e","s","","202","2840597","Root Finding Problem.py","1.1.1 for 2021-2022 @t1","0"
"k","s",,"203","2840597","Root Finding Problem.py","1.1.1 for 2021-2022 @t1","0"
"e","","s","202","2840898","Root Finding Problem.py","1.1.1 for 2021-2022 @t1","0"
"e","c","","202","2840939","Root Finding Problem.py","1.1.1 for 2021-2022 @t1","0"
"k","c",,"203","2840940","Root Finding Problem.py","1.1.1 for 2021-2022 @t1","0"
"e"," ","","204","2840963","Root Finding Problem.py","1.1.1 for 2021-2022 @t1","0"
"e",""," ","203","2841002","Root Finding Problem.py","1.1.1 for 2021-2022 @t1","0"
"e","e","","203","2841003","Root Finding Problem.py","1.1.1 for 2021-2022 @t1","0"
"k","e",,"204","2841002","Root Finding Problem.py","1.1.1 for 2021-2022 @t1","0"
"e",":","","204","2841298","Root Finding Problem.py","1.1.1 for 2021-2022 @t1","0"
"k",":",,"205","2841300","Root Finding Problem.py","1.1.1 for 2021-2022 @t1","0"
"e","",":","204","2841730","Root Finding Problem.py","1.1.1 for 2021-2022 @t1","0"
"e","","choice","198","2842058","Root Finding Problem.py","1.1.1 for 2021-2022 @t1","0"
"e","num","","198","2842059","Root Finding Problem.py","1.1.1 for 2021-2022 @t1","0"
"e","","num","198","2844227","Root Finding Problem.py","1.1.1 for 2021-2022 @t1","0"
"e","choice","","198","2844228","Root Finding Problem.py","1.1.1 for 2021-2022 @t1","0"
"e","","num","257","2844227","Root Finding Problem.py","1.1.1 for 2021-2022 @t1","0"
"e","c","","257","2844229","Root Finding Problem.py","1.1.1 for 2021-2022 @t1","0"
"k","c",,"258","2844230","Root Finding Problem.py","1.1.1 for 2021-2022 @t1","0"
"e","","e","203","2844243","Root Finding Problem.py","1.1.1 for 2021-2022 @t1","0"
"e"," ","","203","2844244","Root Finding Problem.py","1.1.1 for 2021-2022 @t1","0"
"e"," ","","259","2844243","Root Finding Problem.py","1.1.1 for 2021-2022 @t1","0"
"e",""," ","203","2844243","Root Finding Problem.py","1.1.1 for 2021-2022 @t1","0"
"e","e","","203","2844244","Root Finding Problem.py","1.1.1 for 2021-2022 @t1","0"
"e",""," ","258","2844304","Root Finding Problem.py","1.1.1 for 2021-2022 @t1","0"
"e","h","","258","2844305","Root Finding Problem.py","1.1.1 for 2021-2022 @t1","0"
"k","h",,"259","2844304","Root Finding Problem.py","1.1.1 for 2021-2022 @t1","0"
"e"," ","","260","2844309","Root Finding Problem.py","1.1.1 for 2021-2022 @t1","0"
"e",""," ","259","2844387","Root Finding Problem.py","1.1.1 for 2021-2022 @t1","0"
"e","o","","259","2844388","Root Finding Problem.py","1.1.1 for 2021-2022 @t1","0"
"k","o",,"260","2844407","Root Finding Problem.py","1.1.1 for 2021-2022 @t1","0"
"e","i","","260","2844464","Root Finding Problem.py","1.1.1 for 2021-2022 @t1","0"
"k","i",,"261","2844471","Root Finding Problem.py","1.1.1 for 2021-2022 @t1","0"
"e","c","","261","2844583","Root Finding Problem.py","1.1.1 for 2021-2022 @t1","0"
"k","c",,"262","2844594","Root Finding Problem.py","1.1.1 for 2021-2022 @t1","0"
"e","e","","262","2844676","Root Finding Problem.py","1.1.1 for 2021-2022 @t1","0"
"k","e",,"263","2844697","Root Finding Problem.py","1.1.1 for 2021-2022 @t1","0"
"e","","num","301","2847084","Root Finding Problem.py","1.1.1 for 2021-2022 @t1","0"
"e","c","","301","2847085","Root Finding Problem.py","1.1.1 for 2021-2022 @t1","0"
"k","c",,"302","2847085","Root Finding Problem.py","1.1.1 for 2021-2022 @t1","0"
"e","","oice","259","2847104","Root Finding Problem.py","1.1.1 for 2021-2022 @t1","0"
"e"," ","","259","2847105","Root Finding Problem.py","1.1.1 for 2021-2022 @t1","0"
"e"," ","","300","2847104","Root Finding Problem.py","1.1.1 for 2021-2022 @t1","0"
"e",""," ","259","2847104","Root Finding Problem.py","1.1.1 for 2021-2022 @t1","0"
"e","oice","","259","2847105","Root Finding Problem.py","1.1.1 for 2021-2022 @t1","0"
"e",""," ","302","2847257","Root Finding Problem.py","1.1.1 for 2021-2022 @t1","0"
"e","h","","302","2847258","Root Finding Problem.py","1.1.1 for 2021-2022 @t1","0"
"k","h",,"303","2847265","Root Finding Problem.py","1.1.1 for 2021-2022 @t1","0"
"e","o","","303","2847283","Root Finding Problem.py","1.1.1 for 2021-2022 @t1","0"
"k","o",,"304","2847287","Root Finding Problem.py","1.1.1 for 2021-2022 @t1","0"
"e"," ","","305","2847293","Root Finding Problem.py","1.1.1 for 2021-2022 @t1","0"
"e",""," ","304","2847346","Root Finding Problem.py","1.1.1 for 2021-2022 @t1","0"
"e","i","","304","2847347","Root Finding Problem.py","1.1.1 for 2021-2022 @t1","0"
"k","i",,"305","2847348","Root Finding Problem.py","1.1.1 for 2021-2022 @t1","0"
"e"," ","","306","2847355","Root Finding Problem.py","1.1.1 for 2021-2022 @t1","0"
"e",""," ","305","2847395","Root Finding Problem.py","1.1.1 for 2021-2022 @t1","0"
"e","c","","305","2847396","Root Finding Problem.py","1.1.1 for 2021-2022 @t1","0"
"k","c",,"306","2847400","Root Finding Problem.py","1.1.1 for 2021-2022 @t1","0"
"e","e","","306","2847481","Root Finding Problem.py","1.1.1 for 2021-2022 @t1","0"
"k","e",,"307","2847500","Root Finding Problem.py","1.1.1 for 2021-2022 @t1","0"
"a","ShowYourWork Init","","","000","ShowYourWork Init","1.1.1 for 2021-2022 @t1","1"
"a","Copy",,,"648080","Root Finding Problem.py","1.1.1 for 2021-2022 @t1","1"
"c","print(""Methods"")
print(""\t1) Fixed Point Iteration"")
print(""\t2) Bisect Method"")",,"116","648458","Root Finding Problem.py","1.1.1 for 2021-2022 @t1","1"
"a","EditorChange",,,"650354","Root Finding Problem.py","1.1.1 for 2021-2022 @t1","1"
"r","Start",,,"923821","Root Finding Problem.py","1.1.1 for 2021-2022 @t1","1"
"r","Exit","-1073741510",,"928382","Root Finding Problem.py","1.1.1 for 2021-2022 @t1","1"
"r","Start",,,"935056","Root Finding Problem.py","1.1.1 for 2021-2022 @t1","1"
"r","Exit","0",,"962849","Root Finding Problem.py","1.1.1 for 2021-2022 @t1","1"
"a","Outside edit","","","1663171036735","fnIter.py","1.1.1 for 2021-2022 @t1","-1"
"a","Outside edit","","","1663171036768","bisect.py","1.1.1 for 2021-2022 @t1","-1"
"a","ShowYourWork Init","","","000","ShowYourWork Init","1.1.1 for 2021-2022 @t1","2"
"e","# Jake Daniels
# MATH 4610

from Modules.fnIter import functionalIteration
from Methods.bisect import bisectMethod

print(""Methods"")
print(""\t1) Fixed Point Iteration"")
print(""\t2) Bisect Method"")

choice = eval(input(""What method do you want to do? ""))
if choice == 1:
    functionalIteration()
elif choice == 2:
    bisectMethod()
","","0","476721","Root Finding Problem.py","1.1.1 for 2021-2022 @t1","2"
"e","","odule","34","483395","Root Finding Problem.py","1.1.1 for 2021-2022 @t1","2"
"e","ethod","","34","483396","Root Finding Problem.py","1.1.1 for 2021-2022 @t1","2"
