"r","3","C:\Users\jdsoc\AppData\Local\Programs\Python\Python310\python.exe ""C:/Users/jdsoc/OneDrive - USU/Fundamentals of Computational Math/Root Finding Problem.py""",,"PythonRunner",,"923821","1"
"o","3",,"Traceback (most recent call last):
",,"stderr","927853","1"
"o","3",,"  File ""C:\Users\jdsoc\OneDrive - USU\Fundamentals of Computational Math\Root Finding Problem.py"", line 4, in <module>
",,"stderr","927853","1"
"o","3",,"    from Modules.fnIter import functionalIteration
",,"stderr","927898","1"
"o","3",,"  File ""C:\Users\jdsoc\OneDrive - USU\Fundamentals of Computational Math\Modules\fnIter.py"", line 4, in <module>
",,"stderr","927898","1"
"o","3",,"    import numpy as np
",,"stderr","927898","1"
"o","3",,"  File ""C:\Users\jdsoc\AppData\Local\Programs\Python\Python310\lib\site-packages\numpy\__init__.py"", line 143, in <module>
",,"stderr","927898","1"
"o","3",,"    from . import lib
",,"stderr","927982","1"
"o","3",,"  File ""C:\Users\jdsoc\AppData\Local\Programs\Python\Python310\lib\site-packages\numpy\lib\__init__.py"", line 37, in <module>
",,"stderr","927982","1"
"o","3",,"    from .npyio import *
",,"stderr","928271","1"
"o","3",,"  File ""<frozen importlib._bootstrap>"", line 1027, in _find_and_load
",,"stderr","928271","1"
"o","3",,"  File ""<frozen importlib._bootstrap>"", line 1006, in _find_and_load_unlocked
",,"stderr","928287","1"
"o","3",,"  File ""<frozen importlib._bootstrap>"", line 688, in _load_unlocked
",,"stderr","928287","1"
"o","3",,"  File ""<frozen importlib._bootstrap_external>"", line 879, in exec_module
",,"stderr","928288","1"
"o","3",,"  File ""<frozen importlib._bootstrap_external>"", line 975, in get_code
",,"stderr","928288","1"
"o","3",,"  File ""<frozen importlib._bootstrap_external>"", line 1074, in get_data
",,"stderr","928288","1"
"o","3",,"KeyboardInterrupt
",,"stderr","928288","1"
"o","3",,"
Process finished with exit code -1073741510 (0xC000013A: interrupted by Ctrl+C)
",,"system","928381","1"
"r","4","C:\Users\jdsoc\AppData\Local\Programs\Python\Python310\python.exe ""C:/Users/jdsoc/OneDrive - USU/Fundamentals of Computational Math/Root Finding Problem.py""",,"PythonRunner",,"935056","1"
"o","4",,"Methods
",,"stdout","937285","1"
"o","4",,"	1) Fixed Point Iteration
",,"stdout","937285","1"
"o","4",,"	2) Bisect Method
",,"stdout","937285","1"
"o","4",,"What method do you want to do? ",,"stdout","937285","1"
"o","4",,"Enter function you want to find the roots for (in terms of x): ",,"stdout","941124","1"
"o","4",,"Input initial guess for root here: ",,"stdout","949682","1"
"o","4",,"Input tolerance here: ",,"stdout","953252","1"
"o","4",,"Input max number of iterations here: ",,"stdout","957627","1"
"o","4",,"Do you want a table?
",,"stdout","960831","1"
"o","4",,"	1) Yes
",,"stdout","960831","1"
"o","4",,"	2) No
",,"stdout","960831","1"
"o","4",,"Enter here: ",,"stdout","960831","1"
"o","4",,"(1) 0  (2)  8.00268370102322  (3)  0.0026837010232192426
",,"stdout","962803","1"
"o","4",,"(1) 1  (2)  8.005361107319512  (3)  0.0026774062962928724
",,"stdout","962803","1"
"o","4",,"(1) 2  (2)  8.008032248066723  (3)  0.002671140747210643
",,"stdout","962803","1"
"o","4",,"(1) 3  (2)  8.010697152241132  (3)  0.002664904174409344
",,"stdout","962803","1"
"o","4",,"(1) 4  (2)  8.013355848619305  (3)  0.0026586963781731754
",,"stdout","962803","1"
"o","4",,"(1) 5  (2)  8.016008365779921  (3)  0.002652517160615986
",,"stdout","962803","1"
"o","4",,"(1) 6  (2)  8.018654732105574  (3)  0.002646366325652849
",,"stdout","962803","1"
"o","4",,"(1) 7  (2)  8.021294975784564  (3)  0.002640243678989407
",,"stdout","962803","1"
"o","4",,"(1) 8  (2)  8.023929124812657  (3)  0.0026341490280934465
",,"stdout","962803","1"
"o","4",,"(1) 9  (2)  8.026557206994834  (3)  0.0026280821821771383
",,"stdout","962803","1"
"o","4",,"(1) 10  (2)  8.029179249947015  (3)  0.0026220429521810473
",,"stdout","962803","1"
"o","4",,"(1) 11  (2)  8.031795281097764  (3)  0.002616031150749265
",,"stdout","962803","1"
"o","4",,"(1) 12  (2)  8.034405327689978  (3)  0.002610046592213422
",,"stdout","962803","1"
"o","4",,"(1) 13  (2)  8.037009416782551  (3)  0.0026040890925731475
",,"stdout","962803","1"
"o","4",,"(1) 14  (2)  8.03960757525203  (3)  0.0025981584694783066
",,"stdout","962803","1"
"o","4",,"(1) 15  (2)  8.042199829794239  (3)  0.00259225454220946
",,"stdout","962803","1"
"o","4",,"(1) 16  (2)  8.044786206925899  (3)  0.0025863771316601003
",,"stdout","962803","1"
"o","4",,"(1) 17  (2)  8.047366732986214  (3)  0.0025805260603153357
",,"stdout","962803","1"
"o","4",,"(1) 18  (2)  8.049941434138455  (3)  0.002574701152241232
",,"stdout","962803","1"
"o","4",,"(1) 19  (2)  8.052510336371517  (3)  0.0025689022330617206
",,"stdout","962803","1"
"o","4",,"(1) 20  (2)  8.055073465501462  (3)  0.002563129129944386
",,"stdout","962803","1"
"o","4",,"(1) 21  (2)  8.057630847173044  (3)  0.0025573816715827036
",,"stdout","962804","1"
"o","4",,"(1) 22  (2)  8.06018250686122  (3)  0.0025516596881764997
",,"stdout","962804","1"
"o","4",,"(1) 23  (2)  8.062728469872638  (3)  0.00254596301141774
",,"stdout","962804","1"
"o","4",,"(1) 24  (2)  8.065268761347117  (3)  0.0025402914744780958
",,"stdout","962804","1"
"o","4",,"
Process finished with exit code 0
",,"system","962849","1"
