"a","ShowYourWork Init","","","000","ShowYourWork Init","1.1.1 for 2021-2022 @t1","0"
"c","print(""\t2) Bisect Method"")",,"169","741220","Root Finding Problem.py","1.1.1 for 2021-2022 @t1","0"
"e","# Jake Daniels
# MATH 4610

from Methods.fnIter import functionalIteration
from Methods.bisect import bisectMethod

print(""Methods"")
print(""\t1) Fixed Point Iteration"")
print(""\t2) Bisect Method"")


choice = eval(input(""What method do you want to do? ""))
if choice == 1:
    functionalIteration()
elif choice == 2:
    bisectMethod()
","","0","742940","Root Finding Problem.py","1.1.1 for 2021-2022 @t1","0"
"p","print(""\t2) Bisect Method"")",,"197","743879","Root Finding Problem.py","1.1.1 for 2021-2022 @t1","0"
"e","print(""\t2) Bisect Method"")","","197","743883","Root Finding Problem.py","1.1.1 for 2021-2022 @t1","0"
"e","","2","206","746990","Root Finding Problem.py","1.1.1 for 2021-2022 @t1","0"
"e","3","","206","747052","Root Finding Problem.py","1.1.1 for 2021-2022 @t1","0"
"k","3",,"207","747053","Root Finding Problem.py","1.1.1 for 2021-2022 @t1","0"
"e"," ","","207","747065","Root Finding Problem.py","1.1.1 for 2021-2022 @t1","0"
"e",""," ","207","748812","Root Finding Problem.py","1.1.1 for 2021-2022 @t1","0"
"e","","t","214","748813","Root Finding Problem.py","1.1.1 for 2021-2022 @t1","0"
"e","","c","213","749001","Root Finding Problem.py","1.1.1 for 2021-2022 @t1","0"
"e","","e","212","749144","Root Finding Problem.py","1.1.1 for 2021-2022 @t1","0"
"e","","s","211","749298","Root Finding Problem.py","1.1.1 for 2021-2022 @t1","0"
"e","","i","210","749421","Root Finding Problem.py","1.1.1 for 2021-2022 @t1","0"
"e","","B","209","749702","Root Finding Problem.py","1.1.1 for 2021-2022 @t1","0"
"e","N","","209","750280","Root Finding Problem.py","1.1.1 for 2021-2022 @t1","0"
"k","N",,"210","750280","Root Finding Problem.py","1.1.1 for 2021-2022 @t1","0"
"e"," ","","211","750288","Root Finding Problem.py","1.1.1 for 2021-2022 @t1","0"
"e",""," ","210","750579","Root Finding Problem.py","1.1.1 for 2021-2022 @t1","0"
"e","e","","210","750580","Root Finding Problem.py","1.1.1 for 2021-2022 @t1","0"
"k","e",,"211","750587","Root Finding Problem.py","1.1.1 for 2021-2022 @t1","0"
"e","w","","211","750753","Root Finding Problem.py","1.1.1 for 2021-2022 @t1","0"
"k","w",,"212","750753","Root Finding Problem.py","1.1.1 for 2021-2022 @t1","0"
"e","t","","212","750952","Root Finding Problem.py","1.1.1 for 2021-2022 @t1","0"
"k","t",,"213","750952","Root Finding Problem.py","1.1.1 for 2021-2022 @t1","0"
"e","o","","213","751326","Root Finding Problem.py","1.1.1 for 2021-2022 @t1","0"
"k","o",,"214","751326","Root Finding Problem.py","1.1.1 for 2021-2022 @t1","0"
"e","n","","214","751383","Root Finding Problem.py","1.1.1 for 2021-2022 @t1","0"
"k","n",,"215","751384","Root Finding Problem.py","1.1.1 for 2021-2022 @t1","0"
"e","s","","215","751522","Root Finding Problem.py","1.1.1 for 2021-2022 @t1","0"
"k","s",,"216","751522","Root Finding Problem.py","1.1.1 for 2021-2022 @t1","0"
"e","'","","216","752608","Root Finding Problem.py","1.1.1 for 2021-2022 @t1","0"
"k","'",,"217","752609","Root Finding Problem.py","1.1.1 for 2021-2022 @t1","0"
"e","s","","217","752855","Root Finding Problem.py","1.1.1 for 2021-2022 @t1","0"
"k","s",,"218","752863","Root Finding Problem.py","1.1.1 for 2021-2022 @t1","0"
"e"," ","","219","752900","Root Finding Problem.py","1.1.1 for 2021-2022 @t1","0"
"e","","s ","217","755045","Root Finding Problem.py","1.1.1 for 2021-2022 @t1","0"
"e","","'","216","755233","Root Finding Problem.py","1.1.1 for 2021-2022 @t1","0"
"e","","s","215","755454","Root Finding Problem.py","1.1.1 for 2021-2022 @t1","0"
"e","'","","215","756303","Root Finding Problem.py","1.1.1 for 2021-2022 @t1","0"
"k","'",,"216","756305","Root Finding Problem.py","1.1.1 for 2021-2022 @t1","0"
"e","s","","216","756416","Root Finding Problem.py","1.1.1 for 2021-2022 @t1","0"
"k","s",,"217","756416","Root Finding Problem.py","1.1.1 for 2021-2022 @t1","0"
"e"," ","","218","756435","Root Finding Problem.py","1.1.1 for 2021-2022 @t1","0"
"e",""," ","218","762223","Root Finding Problem.py","1.1.1 for 2021-2022 @t1","0"
"e","","","227","762223","Root Finding Problem.py","1.1.1 for 2021-2022 @t1","0"
"e","","","344","762223","Root Finding Problem.py","1.1.1 for 2021-2022 @t1","0"
"e","    
","","363","762223","Root Finding Problem.py","1.1.1 for 2021-2022 @t1","0"
"e",""," ","366","762904","Root Finding Problem.py","1.1.1 for 2021-2022 @t1","0"
"e","","   ","363","762905","Root Finding Problem.py","1.1.1 for 2021-2022 @t1","0"
"e","e","","363","763410","Root Finding Problem.py","1.1.1 for 2021-2022 @t1","0"
"k","e",,"364","763418","Root Finding Problem.py","1.1.1 for 2021-2022 @t1","0"
"e"," ","","218","763429","Root Finding Problem.py","1.1.1 for 2021-2022 @t1","0"
"e"," ","","365","763429","Root Finding Problem.py","1.1.1 for 2021-2022 @t1","0"
"e",""," ","218","763437","Root Finding Problem.py","1.1.1 for 2021-2022 @t1","0"
"e",""," ","364","763560","Root Finding Problem.py","1.1.1 for 2021-2022 @t1","0"
"e","l","","364","763561","Root Finding Problem.py","1.1.1 for 2021-2022 @t1","0"
"k","l",,"365","763566","Root Finding Problem.py","1.1.1 for 2021-2022 @t1","0"
"e","i","","365","763717","Root Finding Problem.py","1.1.1 for 2021-2022 @t1","0"
"k","i",,"366","763731","Root Finding Problem.py","1.1.1 for 2021-2022 @t1","0"
"e","f","","366","763848","Root Finding Problem.py","1.1.1 for 2021-2022 @t1","0"
"k","f",,"367","763870","Root Finding Problem.py","1.1.1 for 2021-2022 @t1","0"
"e"," ","","367","764192","Root Finding Problem.py","1.1.1 for 2021-2022 @t1","0"
"k"," ",,"368","764192","Root Finding Problem.py","1.1.1 for 2021-2022 @t1","0"
"e","c","","368","764587","Root Finding Problem.py","1.1.1 for 2021-2022 @t1","0"
"k","c",,"369","764587","Root Finding Problem.py","1.1.1 for 2021-2022 @t1","0"
"e"," ","","369","764593","Root Finding Problem.py","1.1.1 for 2021-2022 @t1","0"
"e",""," ","369","764691","Root Finding Problem.py","1.1.1 for 2021-2022 @t1","0"
"e","h","","369","764692","Root Finding Problem.py","1.1.1 for 2021-2022 @t1","0"
"k","h",,"370","764699","Root Finding Problem.py","1.1.1 for 2021-2022 @t1","0"
"e","o","","370","764785","Root Finding Problem.py","1.1.1 for 2021-2022 @t1","0"
"k","o",,"371","764796","Root Finding Problem.py","1.1.1 for 2021-2022 @t1","0"
"e","i","","371","764839","Root Finding Problem.py","1.1.1 for 2021-2022 @t1","0"
"k","i",,"372","764839","Root Finding Problem.py","1.1.1 for 2021-2022 @t1","0"
"e","c","","372","764930","Root Finding Problem.py","1.1.1 for 2021-2022 @t1","0"
"k","c",,"373","764941","Root Finding Problem.py","1.1.1 for 2021-2022 @t1","0"
"e","e","","373","765069","Root Finding Problem.py","1.1.1 for 2021-2022 @t1","0"
"k","e",,"374","765093","Root Finding Problem.py","1.1.1 for 2021-2022 @t1","0"
"e"," ","","374","765163","Root Finding Problem.py","1.1.1 for 2021-2022 @t1","0"
"k"," ",,"375","765163","Root Finding Problem.py","1.1.1 for 2021-2022 @t1","0"
"e","=","","375","766073","Root Finding Problem.py","1.1.1 for 2021-2022 @t1","0"
"k","=",,"376","766075","Root Finding Problem.py","1.1.1 for 2021-2022 @t1","0"
"e","=","","376","766184","Root Finding Problem.py","1.1.1 for 2021-2022 @t1","0"
"k","=",,"377","766184","Root Finding Problem.py","1.1.1 for 2021-2022 @t1","0"
"e"," ","","377","766508","Root Finding Problem.py","1.1.1 for 2021-2022 @t1","0"
"k"," ",,"378","766508","Root Finding Problem.py","1.1.1 for 2021-2022 @t1","0"
"e","3","","378","766779","Root Finding Problem.py","1.1.1 for 2021-2022 @t1","0"
"k","3",,"379","766780","Root Finding Problem.py","1.1.1 for 2021-2022 @t1","0"
"e",":","","379","767140","Root Finding Problem.py","1.1.1 for 2021-2022 @t1","0"
"k",":",,"380","767141","Root Finding Problem.py","1.1.1 for 2021-2022 @t1","0"
"e","
","","381","767538","Root Finding Problem.py","1.1.1 for 2021-2022 @t1","0"
"e","    ","","381","767538","Root Finding Problem.py","1.1.1 for 2021-2022 @t1","0"
"e","n","","385","772741","Root Finding Problem.py","1.1.1 for 2021-2022 @t1","0"
"k","n",,"386","772741","Root Finding Problem.py","1.1.1 for 2021-2022 @t1","0"
"e"," ","","386","772751","Root Finding Problem.py","1.1.1 for 2021-2022 @t1","0"
"e",""," ","386","772853","Root Finding Problem.py","1.1.1 for 2021-2022 @t1","0"
"e","e","","386","772854","Root Finding Problem.py","1.1.1 for 2021-2022 @t1","0"
"k","e",,"387","772864","Root Finding Problem.py","1.1.1 for 2021-2022 @t1","0"
"e","w","","387","773021","Root Finding Problem.py","1.1.1 for 2021-2022 @t1","0"
"k","w",,"388","773045","Root Finding Problem.py","1.1.1 for 2021-2022 @t1","0"
"e","t","","388","773306","Root Finding Problem.py","1.1.1 for 2021-2022 @t1","0"
"k","t",,"389","773306","Root Finding Problem.py","1.1.1 for 2021-2022 @t1","0"
"e","o","","389","773816","Root Finding Problem.py","1.1.1 for 2021-2022 @t1","0"
"k","o",,"390","773816","Root Finding Problem.py","1.1.1 for 2021-2022 @t1","0"
"e","n","","390","773900","Root Finding Problem.py","1.1.1 for 2021-2022 @t1","0"
"k","n",,"391","773900","Root Finding Problem.py","1.1.1 for 2021-2022 @t1","0"
"e","s","","391","774001","Root Finding Problem.py","1.1.1 for 2021-2022 @t1","0"
"k","s",,"392","774001","Root Finding Problem.py","1.1.1 for 2021-2022 @t1","0"
"e","M","","392","774795","Root Finding Problem.py","1.1.1 for 2021-2022 @t1","0"
"k","M",,"393","774795","Root Finding Problem.py","1.1.1 for 2021-2022 @t1","0"
"e","e","","393","774989","Root Finding Problem.py","1.1.1 for 2021-2022 @t1","0"
"k","e",,"394","774991","Root Finding Problem.py","1.1.1 for 2021-2022 @t1","0"
"e","t","","394","775053","Root Finding Problem.py","1.1.1 for 2021-2022 @t1","0"
"k","t",,"395","775054","Root Finding Problem.py","1.1.1 for 2021-2022 @t1","0"
"e","h","","395","775145","Root Finding Problem.py","1.1.1 for 2021-2022 @t1","0"
"k","h",,"396","775145","Root Finding Problem.py","1.1.1 for 2021-2022 @t1","0"
"e","o","","396","775258","Root Finding Problem.py","1.1.1 for 2021-2022 @t1","0"
"k","o",,"397","775258","Root Finding Problem.py","1.1.1 for 2021-2022 @t1","0"
"e","d","","397","775305","Root Finding Problem.py","1.1.1 for 2021-2022 @t1","0"
"k","d",,"398","775306","Root Finding Problem.py","1.1.1 for 2021-2022 @t1","0"
"e","(","","398","776394","Root Finding Problem.py","1.1.1 for 2021-2022 @t1","0"
"e",")","","399","776398","Root Finding Problem.py","1.1.1 for 2021-2022 @t1","0"
"k","(",,"399","776399","Root Finding Problem.py","1.1.1 for 2021-2022 @t1","0"
"k",")",,"400","776548","Root Finding Problem.py","1.1.1 for 2021-2022 @t1","0"
"e","
","","116","783782","Root Finding Problem.py","1.1.1 for 2021-2022 @t1","0"
"e","f","","115","784084","Root Finding Problem.py","1.1.1 for 2021-2022 @t1","0"
"k","f",,"116","784084","Root Finding Problem.py","1.1.1 for 2021-2022 @t1","0"
"e","","
f","114","784101","Root Finding Problem.py","1.1.1 for 2021-2022 @t1","0"
"e","
print(""\t3) Newton's Method"")","","226","784101","Root Finding Problem.py","1.1.1 for 2021-2022 @t1","0"
"e","","3) Newton's","206","784101","Root Finding Problem.py","1.1.1 for 2021-2022 @t1","0"
"e","2) Bisect","","206","784102","Root Finding Problem.py","1.1.1 for 2021-2022 @t1","0"
"e","","2) Bisect Method","178","784101","Root Finding Problem.py","1.1.1 for 2021-2022 @t1","0"
"e","1) Fixed Point Iteration","","178","784102","Root Finding Problem.py","1.1.1 for 2021-2022 @t1","0"
"e","","\t1) Fixed Point Iteration","140","784101","Root Finding Problem.py","1.1.1 for 2021-2022 @t1","0"
"e","","
print(""Methods"")","115","784101","Root Finding Problem.py","1.1.1 for 2021-2022 @t1","0"
"e","Methods","","140","784102","Root Finding Problem.py","1.1.1 for 2021-2022 @t1","0"
"e","f 
","","115","784102","Root Finding Problem.py","1.1.1 for 2021-2022 @t1","0"
"e",""," ","116","784275","Root Finding Problem.py","1.1.1 for 2021-2022 @t1","0"
"e","r","","116","784276","Root Finding Problem.py","1.1.1 for 2021-2022 @t1","0"
"k","r",,"117","784294","Root Finding Problem.py","1.1.1 for 2021-2022 @t1","0"
"e","o","","117","784325","Root Finding Problem.py","1.1.1 for 2021-2022 @t1","0"
"k","o",,"118","784333","Root Finding Problem.py","1.1.1 for 2021-2022 @t1","0"
"e","m","","118","784506","Root Finding Problem.py","1.1.1 for 2021-2022 @t1","0"
"k","m",,"119","784529","Root Finding Problem.py","1.1.1 for 2021-2022 @t1","0"
"e"," ","","119","784759","Root Finding Problem.py","1.1.1 for 2021-2022 @t1","0"
"k"," ",,"120","784764","Root Finding Problem.py","1.1.1 for 2021-2022 @t1","0"
"e","M","","120","784961","Root Finding Problem.py","1.1.1 for 2021-2022 @t1","0"
"k","M",,"121","784961","Root Finding Problem.py","1.1.1 for 2021-2022 @t1","0"
"e"," ","","121","784987","Root Finding Problem.py","1.1.1 for 2021-2022 @t1","0"
"e",""," ","121","785213","Root Finding Problem.py","1.1.1 for 2021-2022 @t1","0"
"e","e","","121","785214","Root Finding Problem.py","1.1.1 for 2021-2022 @t1","0"
"k","e",,"122","785226","Root Finding Problem.py","1.1.1 for 2021-2022 @t1","0"
"e","t","","122","785426","Root Finding Problem.py","1.1.1 for 2021-2022 @t1","0"
"k","t",,"123","785439","Root Finding Problem.py","1.1.1 for 2021-2022 @t1","0"
"e","h","","123","785525","Root Finding Problem.py","1.1.1 for 2021-2022 @t1","0"
"k","h",,"124","785532","Root Finding Problem.py","1.1.1 for 2021-2022 @t1","0"
"e","o","","124","785655","Root Finding Problem.py","1.1.1 for 2021-2022 @t1","0"
"k","o",,"125","785663","Root Finding Problem.py","1.1.1 for 2021-2022 @t1","0"
"e","d","","125","785682","Root Finding Problem.py","1.1.1 for 2021-2022 @t1","0"
"k","d",,"126","785690","Root Finding Problem.py","1.1.1 for 2021-2022 @t1","0"
"e","s","","126","785770","Root Finding Problem.py","1.1.1 for 2021-2022 @t1","0"
"k","s",,"127","785794","Root Finding Problem.py","1.1.1 for 2021-2022 @t1","0"
"e",".","","127","786103","Root Finding Problem.py","1.1.1 for 2021-2022 @t1","0"
"k",".",,"128","786103","Root Finding Problem.py","1.1.1 for 2021-2022 @t1","0"
"e"," ","","128","786119","Root Finding Problem.py","1.1.1 for 2021-2022 @t1","0"
"e",""," ","128","786980","Root Finding Problem.py","1.1.1 for 2021-2022 @t1","0"
"e","n","","128","786981","Root Finding Problem.py","1.1.1 for 2021-2022 @t1","0"
"k","n",,"129","786992","Root Finding Problem.py","1.1.1 for 2021-2022 @t1","0"
"e","e","","129","787065","Root Finding Problem.py","1.1.1 for 2021-2022 @t1","0"
"k","e",,"130","787074","Root Finding Problem.py","1.1.1 for 2021-2022 @t1","0"
"e","w","","130","787139","Root Finding Problem.py","1.1.1 for 2021-2022 @t1","0"
"k","w",,"131","787148","Root Finding Problem.py","1.1.1 for 2021-2022 @t1","0"
"e","t","","131","787302","Root Finding Problem.py","1.1.1 for 2021-2022 @t1","0"
"k","t",,"132","787313","Root Finding Problem.py","1.1.1 for 2021-2022 @t1","0"
"e","o","","132","787408","Root Finding Problem.py","1.1.1 for 2021-2022 @t1","0"
"k","o",,"133","787427","Root Finding Problem.py","1.1.1 for 2021-2022 @t1","0"
"e","n","","133","787490","Root Finding Problem.py","1.1.1 for 2021-2022 @t1","0"
"k","n",,"134","787498","Root Finding Problem.py","1.1.1 for 2021-2022 @t1","0"
"e","s","","134","787573","Root Finding Problem.py","1.1.1 for 2021-2022 @t1","0"
"k","s",,"135","787579","Root Finding Problem.py","1.1.1 for 2021-2022 @t1","0"
"e"," ","","135","788128","Root Finding Problem.py","1.1.1 for 2021-2022 @t1","0"
"k"," ",,"136","788128","Root Finding Problem.py","1.1.1 for 2021-2022 @t1","0"
"e","i","","136","788355","Root Finding Problem.py","1.1.1 for 2021-2022 @t1","0"
"k","i",,"137","788355","Root Finding Problem.py","1.1.1 for 2021-2022 @t1","0"
"e"," ","","137","788372","Root Finding Problem.py","1.1.1 for 2021-2022 @t1","0"
"e",""," ","137","788443","Root Finding Problem.py","1.1.1 for 2021-2022 @t1","0"
"e","m","","137","788444","Root Finding Problem.py","1.1.1 for 2021-2022 @t1","0"
"k","m",,"138","788450","Root Finding Problem.py","1.1.1 for 2021-2022 @t1","0"
"e","p","","138","788598","Root Finding Problem.py","1.1.1 for 2021-2022 @t1","0"
"k","p",,"139","788601","Root Finding Problem.py","1.1.1 for 2021-2022 @t1","0"
"e","o","","139","788739","Root Finding Problem.py","1.1.1 for 2021-2022 @t1","0"
"k","o",,"140","788747","Root Finding Problem.py","1.1.1 for 2021-2022 @t1","0"
"e","r","","140","788869","Root Finding Problem.py","1.1.1 for 2021-2022 @t1","0"
"k","r",,"141","788883","Root Finding Problem.py","1.1.1 for 2021-2022 @t1","0"
"e","t","","141","789031","Root Finding Problem.py","1.1.1 for 2021-2022 @t1","0"
"k","t",,"142","789060","Root Finding Problem.py","1.1.1 for 2021-2022 @t1","0"
"e"," ","","142","789118","Root Finding Problem.py","1.1.1 for 2021-2022 @t1","0"
"k"," ",,"143","789119","Root Finding Problem.py","1.1.1 for 2021-2022 @t1","0"
"e","n","","143","789792","Root Finding Problem.py","1.1.1 for 2021-2022 @t1","0"
"k","n",,"144","789800","Root Finding Problem.py","1.1.1 for 2021-2022 @t1","0"
"e"," ","","144","789816","Root Finding Problem.py","1.1.1 for 2021-2022 @t1","0"
"e",""," ","144","789892","Root Finding Problem.py","1.1.1 for 2021-2022 @t1","0"
"e","e","","144","789893","Root Finding Problem.py","1.1.1 for 2021-2022 @t1","0"
"k","e",,"145","789900","Root Finding Problem.py","1.1.1 for 2021-2022 @t1","0"
"e","w","","145","789958","Root Finding Problem.py","1.1.1 for 2021-2022 @t1","0"
"k","w",,"146","789962","Root Finding Problem.py","1.1.1 for 2021-2022 @t1","0"
"e","tonsMethod","","146","790646","Root Finding Problem.py","1.1.1 for 2021-2022 @t1","0"
"c","print(""\t3) Newton's Method"")",,"239","1922567","Root Finding Problem.py","1.1.1 for 2021-2022 @t1","0"
"e","
","","270","1924308","Root Finding Problem.py","1.1.1 for 2021-2022 @t1","0"
"p","print(""\t3) Newton's Method"")",,"269","1925121","Root Finding Problem.py","1.1.1 for 2021-2022 @t1","0"
"e","print(""\t3) Newton's Method"")","","269","1925121","Root Finding Problem.py","1.1.1 for 2021-2022 @t1","0"
"e","","3","278","1927272","Root Finding Problem.py","1.1.1 for 2021-2022 @t1","0"
"e","4","","278","1927502","Root Finding Problem.py","1.1.1 for 2021-2022 @t1","0"
"k","4",,"279","1927504","Root Finding Problem.py","1.1.1 for 2021-2022 @t1","0"
"e"," ","","279","1927533","Root Finding Problem.py","1.1.1 for 2021-2022 @t1","0"
"e",""," ","279","1929298","Root Finding Problem.py","1.1.1 for 2021-2022 @t1","0"
"e","","s","288","1929298","Root Finding Problem.py","1.1.1 for 2021-2022 @t1","0"
"e","","'","287","1929471","Root Finding Problem.py","1.1.1 for 2021-2022 @t1","0"
"e","","n","286","1929591","Root Finding Problem.py","1.1.1 for 2021-2022 @t1","0"
"e","","o","285","1929748","Root Finding Problem.py","1.1.1 for 2021-2022 @t1","0"
"e","","t","284","1929913","Root Finding Problem.py","1.1.1 for 2021-2022 @t1","0"
"e","","w","283","1930057","Root Finding Problem.py","1.1.1 for 2021-2022 @t1","0"
"e","","e","282","1930195","Root Finding Problem.py","1.1.1 for 2021-2022 @t1","0"
"e","","N","281","1930580","Root Finding Problem.py","1.1.1 for 2021-2022 @t1","0"
"e","S","","281","1930815","Root Finding Problem.py","1.1.1 for 2021-2022 @t1","0"
"k","S",,"282","1930816","Root Finding Problem.py","1.1.1 for 2021-2022 @t1","0"
"e"," ","","283","1930825","Root Finding Problem.py","1.1.1 for 2021-2022 @t1","0"
"e",""," ","282","1930938","Root Finding Problem.py","1.1.1 for 2021-2022 @t1","0"
"e","e","","282","1930939","Root Finding Problem.py","1.1.1 for 2021-2022 @t1","0"
"k","e",,"283","1930938","Root Finding Problem.py","1.1.1 for 2021-2022 @t1","0"
"e","c","","283","1931188","Root Finding Problem.py","1.1.1 for 2021-2022 @t1","0"
"k","c",,"284","1931188","Root Finding Problem.py","1.1.1 for 2021-2022 @t1","0"
"e","a","","284","1931311","Root Finding Problem.py","1.1.1 for 2021-2022 @t1","0"
"k","a",,"285","1931311","Root Finding Problem.py","1.1.1 for 2021-2022 @t1","0"
"e","n","","285","1931477","Root Finding Problem.py","1.1.1 for 2021-2022 @t1","0"
"k","n",,"286","1931484","Root Finding Problem.py","1.1.1 for 2021-2022 @t1","0"
"e","t","","286","1931533","Root Finding Problem.py","1.1.1 for 2021-2022 @t1","0"
"k","t",,"287","1931533","Root Finding Problem.py","1.1.1 for 2021-2022 @t1","0"
"e","    
","","471","1934214","Root Finding Problem.py","1.1.1 for 2021-2022 @t1","0"
"e",""," ","474","1934878","Root Finding Problem.py","1.1.1 for 2021-2022 @t1","0"
"e","","   ","471","1934878","Root Finding Problem.py","1.1.1 for 2021-2022 @t1","0"
"e","e","","471","1935180","Root Finding Problem.py","1.1.1 for 2021-2022 @t1","0"
"k","e",,"472","1935180","Root Finding Problem.py","1.1.1 for 2021-2022 @t1","0"
"e",""," ","282","1935190","Root Finding Problem.py","1.1.1 for 2021-2022 @t1","0"
"e","","ecant","282","1935190","Root Finding Problem.py","1.1.1 for 2021-2022 @t1","0"
"e","ecant","","282","1935191","Root Finding Problem.py","1.1.1 for 2021-2022 @t1","0"
"e"," ","","282","1935191","Root Finding Problem.py","1.1.1 for 2021-2022 @t1","0"
"e","","","467","1935190","Root Finding Problem.py","1.1.1 for 2021-2022 @t1","0"
"e"," ","","468","1935191","Root Finding Problem.py","1.1.1 for 2021-2022 @t1","0"
"e",""," ","472","1935332","Root Finding Problem.py","1.1.1 for 2021-2022 @t1","0"
"e","l","","472","1935333","Root Finding Problem.py","1.1.1 for 2021-2022 @t1","0"
"k","l",,"473","1935357","Root Finding Problem.py","1.1.1 for 2021-2022 @t1","0"
"e","i","","473","1935492","Root Finding Problem.py","1.1.1 for 2021-2022 @t1","0"
"k","i",,"474","1935508","Root Finding Problem.py","1.1.1 for 2021-2022 @t1","0"
"e","f","","474","1935572","Root Finding Problem.py","1.1.1 for 2021-2022 @t1","0"
"k","f",,"475","1935607","Root Finding Problem.py","1.1.1 for 2021-2022 @t1","0"
"e"," ","","475","1935718","Root Finding Problem.py","1.1.1 for 2021-2022 @t1","0"
"k"," ",,"476","1935718","Root Finding Problem.py","1.1.1 for 2021-2022 @t1","0"
"e","c","","476","1935916","Root Finding Problem.py","1.1.1 for 2021-2022 @t1","0"
"k","c",,"477","1935918","Root Finding Problem.py","1.1.1 for 2021-2022 @t1","0"
"e"," ","","477","1935946","Root Finding Problem.py","1.1.1 for 2021-2022 @t1","0"
"e",""," ","477","1936008","Root Finding Problem.py","1.1.1 for 2021-2022 @t1","0"
"e","h","","477","1936009","Root Finding Problem.py","1.1.1 for 2021-2022 @t1","0"
"k","h",,"478","1936009","Root Finding Problem.py","1.1.1 for 2021-2022 @t1","0"
"e"," ","","478","1936009","Root Finding Problem.py","1.1.1 for 2021-2022 @t1","0"
"e",""," ","478","1936125","Root Finding Problem.py","1.1.1 for 2021-2022 @t1","0"
"e","o","","478","1936126","Root Finding Problem.py","1.1.1 for 2021-2022 @t1","0"
"k","o",,"479","1936134","Root Finding Problem.py","1.1.1 for 2021-2022 @t1","0"
"e","i","","479","1936185","Root Finding Problem.py","1.1.1 for 2021-2022 @t1","0"
"k","i",,"480","1936185","Root Finding Problem.py","1.1.1 for 2021-2022 @t1","0"
"e","c","","480","1936269","Root Finding Problem.py","1.1.1 for 2021-2022 @t1","0"
"k","c",,"481","1936277","Root Finding Problem.py","1.1.1 for 2021-2022 @t1","0"
"e","e","","481","1936325","Root Finding Problem.py","1.1.1 for 2021-2022 @t1","0"
"k","e",,"482","1936335","Root Finding Problem.py","1.1.1 for 2021-2022 @t1","0"
"e"," ","","482","1936441","Root Finding Problem.py","1.1.1 for 2021-2022 @t1","0"
"k"," ",,"483","1936441","Root Finding Problem.py","1.1.1 for 2021-2022 @t1","0"
"e","=","","483","1937120","Root Finding Problem.py","1.1.1 for 2021-2022 @t1","0"
"k","=",,"484","1937127","Root Finding Problem.py","1.1.1 for 2021-2022 @t1","0"
"e","=","","484","1937508","Root Finding Problem.py","1.1.1 for 2021-2022 @t1","0"
"k","=",,"485","1937508","Root Finding Problem.py","1.1.1 for 2021-2022 @t1","0"
"e"," ","","485","1937791","Root Finding Problem.py","1.1.1 for 2021-2022 @t1","0"
"k"," ",,"486","1937791","Root Finding Problem.py","1.1.1 for 2021-2022 @t1","0"
"e","4","","486","1938074","Root Finding Problem.py","1.1.1 for 2021-2022 @t1","0"
"k","4",,"487","1938074","Root Finding Problem.py","1.1.1 for 2021-2022 @t1","0"
"e",":","","487","1938444","Root Finding Problem.py","1.1.1 for 2021-2022 @t1","0"
"k",":",,"488","1938445","Root Finding Problem.py","1.1.1 for 2021-2022 @t1","0"
"e","
","","489","1938682","Root Finding Problem.py","1.1.1 for 2021-2022 @t1","0"
"e","    ","","489","1938686","Root Finding Problem.py","1.1.1 for 2021-2022 @t1","0"
"e","s","","493","1939632","Root Finding Problem.py","1.1.1 for 2021-2022 @t1","0"
"k","s",,"494","1939632","Root Finding Problem.py","1.1.1 for 2021-2022 @t1","0"
"e"," ","","494","1939647","Root Finding Problem.py","1.1.1 for 2021-2022 @t1","0"
"e",""," ","494","1939716","Root Finding Problem.py","1.1.1 for 2021-2022 @t1","0"
"e","e","","494","1939717","Root Finding Problem.py","1.1.1 for 2021-2022 @t1","0"
"k","e",,"495","1939716","Root Finding Problem.py","1.1.1 for 2021-2022 @t1","0"
"e"," ","","495","1939724","Root Finding Problem.py","1.1.1 for 2021-2022 @t1","0"
"e",""," ","495","1939927","Root Finding Problem.py","1.1.1 for 2021-2022 @t1","0"
"e","c","","495","1939928","Root Finding Problem.py","1.1.1 for 2021-2022 @t1","0"
"k","c",,"496","1939954","Root Finding Problem.py","1.1.1 for 2021-2022 @t1","0"
"e","a","","496","1940133","Root Finding Problem.py","1.1.1 for 2021-2022 @t1","0"
"k","a",,"497","1940174","Root Finding Problem.py","1.1.1 for 2021-2022 @t1","0"
"e","n","","497","1940283","Root Finding Problem.py","1.1.1 for 2021-2022 @t1","0"
"k","n",,"498","1940283","Root Finding Problem.py","1.1.1 for 2021-2022 @t1","0"
"e","t","","498","1940364","Root Finding Problem.py","1.1.1 for 2021-2022 @t1","0"
"k","t",,"499","1940364","Root Finding Problem.py","1.1.1 for 2021-2022 @t1","0"
"e","e","","499","1940869","Root Finding Problem.py","1.1.1 for 2021-2022 @t1","0"
"k","e",,"500","1940869","Root Finding Problem.py","1.1.1 for 2021-2022 @t1","0"
"e","","e","499","1941254","Root Finding Problem.py","1.1.1 for 2021-2022 @t1","0"
"e","M","","499","1941351","Root Finding Problem.py","1.1.1 for 2021-2022 @t1","0"
"k","M",,"500","1941358","Root Finding Problem.py","1.1.1 for 2021-2022 @t1","0"
"e"," ","","500","1941371","Root Finding Problem.py","1.1.1 for 2021-2022 @t1","0"
"e",""," ","500","1941692","Root Finding Problem.py","1.1.1 for 2021-2022 @t1","0"
"e","e","","500","1941693","Root Finding Problem.py","1.1.1 for 2021-2022 @t1","0"
"k","e",,"501","1941692","Root Finding Problem.py","1.1.1 for 2021-2022 @t1","0"
"e","t","","501","1941765","Root Finding Problem.py","1.1.1 for 2021-2022 @t1","0"
"k","t",,"502","1941765","Root Finding Problem.py","1.1.1 for 2021-2022 @t1","0"
"e","h","","502","1941859","Root Finding Problem.py","1.1.1 for 2021-2022 @t1","0"
"k","h",,"503","1941860","Root Finding Problem.py","1.1.1 for 2021-2022 @t1","0"
"e","o","","503","1941962","Root Finding Problem.py","1.1.1 for 2021-2022 @t1","0"
"k","o",,"504","1941970","Root Finding Problem.py","1.1.1 for 2021-2022 @t1","0"
"e","d","","504","1942004","Root Finding Problem.py","1.1.1 for 2021-2022 @t1","0"
"k","d",,"505","1942004","Root Finding Problem.py","1.1.1 for 2021-2022 @t1","0"
"e","(","","505","1942563","Root Finding Problem.py","1.1.1 for 2021-2022 @t1","0"
"e",")","","506","1942564","Root Finding Problem.py","1.1.1 for 2021-2022 @t1","0"
"k","(",,"506","1942564","Root Finding Problem.py","1.1.1 for 2021-2022 @t1","0"
"k",")",,"507","1942718","Root Finding Problem.py","1.1.1 for 2021-2022 @t1","0"
"e","
","","158","1948455","Root Finding Problem.py","1.1.1 for 2021-2022 @t1","0"
"e","f","","157","1948609","Root Finding Problem.py","1.1.1 for 2021-2022 @t1","0"
"k","f",,"158","1948609","Root Finding Problem.py","1.1.1 for 2021-2022 @t1","0"
"e","","
f","156","1948625","Root Finding Problem.py","1.1.1 for 2021-2022 @t1","0"
"e","
print(""\t4) Secant Method"")","","296","1948625","Root Finding Problem.py","1.1.1 for 2021-2022 @t1","0"
"e","","4) Secant","278","1948625","Root Finding Problem.py","1.1.1 for 2021-2022 @t1","0"
"e","3) Newton's","","278","1948626","Root Finding Problem.py","1.1.1 for 2021-2022 @t1","0"
"e","","3) Newton's","248","1948625","Root Finding Problem.py","1.1.1 for 2021-2022 @t1","0"
"e","2) Bisect","","248","1948626","Root Finding Problem.py","1.1.1 for 2021-2022 @t1","0"
"e","","2) Bisect Method","220","1948625","Root Finding Problem.py","1.1.1 for 2021-2022 @t1","0"
"e","1) Fixed Point Iteration","","220","1948626","Root Finding Problem.py","1.1.1 for 2021-2022 @t1","0"
"e","","
print(""Methods"")","157","1948625","Root Finding Problem.py","1.1.1 for 2021-2022 @t1","0"
"e","f 
","","157","1948626","Root Finding Problem.py","1.1.1 for 2021-2022 @t1","0"
"e","","\t1) Fixed Point Iteration","182","1948625","Root Finding Problem.py","1.1.1 for 2021-2022 @t1","0"
"e","Methods","","182","1948626","Root Finding Problem.py","1.1.1 for 2021-2022 @t1","0"
"e",""," ","158","1948788","Root Finding Problem.py","1.1.1 for 2021-2022 @t1","0"
"e","r","","158","1948789","Root Finding Problem.py","1.1.1 for 2021-2022 @t1","0"
"k","r",,"159","1948793","Root Finding Problem.py","1.1.1 for 2021-2022 @t1","0"
"e","o","","159","1948868","Root Finding Problem.py","1.1.1 for 2021-2022 @t1","0"
"k","o",,"160","1948879","Root Finding Problem.py","1.1.1 for 2021-2022 @t1","0"
"e","m","","160","1948924","Root Finding Problem.py","1.1.1 for 2021-2022 @t1","0"
"k","m",,"161","1948944","Root Finding Problem.py","1.1.1 for 2021-2022 @t1","0"
"e"," ","","161","1949071","Root Finding Problem.py","1.1.1 for 2021-2022 @t1","0"
"k"," ",,"162","1949073","Root Finding Problem.py","1.1.1 for 2021-2022 @t1","0"
"e","M","","162","1949220","Root Finding Problem.py","1.1.1 for 2021-2022 @t1","0"
"k","M",,"163","1949220","Root Finding Problem.py","1.1.1 for 2021-2022 @t1","0"
"e"," ","","163","1949239","Root Finding Problem.py","1.1.1 for 2021-2022 @t1","0"
"e",""," ","163","1949377","Root Finding Problem.py","1.1.1 for 2021-2022 @t1","0"
"e","e","","163","1949378","Root Finding Problem.py","1.1.1 for 2021-2022 @t1","0"
"k","e",,"164","1949398","Root Finding Problem.py","1.1.1 for 2021-2022 @t1","0"
"e","t","","164","1949434","Root Finding Problem.py","1.1.1 for 2021-2022 @t1","0"
"k","t",,"165","1949444","Root Finding Problem.py","1.1.1 for 2021-2022 @t1","0"
"e","h","","165","1949509","Root Finding Problem.py","1.1.1 for 2021-2022 @t1","0"
"k","h",,"166","1949514","Root Finding Problem.py","1.1.1 for 2021-2022 @t1","0"
"e","o","","166","1949618","Root Finding Problem.py","1.1.1 for 2021-2022 @t1","0"
"k","o",,"167","1949622","Root Finding Problem.py","1.1.1 for 2021-2022 @t1","0"
"e","d","","167","1949653","Root Finding Problem.py","1.1.1 for 2021-2022 @t1","0"
"k","d",,"168","1949656","Root Finding Problem.py","1.1.1 for 2021-2022 @t1","0"
"e","s","","168","1949732","Root Finding Problem.py","1.1.1 for 2021-2022 @t1","0"
"k","s",,"169","1949743","Root Finding Problem.py","1.1.1 for 2021-2022 @t1","0"
"e",".","","169","1949873","Root Finding Problem.py","1.1.1 for 2021-2022 @t1","0"
"k",".",,"170","1949874","Root Finding Problem.py","1.1.1 for 2021-2022 @t1","0"
"e"," ","","170","1949880","Root Finding Problem.py","1.1.1 for 2021-2022 @t1","0"
"e",""," ","170","1950614","Root Finding Problem.py","1.1.1 for 2021-2022 @t1","0"
"e","s","","170","1950615","Root Finding Problem.py","1.1.1 for 2021-2022 @t1","0"
"k","s",,"171","1950624","Root Finding Problem.py","1.1.1 for 2021-2022 @t1","0"
"e","e","","171","1950744","Root Finding Problem.py","1.1.1 for 2021-2022 @t1","0"
"k","e",,"172","1950757","Root Finding Problem.py","1.1.1 for 2021-2022 @t1","0"
"e","cant","","172","1951563","Root Finding Problem.py","1.1.1 for 2021-2022 @t1","0"
"e"," import ","","176","1951571","Root Finding Problem.py","1.1.1 for 2021-2022 @t1","0"
"e","s","","184","1953282","Root Finding Problem.py","1.1.1 for 2021-2022 @t1","0"
"k","s",,"185","1953282","Root Finding Problem.py","1.1.1 for 2021-2022 @t1","0"
"e"," ","","185","1953292","Root Finding Problem.py","1.1.1 for 2021-2022 @t1","0"
"e",""," ","185","1953377","Root Finding Problem.py","1.1.1 for 2021-2022 @t1","0"
"e","e","","185","1953378","Root Finding Problem.py","1.1.1 for 2021-2022 @t1","0"
"k","e",,"186","1953377","Root Finding Problem.py","1.1.1 for 2021-2022 @t1","0"
"e","c","","186","1953556","Root Finding Problem.py","1.1.1 for 2021-2022 @t1","0"
"k","c",,"187","1953571","Root Finding Problem.py","1.1.1 for 2021-2022 @t1","0"
"e","antMethod","","187","1953820","Root Finding Problem.py","1.1.1 for 2021-2022 @t1","0"
"c","print(""\t4) Secant Method"")",,"309","2781897","Root Finding Problem.py","1.1.1 for 2021-2022 @t1","0"
"e","
","","338","2783698","Root Finding Problem.py","1.1.1 for 2021-2022 @t1","0"
"p","print(""\t4) Secant Method"")",,"337","2784344","Root Finding Problem.py","1.1.1 for 2021-2022 @t1","0"
"e","print(""\t4) Secant Method"")","","337","2784344","Root Finding Problem.py","1.1.1 for 2021-2022 @t1","0"
"e","","4","346","2786740","Root Finding Problem.py","1.1.1 for 2021-2022 @t1","0"
"e","5","","346","2786819","Root Finding Problem.py","1.1.1 for 2021-2022 @t1","0"
"k","5",,"347","2786819","Root Finding Problem.py","1.1.1 for 2021-2022 @t1","0"
"e"," ","","347","2786853","Root Finding Problem.py","1.1.1 for 2021-2022 @t1","0"
"e",""," ","347","2789041","Root Finding Problem.py","1.1.1 for 2021-2022 @t1","0"
"e","","d","361","2789041","Root Finding Problem.py","1.1.1 for 2021-2022 @t1","0"
"e","","o","360","2789548","Root Finding Problem.py","1.1.1 for 2021-2022 @t1","0"
"e","","h","359","2789579","Root Finding Problem.py","1.1.1 for 2021-2022 @t1","0"
"e","","t","358","2789613","Root Finding Problem.py","1.1.1 for 2021-2022 @t1","0"
"e","","e","357","2789677","Root Finding Problem.py","1.1.1 for 2021-2022 @t1","0"
"e","","M","356","2789683","Root Finding Problem.py","1.1.1 for 2021-2022 @t1","0"
"e",""," ","355","2789706","Root Finding Problem.py","1.1.1 for 2021-2022 @t1","0"
"e","","t","354","2789743","Root Finding Problem.py","1.1.1 for 2021-2022 @t1","0"
"e","","n","353","2789849","Root Finding Problem.py","1.1.1 for 2021-2022 @t1","0"
"e","","a","352","2790029","Root Finding Problem.py","1.1.1 for 2021-2022 @t1","0"
"e","","c","351","2790180","Root Finding Problem.py","1.1.1 for 2021-2022 @t1","0"
"e","","e","350","2790331","Root Finding Problem.py","1.1.1 for 2021-2022 @t1","0"
"e","","S","349","2790493","Root Finding Problem.py","1.1.1 for 2021-2022 @t1","0"
"e","N","","349","2791497","Root Finding Problem.py","1.1.1 for 2021-2022 @t1","0"
"k","N",,"350","2791497","Root Finding Problem.py","1.1.1 for 2021-2022 @t1","0"
"e"," ","","350","2791531","Root Finding Problem.py","1.1.1 for 2021-2022 @t1","0"
"e",""," ","350","2791720","Root Finding Problem.py","1.1.1 for 2021-2022 @t1","0"
"e","e","","350","2791721","Root Finding Problem.py","1.1.1 for 2021-2022 @t1","0"
"k","e",,"351","2791720","Root Finding Problem.py","1.1.1 for 2021-2022 @t1","0"
"e","w","","351","2791896","Root Finding Problem.py","1.1.1 for 2021-2022 @t1","0"
"k","w",,"352","2791897","Root Finding Problem.py","1.1.1 for 2021-2022 @t1","0"
"e","t","","352","2792103","Root Finding Problem.py","1.1.1 for 2021-2022 @t1","0"
"k","t",,"353","2792104","Root Finding Problem.py","1.1.1 for 2021-2022 @t1","0"
"e","o","","353","2792204","Root Finding Problem.py","1.1.1 for 2021-2022 @t1","0"
"k","o",,"354","2792204","Root Finding Problem.py","1.1.1 for 2021-2022 @t1","0"
"e","n","","354","2792324","Root Finding Problem.py","1.1.1 for 2021-2022 @t1","0"
"k","n",,"355","2792324","Root Finding Problem.py","1.1.1 for 2021-2022 @t1","0"
"e"," ","","355","2792433","Root Finding Problem.py","1.1.1 for 2021-2022 @t1","0"
"k"," ",,"356","2792433","Root Finding Problem.py","1.1.1 for 2021-2022 @t1","0"
"e","B","","356","2794858","Root Finding Problem.py","1.1.1 for 2021-2022 @t1","0"
"k","B",,"357","2794858","Root Finding Problem.py","1.1.1 for 2021-2022 @t1","0"
"e"," ","","357","2794874","Root Finding Problem.py","1.1.1 for 2021-2022 @t1","0"
"e",""," ","357","2795144","Root Finding Problem.py","1.1.1 for 2021-2022 @t1","0"
"e","i","","357","2795145","Root Finding Problem.py","1.1.1 for 2021-2022 @t1","0"
"k","i",,"358","2795144","Root Finding Problem.py","1.1.1 for 2021-2022 @t1","0"
"e","s","","358","2795211","Root Finding Problem.py","1.1.1 for 2021-2022 @t1","0"
"k","s",,"359","2795212","Root Finding Problem.py","1.1.1 for 2021-2022 @t1","0"
"e","e","","359","2795333","Root Finding Problem.py","1.1.1 for 2021-2022 @t1","0"
"k","e",,"360","2795333","Root Finding Problem.py","1.1.1 for 2021-2022 @t1","0"
"e","c","","360","2795702","Root Finding Problem.py","1.1.1 for 2021-2022 @t1","0"
"k","c",,"361","2795703","Root Finding Problem.py","1.1.1 for 2021-2022 @t1","0"
"e","t","","361","2795899","Root Finding Problem.py","1.1.1 for 2021-2022 @t1","0"
"k","t",,"362","2795900","Root Finding Problem.py","1.1.1 for 2021-2022 @t1","0"
"e"," ","","362","2796581","Root Finding Problem.py","1.1.1 for 2021-2022 @t1","0"
"k"," ",,"363","2796582","Root Finding Problem.py","1.1.1 for 2021-2022 @t1","0"
"e","H","","363","2796963","Root Finding Problem.py","1.1.1 for 2021-2022 @t1","0"
"k","H",,"364","2796965","Root Finding Problem.py","1.1.1 for 2021-2022 @t1","0"
"e"," ","","364","2796976","Root Finding Problem.py","1.1.1 for 2021-2022 @t1","0"
"e",""," ","364","2797197","Root Finding Problem.py","1.1.1 for 2021-2022 @t1","0"
"e","y","","364","2797198","Root Finding Problem.py","1.1.1 for 2021-2022 @t1","0"
"k","y",,"365","2797197","Root Finding Problem.py","1.1.1 for 2021-2022 @t1","0"
"e","b","","365","2797221","Root Finding Problem.py","1.1.1 for 2021-2022 @t1","0"
"k","b",,"366","2797223","Root Finding Problem.py","1.1.1 for 2021-2022 @t1","0"
"e","r","","366","2797424","Root Finding Problem.py","1.1.1 for 2021-2022 @t1","0"
"k","r",,"367","2797424","Root Finding Problem.py","1.1.1 for 2021-2022 @t1","0"
"e","i","","367","2797557","Root Finding Problem.py","1.1.1 for 2021-2022 @t1","0"
"k","i",,"368","2797557","Root Finding Problem.py","1.1.1 for 2021-2022 @t1","0"
"e","d","","368","2797647","Root Finding Problem.py","1.1.1 for 2021-2022 @t1","0"
"k","d",,"369","2797647","Root Finding Problem.py","1.1.1 for 2021-2022 @t1","0"
"e","    
","","583","2800569","Root Finding Problem.py","1.1.1 for 2021-2022 @t1","0"
"e","e","","587","2800781","Root Finding Problem.py","1.1.1 for 2021-2022 @t1","0"
"k","e",,"588","2800782","Root Finding Problem.py","1.1.1 for 2021-2022 @t1","0"
"e","","ybrid","364","2800796","Root Finding Problem.py","1.1.1 for 2021-2022 @t1","0"
"e"," ","","364","2800797","Root Finding Problem.py","1.1.1 for 2021-2022 @t1","0"
"e","","","579","2800796","Root Finding Problem.py","1.1.1 for 2021-2022 @t1","0"
"e"," ","","584","2800797","Root Finding Problem.py","1.1.1 for 2021-2022 @t1","0"
"e",""," ","364","2800796","Root Finding Problem.py","1.1.1 for 2021-2022 @t1","0"
"e","ybrid","","364","2800797","Root Finding Problem.py","1.1.1 for 2021-2022 @t1","0"
"e",""," ","588","2800907","Root Finding Problem.py","1.1.1 for 2021-2022 @t1","0"
"e","l","","588","2800908","Root Finding Problem.py","1.1.1 for 2021-2022 @t1","0"
"k","l",,"589","2800931","Root Finding Problem.py","1.1.1 for 2021-2022 @t1","0"
"e","","l","588","2801259","Root Finding Problem.py","1.1.1 for 2021-2022 @t1","0"
"e","","e","587","2801403","Root Finding Problem.py","1.1.1 for 2021-2022 @t1","0"
"e",""," ","586","2801562","Root Finding Problem.py","1.1.1 for 2021-2022 @t1","0"
"e","","   ","583","2801562","Root Finding Problem.py","1.1.1 for 2021-2022 @t1","0"
"e","e","","583","2802085","Root Finding Problem.py","1.1.1 for 2021-2022 @t1","0"
"k","e",,"584","2802087","Root Finding Problem.py","1.1.1 for 2021-2022 @t1","0"
"e"," ","","584","2802108","Root Finding Problem.py","1.1.1 for 2021-2022 @t1","0"
"e",""," ","584","2802181","Root Finding Problem.py","1.1.1 for 2021-2022 @t1","0"
"e","l","","584","2802182","Root Finding Problem.py","1.1.1 for 2021-2022 @t1","0"
"k","l",,"585","2802181","Root Finding Problem.py","1.1.1 for 2021-2022 @t1","0"
"e"," ","","585","2802185","Root Finding Problem.py","1.1.1 for 2021-2022 @t1","0"
"e",""," ","585","2802363","Root Finding Problem.py","1.1.1 for 2021-2022 @t1","0"
"e","i","","585","2802364","Root Finding Problem.py","1.1.1 for 2021-2022 @t1","0"
"k","i",,"586","2802401","Root Finding Problem.py","1.1.1 for 2021-2022 @t1","0"
"e","f","","586","2802460","Root Finding Problem.py","1.1.1 for 2021-2022 @t1","0"
"k","f",,"587","2802497","Root Finding Problem.py","1.1.1 for 2021-2022 @t1","0"
"e"," ","","587","2802647","Root Finding Problem.py","1.1.1 for 2021-2022 @t1","0"
"k"," ",,"588","2802648","Root Finding Problem.py","1.1.1 for 2021-2022 @t1","0"
"e","c","","588","2803041","Root Finding Problem.py","1.1.1 for 2021-2022 @t1","0"
"k","c",,"589","2803042","Root Finding Problem.py","1.1.1 for 2021-2022 @t1","0"
"e"," ","","589","2803046","Root Finding Problem.py","1.1.1 for 2021-2022 @t1","0"
"e",""," ","589","2803125","Root Finding Problem.py","1.1.1 for 2021-2022 @t1","0"
"e","h","","589","2803126","Root Finding Problem.py","1.1.1 for 2021-2022 @t1","0"
"k","h",,"590","2803141","Root Finding Problem.py","1.1.1 for 2021-2022 @t1","0"
"e","o","","590","2803165","Root Finding Problem.py","1.1.1 for 2021-2022 @t1","0"
"k","o",,"591","2803198","Root Finding Problem.py","1.1.1 for 2021-2022 @t1","0"
"e","i","","591","2803234","Root Finding Problem.py","1.1.1 for 2021-2022 @t1","0"
"k","i",,"592","2803239","Root Finding Problem.py","1.1.1 for 2021-2022 @t1","0"
"e","c","","592","2803314","Root Finding Problem.py","1.1.1 for 2021-2022 @t1","0"
"k","c",,"593","2803314","Root Finding Problem.py","1.1.1 for 2021-2022 @t1","0"
"e","e","","593","2803365","Root Finding Problem.py","1.1.1 for 2021-2022 @t1","0"
"k","e",,"594","2803381","Root Finding Problem.py","1.1.1 for 2021-2022 @t1","0"
"e"," ","","594","2803575","Root Finding Problem.py","1.1.1 for 2021-2022 @t1","0"
"k"," ",,"595","2803577","Root Finding Problem.py","1.1.1 for 2021-2022 @t1","0"
"e","=","","595","2804194","Root Finding Problem.py","1.1.1 for 2021-2022 @t1","0"
"k","=",,"596","2804195","Root Finding Problem.py","1.1.1 for 2021-2022 @t1","0"
"e","=","","596","2804299","Root Finding Problem.py","1.1.1 for 2021-2022 @t1","0"
"k","=",,"597","2804299","Root Finding Problem.py","1.1.1 for 2021-2022 @t1","0"
"e"," ","","597","2804586","Root Finding Problem.py","1.1.1 for 2021-2022 @t1","0"
"k"," ",,"598","2804586","Root Finding Problem.py","1.1.1 for 2021-2022 @t1","0"
"e","5","","598","2804956","Root Finding Problem.py","1.1.1 for 2021-2022 @t1","0"
"k","5",,"599","2804957","Root Finding Problem.py","1.1.1 for 2021-2022 @t1","0"
"e",":","","599","2805342","Root Finding Problem.py","1.1.1 for 2021-2022 @t1","0"
"k",":",,"600","2805342","Root Finding Problem.py","1.1.1 for 2021-2022 @t1","0"
"e","
","","601","2805552","Root Finding Problem.py","1.1.1 for 2021-2022 @t1","0"
"e","    ","","601","2805560","Root Finding Problem.py","1.1.1 for 2021-2022 @t1","0"
"e","n","","605","2808147","Root Finding Problem.py","1.1.1 for 2021-2022 @t1","0"
"k","n",,"606","2808147","Root Finding Problem.py","1.1.1 for 2021-2022 @t1","0"
"e"," ","","606","2808155","Root Finding Problem.py","1.1.1 for 2021-2022 @t1","0"
"e",""," ","606","2808319","Root Finding Problem.py","1.1.1 for 2021-2022 @t1","0"
"e","e","","606","2808320","Root Finding Problem.py","1.1.1 for 2021-2022 @t1","0"
"k","e",,"607","2808346","Root Finding Problem.py","1.1.1 for 2021-2022 @t1","0"
"e","w","","607","2808421","Root Finding Problem.py","1.1.1 for 2021-2022 @t1","0"
"k","w",,"608","2808440","Root Finding Problem.py","1.1.1 for 2021-2022 @t1","0"
"e","t","","608","2808628","Root Finding Problem.py","1.1.1 for 2021-2022 @t1","0"
"k","t",,"609","2808636","Root Finding Problem.py","1.1.1 for 2021-2022 @t1","0"
"e","o","","609","2808759","Root Finding Problem.py","1.1.1 for 2021-2022 @t1","0"
"k","o",,"610","2808767","Root Finding Problem.py","1.1.1 for 2021-2022 @t1","0"
"e","n","","610","2808867","Root Finding Problem.py","1.1.1 for 2021-2022 @t1","0"
"k","n",,"611","2808867","Root Finding Problem.py","1.1.1 for 2021-2022 @t1","0"
"e","H","","611","2809661","Root Finding Problem.py","1.1.1 for 2021-2022 @t1","0"
"k","H",,"612","2809682","Root Finding Problem.py","1.1.1 for 2021-2022 @t1","0"
"e","y","","612","2809936","Root Finding Problem.py","1.1.1 for 2021-2022 @t1","0"
"k","y",,"613","2809937","Root Finding Problem.py","1.1.1 for 2021-2022 @t1","0"
"e","b","","613","2810101","Root Finding Problem.py","1.1.1 for 2021-2022 @t1","0"
"k","b",,"614","2810101","Root Finding Problem.py","1.1.1 for 2021-2022 @t1","0"
"e","r","","614","2810277","Root Finding Problem.py","1.1.1 for 2021-2022 @t1","0"
"k","r",,"615","2810281","Root Finding Problem.py","1.1.1 for 2021-2022 @t1","0"
"e","i","","615","2810381","Root Finding Problem.py","1.1.1 for 2021-2022 @t1","0"
"k","i",,"616","2810382","Root Finding Problem.py","1.1.1 for 2021-2022 @t1","0"
"e","d","","616","2810484","Root Finding Problem.py","1.1.1 for 2021-2022 @t1","0"
"k","d",,"617","2810484","Root Finding Problem.py","1.1.1 for 2021-2022 @t1","0"
"e","(","","617","2811253","Root Finding Problem.py","1.1.1 for 2021-2022 @t1","0"
"e",")","","618","2811255","Root Finding Problem.py","1.1.1 for 2021-2022 @t1","0"
"k","(",,"618","2811255","Root Finding Problem.py","1.1.1 for 2021-2022 @t1","0"
"k",")",,"619","2811613","Root Finding Problem.py","1.1.1 for 2021-2022 @t1","0"
"e","
","","198","2813936","Root Finding Problem.py","1.1.1 for 2021-2022 @t1","0"
"e","f","","197","2814132","Root Finding Problem.py","1.1.1 for 2021-2022 @t1","0"
"k","f",,"198","2814133","Root Finding Problem.py","1.1.1 for 2021-2022 @t1","0"
"e","","
f","196","2814150","Root Finding Problem.py","1.1.1 for 2021-2022 @t1","0"
"e","
print(""\t5) Newton Bisect Hybrid"")","","371","2814150","Root Finding Problem.py","1.1.1 for 2021-2022 @t1","0"
"e","","5) Newton Bisect Hybri","346","2814150","Root Finding Problem.py","1.1.1 for 2021-2022 @t1","0"
"e","4) Secant Metho","","346","2814151","Root Finding Problem.py","1.1.1 for 2021-2022 @t1","0"
"e","","4) Secant","318","2814150","Root Finding Problem.py","1.1.1 for 2021-2022 @t1","0"
"e","3) Newton's","","318","2814151","Root Finding Problem.py","1.1.1 for 2021-2022 @t1","0"
"e","","3) Newton's","288","2814150","Root Finding Problem.py","1.1.1 for 2021-2022 @t1","0"
"e","2) Bisect","","288","2814151","Root Finding Problem.py","1.1.1 for 2021-2022 @t1","0"
"e","","2) Bisect Method","260","2814150","Root Finding Problem.py","1.1.1 for 2021-2022 @t1","0"
"e","1) Fixed Point Iteration","","260","2814151","Root Finding Problem.py","1.1.1 for 2021-2022 @t1","0"
"e","","\t1) Fixed Point Iteration","222","2814150","Root Finding Problem.py","1.1.1 for 2021-2022 @t1","0"
"e","Methods","","222","2814151","Root Finding Problem.py","1.1.1 for 2021-2022 @t1","0"
"e","","
print(""Methods"")","197","2814150","Root Finding Problem.py","1.1.1 for 2021-2022 @t1","0"
"e","f 
","","197","2814151","Root Finding Problem.py","1.1.1 for 2021-2022 @t1","0"
"e",""," ","198","2814295","Root Finding Problem.py","1.1.1 for 2021-2022 @t1","0"
"e","r","","198","2814296","Root Finding Problem.py","1.1.1 for 2021-2022 @t1","0"
"k","r",,"199","2814304","Root Finding Problem.py","1.1.1 for 2021-2022 @t1","0"
"e","o","","199","2814322","Root Finding Problem.py","1.1.1 for 2021-2022 @t1","0"
"k","o",,"200","2814335","Root Finding Problem.py","1.1.1 for 2021-2022 @t1","0"
"e","m","","200","2814384","Root Finding Problem.py","1.1.1 for 2021-2022 @t1","0"
"k","m",,"201","2814396","Root Finding Problem.py","1.1.1 for 2021-2022 @t1","0"
"e"," ","","201","2814543","Root Finding Problem.py","1.1.1 for 2021-2022 @t1","0"
"k"," ",,"202","2814545","Root Finding Problem.py","1.1.1 for 2021-2022 @t1","0"
"e","M","","202","2814719","Root Finding Problem.py","1.1.1 for 2021-2022 @t1","0"
"k","M",,"203","2814719","Root Finding Problem.py","1.1.1 for 2021-2022 @t1","0"
"e"," ","","203","2814735","Root Finding Problem.py","1.1.1 for 2021-2022 @t1","0"
"e",""," ","203","2814916","Root Finding Problem.py","1.1.1 for 2021-2022 @t1","0"
"e","e","","203","2814917","Root Finding Problem.py","1.1.1 for 2021-2022 @t1","0"
"k","e",,"204","2814924","Root Finding Problem.py","1.1.1 for 2021-2022 @t1","0"
"e","t","","204","2814965","Root Finding Problem.py","1.1.1 for 2021-2022 @t1","0"
"k","t",,"205","2814973","Root Finding Problem.py","1.1.1 for 2021-2022 @t1","0"
"e","h","","205","2815051","Root Finding Problem.py","1.1.1 for 2021-2022 @t1","0"
"k","h",,"206","2815056","Root Finding Problem.py","1.1.1 for 2021-2022 @t1","0"
"e","o","","206","2815152","Root Finding Problem.py","1.1.1 for 2021-2022 @t1","0"
"k","o",,"207","2815152","Root Finding Problem.py","1.1.1 for 2021-2022 @t1","0"
"e","d","","207","2815214","Root Finding Problem.py","1.1.1 for 2021-2022 @t1","0"
"k","d",,"208","2815214","Root Finding Problem.py","1.1.1 for 2021-2022 @t1","0"
"e","s","","208","2815280","Root Finding Problem.py","1.1.1 for 2021-2022 @t1","0"
"k","s",,"209","2815285","Root Finding Problem.py","1.1.1 for 2021-2022 @t1","0"
"e",".","","209","2815420","Root Finding Problem.py","1.1.1 for 2021-2022 @t1","0"
"k",".",,"210","2815422","Root Finding Problem.py","1.1.1 for 2021-2022 @t1","0"
"e"," ","","210","2815441","Root Finding Problem.py","1.1.1 for 2021-2022 @t1","0"
"e",""," ","210","2816816","Root Finding Problem.py","1.1.1 for 2021-2022 @t1","0"
"e","n","","210","2816817","Root Finding Problem.py","1.1.1 for 2021-2022 @t1","0"
"k","n",,"211","2816841","Root Finding Problem.py","1.1.1 for 2021-2022 @t1","0"
"e","e","","211","2816884","Root Finding Problem.py","1.1.1 for 2021-2022 @t1","0"
"k","e",,"212","2816900","Root Finding Problem.py","1.1.1 for 2021-2022 @t1","0"
"e","w","","212","2816943","Root Finding Problem.py","1.1.1 for 2021-2022 @t1","0"
"k","w",,"213","2816948","Root Finding Problem.py","1.1.1 for 2021-2022 @t1","0"
"e","H","","213","2818033","Root Finding Problem.py","1.1.1 for 2021-2022 @t1","0"
"k","H",,"214","2818048","Root Finding Problem.py","1.1.1 for 2021-2022 @t1","0"
"e","","H","213","2818793","Root Finding Problem.py","1.1.1 for 2021-2022 @t1","0"
"e","t","","213","2818915","Root Finding Problem.py","1.1.1 for 2021-2022 @t1","0"
"k","t",,"214","2818925","Root Finding Problem.py","1.1.1 for 2021-2022 @t1","0"
"e","H","","214","2819280","Root Finding Problem.py","1.1.1 for 2021-2022 @t1","0"
"k","H",,"215","2819299","Root Finding Problem.py","1.1.1 for 2021-2022 @t1","0"
"e","ybrid","","215","2819699","Root Finding Problem.py","1.1.1 for 2021-2022 @t1","0"
"e"," import ","","220","2819715","Root Finding Problem.py","1.1.1 for 2021-2022 @t1","0"
"e","n","","228","2820964","Root Finding Problem.py","1.1.1 for 2021-2022 @t1","0"
"k","n",,"229","2820965","Root Finding Problem.py","1.1.1 for 2021-2022 @t1","0"
"e"," ","","229","2820972","Root Finding Problem.py","1.1.1 for 2021-2022 @t1","0"
"e",""," ","229","2821092","Root Finding Problem.py","1.1.1 for 2021-2022 @t1","0"
"e","e","","229","2821093","Root Finding Problem.py","1.1.1 for 2021-2022 @t1","0"
"k","e",,"230","2821102","Root Finding Problem.py","1.1.1 for 2021-2022 @t1","0"
"e","w","","230","2821240","Root Finding Problem.py","1.1.1 for 2021-2022 @t1","0"
"k","w",,"231","2821250","Root Finding Problem.py","1.1.1 for 2021-2022 @t1","0"
"e","tonHybrid","","231","2821598","Root Finding Problem.py","1.1.1 for 2021-2022 @t1","0"
"c","print(""\t5) Newton Bisect Hybrid"")",,"381","3325402","Root Finding Problem.py","1.1.1 for 2021-2022 @t1","0"
"e",""," ","399","3328680","Root Finding Problem.py","1.1.1 for 2021-2022 @t1","0"
"e","\","","399","3328901","Root Finding Problem.py","1.1.1 for 2021-2022 @t1","0"
"k","\",,"400","3328901","Root Finding Problem.py","1.1.1 for 2021-2022 @t1","0"
"e","","\","399","3330022","Root Finding Problem.py","1.1.1 for 2021-2022 @t1","0"
"e","/","","399","3330413","Root Finding Problem.py","1.1.1 for 2021-2022 @t1","0"
"k","/",,"400","3330414","Root Finding Problem.py","1.1.1 for 2021-2022 @t1","0"
"e","
","","417","3336598","Root Finding Problem.py","1.1.1 for 2021-2022 @t1","0"
"p","print(""\t5) Newton Bisect Hybrid"")",,"416","3337368","Root Finding Problem.py","1.1.1 for 2021-2022 @t1","0"
"e","print(""\t5) Newton Bisect Hybrid"")","","416","3337368","Root Finding Problem.py","1.1.1 for 2021-2022 @t1","0"
"e",""," ","434","3339531","Root Finding Problem.py","1.1.1 for 2021-2022 @t1","0"
"e","","n","433","3339691","Root Finding Problem.py","1.1.1 for 2021-2022 @t1","0"
"e","","o","432","3339825","Root Finding Problem.py","1.1.1 for 2021-2022 @t1","0"
"e","","t","431","3339950","Root Finding Problem.py","1.1.1 for 2021-2022 @t1","0"
"e","","w","430","3340085","Root Finding Problem.py","1.1.1 for 2021-2022 @t1","0"
"e","","e","429","3340198","Root Finding Problem.py","1.1.1 for 2021-2022 @t1","0"
"e","","N","428","3340372","Root Finding Problem.py","1.1.1 for 2021-2022 @t1","0"
"e","S","","428","3340662","Root Finding Problem.py","1.1.1 for 2021-2022 @t1","0"
"k","S",,"429","3340663","Root Finding Problem.py","1.1.1 for 2021-2022 @t1","0"
"e"," ","","429","3340688","Root Finding Problem.py","1.1.1 for 2021-2022 @t1","0"
"e",""," ","429","3340933","Root Finding Problem.py","1.1.1 for 2021-2022 @t1","0"
"e","e","","429","3340934","Root Finding Problem.py","1.1.1 for 2021-2022 @t1","0"
"k","e",,"430","3340934","Root Finding Problem.py","1.1.1 for 2021-2022 @t1","0"
"e","c","","430","3341127","Root Finding Problem.py","1.1.1 for 2021-2022 @t1","0"
"k","c",,"431","3341127","Root Finding Problem.py","1.1.1 for 2021-2022 @t1","0"
"e","a","","431","3341241","Root Finding Problem.py","1.1.1 for 2021-2022 @t1","0"
"k","a",,"432","3341241","Root Finding Problem.py","1.1.1 for 2021-2022 @t1","0"
"e","n","","432","3341355","Root Finding Problem.py","1.1.1 for 2021-2022 @t1","0"
"k","n",,"433","3341355","Root Finding Problem.py","1.1.1 for 2021-2022 @t1","0"
"e","t","","433","3341475","Root Finding Problem.py","1.1.1 for 2021-2022 @t1","0"
"k","t",,"434","3341475","Root Finding Problem.py","1.1.1 for 2021-2022 @t1","0"
"e","\","","434","3342138","Root Finding Problem.py","1.1.1 for 2021-2022 @t1","0"
"k","\",,"435","3342138","Root Finding Problem.py","1.1.1 for 2021-2022 @t1","0"
"e","","\","434","3342596","Root Finding Problem.py","1.1.1 for 2021-2022 @t1","0"
"e","/","","434","3343180","Root Finding Problem.py","1.1.1 for 2021-2022 @t1","0"
"k","/",,"435","3343181","Root Finding Problem.py","1.1.1 for 2021-2022 @t1","0"
"e","","5","425","3345496","Root Finding Problem.py","1.1.1 for 2021-2022 @t1","0"
"e","6","","425","3345589","Root Finding Problem.py","1.1.1 for 2021-2022 @t1","0"
"k","6",,"426","3345589","Root Finding Problem.py","1.1.1 for 2021-2022 @t1","0"
"e"," ","","426","3345624","Root Finding Problem.py","1.1.1 for 2021-2022 @t1","0"
"e",""," ","426","3348235","Root Finding Problem.py","1.1.1 for 2021-2022 @t1","0"
"e","","","451","3348235","Root Finding Problem.py","1.1.1 for 2021-2022 @t1","0"
"e","","","680","3348235","Root Finding Problem.py","1.1.1 for 2021-2022 @t1","0"
"e","    
","","699","3348235","Root Finding Problem.py","1.1.1 for 2021-2022 @t1","0"
"e","e","","703","3348503","Root Finding Problem.py","1.1.1 for 2021-2022 @t1","0"
"k","e",,"704","3348503","Root Finding Problem.py","1.1.1 for 2021-2022 @t1","0"
"e"," ","","426","3348518","Root Finding Problem.py","1.1.1 for 2021-2022 @t1","0"
"e"," ","","705","3348518","Root Finding Problem.py","1.1.1 for 2021-2022 @t1","0"
"e",""," ","426","3348518","Root Finding Problem.py","1.1.1 for 2021-2022 @t1","0"
"e","","e ","703","3348894","Root Finding Problem.py","1.1.1 for 2021-2022 @t1","0"
"e",""," ","702","3349026","Root Finding Problem.py","1.1.1 for 2021-2022 @t1","0"
"e","","   ","699","3349027","Root Finding Problem.py","1.1.1 for 2021-2022 @t1","0"
"e","e","","699","3349455","Root Finding Problem.py","1.1.1 for 2021-2022 @t1","0"
"k","e",,"700","3349455","Root Finding Problem.py","1.1.1 for 2021-2022 @t1","0"
"e"," ","","700","3349460","Root Finding Problem.py","1.1.1 for 2021-2022 @t1","0"
"e",""," ","700","3349555","Root Finding Problem.py","1.1.1 for 2021-2022 @t1","0"
"e","l","","700","3349556","Root Finding Problem.py","1.1.1 for 2021-2022 @t1","0"
"k","l",,"701","3349570","Root Finding Problem.py","1.1.1 for 2021-2022 @t1","0"
"e","i","","701","3349707","Root Finding Problem.py","1.1.1 for 2021-2022 @t1","0"
"k","i",,"702","3349721","Root Finding Problem.py","1.1.1 for 2021-2022 @t1","0"
"e","f","","702","3349776","Root Finding Problem.py","1.1.1 for 2021-2022 @t1","0"
"k","f",,"703","3349809","Root Finding Problem.py","1.1.1 for 2021-2022 @t1","0"
"e"," ","","703","3349896","Root Finding Problem.py","1.1.1 for 2021-2022 @t1","0"
"k"," ",,"704","3349897","Root Finding Problem.py","1.1.1 for 2021-2022 @t1","0"
"e","c","","704","3350103","Root Finding Problem.py","1.1.1 for 2021-2022 @t1","0"
"k","c",,"705","3350103","Root Finding Problem.py","1.1.1 for 2021-2022 @t1","0"
"e"," ","","705","3350119","Root Finding Problem.py","1.1.1 for 2021-2022 @t1","0"
"e",""," ","705","3350473","Root Finding Problem.py","1.1.1 for 2021-2022 @t1","0"
"e","h","","705","3350474","Root Finding Problem.py","1.1.1 for 2021-2022 @t1","0"
"k","h",,"706","3350504","Root Finding Problem.py","1.1.1 for 2021-2022 @t1","0"
"e","o","","706","3350554","Root Finding Problem.py","1.1.1 for 2021-2022 @t1","0"
"k","o",,"707","3350570","Root Finding Problem.py","1.1.1 for 2021-2022 @t1","0"
"e","i","","707","3350648","Root Finding Problem.py","1.1.1 for 2021-2022 @t1","0"
"k","i",,"708","3350661","Root Finding Problem.py","1.1.1 for 2021-2022 @t1","0"
"e","c","","708","3350674","Root Finding Problem.py","1.1.1 for 2021-2022 @t1","0"
"k","c",,"709","3350680","Root Finding Problem.py","1.1.1 for 2021-2022 @t1","0"
"e","e","","709","3350750","Root Finding Problem.py","1.1.1 for 2021-2022 @t1","0"
"k","e",,"710","3350769","Root Finding Problem.py","1.1.1 for 2021-2022 @t1","0"
"e"," ","","710","3351181","Root Finding Problem.py","1.1.1 for 2021-2022 @t1","0"
"k"," ",,"711","3351181","Root Finding Problem.py","1.1.1 for 2021-2022 @t1","0"
"e","=","","711","3351850","Root Finding Problem.py","1.1.1 for 2021-2022 @t1","0"
"k","=",,"712","3351853","Root Finding Problem.py","1.1.1 for 2021-2022 @t1","0"
"e","=","","712","3351966","Root Finding Problem.py","1.1.1 for 2021-2022 @t1","0"
"k","=",,"713","3351966","Root Finding Problem.py","1.1.1 for 2021-2022 @t1","0"
"e"," ","","713","3352236","Root Finding Problem.py","1.1.1 for 2021-2022 @t1","0"
"k"," ",,"714","3352236","Root Finding Problem.py","1.1.1 for 2021-2022 @t1","0"
"e","6","","714","3352685","Root Finding Problem.py","1.1.1 for 2021-2022 @t1","0"
"k","6",,"715","3352686","Root Finding Problem.py","1.1.1 for 2021-2022 @t1","0"
"e",":","","715","3353015","Root Finding Problem.py","1.1.1 for 2021-2022 @t1","0"
"k",":",,"716","3353015","Root Finding Problem.py","1.1.1 for 2021-2022 @t1","0"
"e","
","","717","3353269","Root Finding Problem.py","1.1.1 for 2021-2022 @t1","0"
"e","    ","","717","3353272","Root Finding Problem.py","1.1.1 for 2021-2022 @t1","0"
"e","s","","721","3358619","Root Finding Problem.py","1.1.1 for 2021-2022 @t1","0"
"k","s",,"722","3358620","Root Finding Problem.py","1.1.1 for 2021-2022 @t1","0"
"e"," ","","722","3358629","Root Finding Problem.py","1.1.1 for 2021-2022 @t1","0"
"e",""," ","722","3358763","Root Finding Problem.py","1.1.1 for 2021-2022 @t1","0"
"e","e","","722","3358764","Root Finding Problem.py","1.1.1 for 2021-2022 @t1","0"
"k","e",,"723","3358782","Root Finding Problem.py","1.1.1 for 2021-2022 @t1","0"
"e","c","","723","3358949","Root Finding Problem.py","1.1.1 for 2021-2022 @t1","0"
"k","c",,"724","3358968","Root Finding Problem.py","1.1.1 for 2021-2022 @t1","0"
"e","a","","724","3359083","Root Finding Problem.py","1.1.1 for 2021-2022 @t1","0"
"k","a",,"725","3359118","Root Finding Problem.py","1.1.1 for 2021-2022 @t1","0"
"e","n","","725","3359245","Root Finding Problem.py","1.1.1 for 2021-2022 @t1","0"
"k","n",,"726","3359246","Root Finding Problem.py","1.1.1 for 2021-2022 @t1","0"
"e","t","","726","3359327","Root Finding Problem.py","1.1.1 for 2021-2022 @t1","0"
"k","t",,"727","3359335","Root Finding Problem.py","1.1.1 for 2021-2022 @t1","0"
"e","H","","727","3359806","Root Finding Problem.py","1.1.1 for 2021-2022 @t1","0"
"k","H",,"728","3359822","Root Finding Problem.py","1.1.1 for 2021-2022 @t1","0"
"e","y","","728","3360215","Root Finding Problem.py","1.1.1 for 2021-2022 @t1","0"
"k","y",,"729","3360215","Root Finding Problem.py","1.1.1 for 2021-2022 @t1","0"
"e","b","","729","3360447","Root Finding Problem.py","1.1.1 for 2021-2022 @t1","0"
"k","b",,"730","3360449","Root Finding Problem.py","1.1.1 for 2021-2022 @t1","0"
"e","i","","730","3360735","Root Finding Problem.py","1.1.1 for 2021-2022 @t1","0"
"k","i",,"731","3360736","Root Finding Problem.py","1.1.1 for 2021-2022 @t1","0"
"e","","i","730","3361206","Root Finding Problem.py","1.1.1 for 2021-2022 @t1","0"
"e","r","","730","3361273","Root Finding Problem.py","1.1.1 for 2021-2022 @t1","0"
"k","r",,"731","3361273","Root Finding Problem.py","1.1.1 for 2021-2022 @t1","0"
"e"," ","","731","3361288","Root Finding Problem.py","1.1.1 for 2021-2022 @t1","0"
"e",""," ","731","3361372","Root Finding Problem.py","1.1.1 for 2021-2022 @t1","0"
"e","i","","731","3361373","Root Finding Problem.py","1.1.1 for 2021-2022 @t1","0"
"k","i",,"732","3361372","Root Finding Problem.py","1.1.1 for 2021-2022 @t1","0"
"e"," ","","732","3361375","Root Finding Problem.py","1.1.1 for 2021-2022 @t1","0"
"e",""," ","732","3361428","Root Finding Problem.py","1.1.1 for 2021-2022 @t1","0"
"e","d","","732","3361429","Root Finding Problem.py","1.1.1 for 2021-2022 @t1","0"
"k","d",,"733","3361428","Root Finding Problem.py","1.1.1 for 2021-2022 @t1","0"
"e","(","","733","3361922","Root Finding Problem.py","1.1.1 for 2021-2022 @t1","0"
"e",")","","734","3361923","Root Finding Problem.py","1.1.1 for 2021-2022 @t1","0"
"k","(",,"734","3361923","Root Finding Problem.py","1.1.1 for 2021-2022 @t1","0"
"e","0","","734","3362950","Root Finding Problem.py","1.1.1 for 2021-2022 @t1","0"
"k","0",,"735","3362951","Root Finding Problem.py","1.1.1 for 2021-2022 @t1","0"
"e","","0","734","3364010","Root Finding Problem.py","1.1.1 for 2021-2022 @t1","0"
"e","    
","","736","3364913","Root Finding Problem.py","1.1.1 for 2021-2022 @t1","0"
"e",""," ","739","3365459","Root Finding Problem.py","1.1.1 for 2021-2022 @t1","0"
"e","","   ","736","3365459","Root Finding Problem.py","1.1.1 for 2021-2022 @t1","0"
"e","e","","736","3365715","Root Finding Problem.py","1.1.1 for 2021-2022 @t1","0"
"k","e",,"737","3365716","Root Finding Problem.py","1.1.1 for 2021-2022 @t1","0"
"e"," ","","737","3365725","Root Finding Problem.py","1.1.1 for 2021-2022 @t1","0"
"e",""," ","737","3365852","Root Finding Problem.py","1.1.1 for 2021-2022 @t1","0"
"e","l","","737","3365853","Root Finding Problem.py","1.1.1 for 2021-2022 @t1","0"
"k","l",,"738","3365867","Root Finding Problem.py","1.1.1 for 2021-2022 @t1","0"
"e","s","","738","3365917","Root Finding Problem.py","1.1.1 for 2021-2022 @t1","0"
"k","s",,"739","3365925","Root Finding Problem.py","1.1.1 for 2021-2022 @t1","0"
"e","e","","739","3365979","Root Finding Problem.py","1.1.1 for 2021-2022 @t1","0"
"k","e",,"740","3365997","Root Finding Problem.py","1.1.1 for 2021-2022 @t1","0"
"e",":","","740","3366266","Root Finding Problem.py","1.1.1 for 2021-2022 @t1","0"
"k",":",,"741","3366266","Root Finding Problem.py","1.1.1 for 2021-2022 @t1","0"
"e","
","","742","3366759","Root Finding Problem.py","1.1.1 for 2021-2022 @t1","0"
"e","    ","","742","3366761","Root Finding Problem.py","1.1.1 for 2021-2022 @t1","0"
"e","b","","746","3367047","Root Finding Problem.py","1.1.1 for 2021-2022 @t1","0"
"k","b",,"747","3367048","Root Finding Problem.py","1.1.1 for 2021-2022 @t1","0"
"e"," ","","747","3367056","Root Finding Problem.py","1.1.1 for 2021-2022 @t1","0"
"e",""," ","747","3367221","Root Finding Problem.py","1.1.1 for 2021-2022 @t1","0"
"e","r","","747","3367222","Root Finding Problem.py","1.1.1 for 2021-2022 @t1","0"
"k","r",,"748","3367249","Root Finding Problem.py","1.1.1 for 2021-2022 @t1","0"
"e","e","","748","3367309","Root Finding Problem.py","1.1.1 for 2021-2022 @t1","0"
"k","e",,"749","3367318","Root Finding Problem.py","1.1.1 for 2021-2022 @t1","0"
"e","a","","749","3367360","Root Finding Problem.py","1.1.1 for 2021-2022 @t1","0"
"k","a",,"750","3367360","Root Finding Problem.py","1.1.1 for 2021-2022 @t1","0"
"e","k","","750","3367464","Root Finding Problem.py","1.1.1 for 2021-2022 @t1","0"
"k","k",,"751","3367473","Root Finding Problem.py","1.1.1 for 2021-2022 @t1","0"
"e","","k","750","3372079","Root Finding Problem.py","1.1.1 for 2021-2022 @t1","0"
"e","","a","749","3372244","Root Finding Problem.py","1.1.1 for 2021-2022 @t1","0"
"e","","e","748","3372362","Root Finding Problem.py","1.1.1 for 2021-2022 @t1","0"
"e","","r","747","3372511","Root Finding Problem.py","1.1.1 for 2021-2022 @t1","0"
"e","","b","746","3372679","Root Finding Problem.py","1.1.1 for 2021-2022 @t1","0"
"e","p","","746","3373429","Root Finding Problem.py","1.1.1 for 2021-2022 @t1","0"
"k","p",,"747","3373429","Root Finding Problem.py","1.1.1 for 2021-2022 @t1","0"
"e"," ","","747","3373445","Root Finding Problem.py","1.1.1 for 2021-2022 @t1","0"
"e",""," ","747","3373621","Root Finding Problem.py","1.1.1 for 2021-2022 @t1","0"
"e","r","","747","3373622","Root Finding Problem.py","1.1.1 for 2021-2022 @t1","0"
"k","r",,"748","3373633","Root Finding Problem.py","1.1.1 for 2021-2022 @t1","0"
"e","i","","748","3373700","Root Finding Problem.py","1.1.1 for 2021-2022 @t1","0"
"k","i",,"749","3373708","Root Finding Problem.py","1.1.1 for 2021-2022 @t1","0"
"e","n","","749","3373782","Root Finding Problem.py","1.1.1 for 2021-2022 @t1","0"
"k","n",,"750","3373797","Root Finding Problem.py","1.1.1 for 2021-2022 @t1","0"
"e","t","","750","3373852","Root Finding Problem.py","1.1.1 for 2021-2022 @t1","0"
"k","t",,"751","3373868","Root Finding Problem.py","1.1.1 for 2021-2022 @t1","0"
"e","(","","751","3374511","Root Finding Problem.py","1.1.1 for 2021-2022 @t1","0"
"e",")","","752","3374512","Root Finding Problem.py","1.1.1 for 2021-2022 @t1","0"
"k","(",,"752","3374512","Root Finding Problem.py","1.1.1 for 2021-2022 @t1","0"
"e","""","","752","3374907","Root Finding Problem.py","1.1.1 for 2021-2022 @t1","0"
"e","""","","753","3374908","Root Finding Problem.py","1.1.1 for 2021-2022 @t1","0"
"k","""",,"753","3374908","Root Finding Problem.py","1.1.1 for 2021-2022 @t1","0"
"e","D","","753","3375192","Root Finding Problem.py","1.1.1 for 2021-2022 @t1","0"
"k","D",,"754","3375193","Root Finding Problem.py","1.1.1 for 2021-2022 @t1","0"
"e"," ","","754","3375207","Root Finding Problem.py","1.1.1 for 2021-2022 @t1","0"
"e",""," ","754","3375660","Root Finding Problem.py","1.1.1 for 2021-2022 @t1","0"
"e","i","","754","3375661","Root Finding Problem.py","1.1.1 for 2021-2022 @t1","0"
"k","i",,"755","3375660","Root Finding Problem.py","1.1.1 for 2021-2022 @t1","0"
"e","d","","755","3375738","Root Finding Problem.py","1.1.1 for 2021-2022 @t1","0"
"k","d",,"756","3375738","Root Finding Problem.py","1.1.1 for 2021-2022 @t1","0"
"e","n","","756","3376304","Root Finding Problem.py","1.1.1 for 2021-2022 @t1","0"
"k","n",,"757","3376312","Root Finding Problem.py","1.1.1 for 2021-2022 @t1","0"
"e","","n","756","3376706","Root Finding Problem.py","1.1.1 for 2021-2022 @t1","0"
"e"," ","","756","3376813","Root Finding Problem.py","1.1.1 for 2021-2022 @t1","0"
"k"," ",,"757","3376813","Root Finding Problem.py","1.1.1 for 2021-2022 @t1","0"
"e","n","","757","3376971","Root Finding Problem.py","1.1.1 for 2021-2022 @t1","0"
"k","n",,"758","3376972","Root Finding Problem.py","1.1.1 for 2021-2022 @t1","0"
"e"," ","","758","3377001","Root Finding Problem.py","1.1.1 for 2021-2022 @t1","0"
"e",""," ","758","3377109","Root Finding Problem.py","1.1.1 for 2021-2022 @t1","0"
"e","o","","758","3377110","Root Finding Problem.py","1.1.1 for 2021-2022 @t1","0"
"k","o",,"759","3377116","Root Finding Problem.py","1.1.1 for 2021-2022 @t1","0"
"e","t","","759","3377197","Root Finding Problem.py","1.1.1 for 2021-2022 @t1","0"
"k","t",,"760","3377197","Root Finding Problem.py","1.1.1 for 2021-2022 @t1","0"
"e"," ","","760","3377288","Root Finding Problem.py","1.1.1 for 2021-2022 @t1","0"
"k"," ",,"761","3377288","Root Finding Problem.py","1.1.1 for 2021-2022 @t1","0"
"e","e","","761","3377379","Root Finding Problem.py","1.1.1 for 2021-2022 @t1","0"
"k","e",,"762","3377379","Root Finding Problem.py","1.1.1 for 2021-2022 @t1","0"
"e"," ","","762","3377418","Root Finding Problem.py","1.1.1 for 2021-2022 @t1","0"
"e",""," ","762","3377461","Root Finding Problem.py","1.1.1 for 2021-2022 @t1","0"
"e","n","","762","3377462","Root Finding Problem.py","1.1.1 for 2021-2022 @t1","0"
"k","n",,"763","3377461","Root Finding Problem.py","1.1.1 for 2021-2022 @t1","0"
"e","t","","763","3377583","Root Finding Problem.py","1.1.1 for 2021-2022 @t1","0"
"k","t",,"764","3377583","Root Finding Problem.py","1.1.1 for 2021-2022 @t1","0"
"e","r","","764","3377749","Root Finding Problem.py","1.1.1 for 2021-2022 @t1","0"
"k","r",,"765","3377749","Root Finding Problem.py","1.1.1 for 2021-2022 @t1","0"
"e","e","","765","3377762","Root Finding Problem.py","1.1.1 for 2021-2022 @t1","0"
"k","e",,"766","3377762","Root Finding Problem.py","1.1.1 for 2021-2022 @t1","0"
"e"," ","","766","3377904","Root Finding Problem.py","1.1.1 for 2021-2022 @t1","0"
"k"," ",,"767","3377904","Root Finding Problem.py","1.1.1 for 2021-2022 @t1","0"
"e",""," ","766","3378209","Root Finding Problem.py","1.1.1 for 2021-2022 @t1","0"
"e","","e","765","3378328","Root Finding Problem.py","1.1.1 for 2021-2022 @t1","0"
"e","","r","764","3378465","Root Finding Problem.py","1.1.1 for 2021-2022 @t1","0"
"e","e","","764","3378684","Root Finding Problem.py","1.1.1 for 2021-2022 @t1","0"
"k","e",,"765","3378685","Root Finding Problem.py","1.1.1 for 2021-2022 @t1","0"
"e"," ","","765","3378712","Root Finding Problem.py","1.1.1 for 2021-2022 @t1","0"
"e",""," ","765","3378733","Root Finding Problem.py","1.1.1 for 2021-2022 @t1","0"
"e","r","","765","3378734","Root Finding Problem.py","1.1.1 for 2021-2022 @t1","0"
"k","r",,"766","3378733","Root Finding Problem.py","1.1.1 for 2021-2022 @t1","0"
"e"," ","","766","3378859","Root Finding Problem.py","1.1.1 for 2021-2022 @t1","0"
"k"," ",,"767","3378859","Root Finding Problem.py","1.1.1 for 2021-2022 @t1","0"
"e","v","","767","3379091","Root Finding Problem.py","1.1.1 for 2021-2022 @t1","0"
"k","v",,"768","3379091","Root Finding Problem.py","1.1.1 for 2021-2022 @t1","0"
"e"," ","","768","3379121","Root Finding Problem.py","1.1.1 for 2021-2022 @t1","0"
"e",""," ","768","3379303","Root Finding Problem.py","1.1.1 for 2021-2022 @t1","0"
"e","l","","768","3379304","Root Finding Problem.py","1.1.1 for 2021-2022 @t1","0"
"k","l",,"769","3379312","Root Finding Problem.py","1.1.1 for 2021-2022 @t1","0"
"e","","l","768","3379639","Root Finding Problem.py","1.1.1 for 2021-2022 @t1","0"
"e","a","","768","3379739","Root Finding Problem.py","1.1.1 for 2021-2022 @t1","0"
"k","a",,"769","3379739","Root Finding Problem.py","1.1.1 for 2021-2022 @t1","0"
"e"," ","","769","3379776","Root Finding Problem.py","1.1.1 for 2021-2022 @t1","0"
"e",""," ","769","3379836","Root Finding Problem.py","1.1.1 for 2021-2022 @t1","0"
"e","l","","769","3379837","Root Finding Problem.py","1.1.1 for 2021-2022 @t1","0"
"k","l",,"770","3379836","Root Finding Problem.py","1.1.1 for 2021-2022 @t1","0"
"e","i","","770","3380006","Root Finding Problem.py","1.1.1 for 2021-2022 @t1","0"
"k","i",,"771","3380006","Root Finding Problem.py","1.1.1 for 2021-2022 @t1","0"
"e","d","","771","3380105","Root Finding Problem.py","1.1.1 for 2021-2022 @t1","0"
"k","d",,"772","3380106","Root Finding Problem.py","1.1.1 for 2021-2022 @t1","0"
"e"," ","","772","3380189","Root Finding Problem.py","1.1.1 for 2021-2022 @t1","0"
"k"," ",,"773","3380189","Root Finding Problem.py","1.1.1 for 2021-2022 @t1","0"
"e","m","","773","3380380","Root Finding Problem.py","1.1.1 for 2021-2022 @t1","0"
"k","m",,"774","3380381","Root Finding Problem.py","1.1.1 for 2021-2022 @t1","0"
"e"," ","","774","3380406","Root Finding Problem.py","1.1.1 for 2021-2022 @t1","0"
"e",""," ","774","3380467","Root Finding Problem.py","1.1.1 for 2021-2022 @t1","0"
"e","e","","774","3380468","Root Finding Problem.py","1.1.1 for 2021-2022 @t1","0"
"k","e",,"775","3380474","Root Finding Problem.py","1.1.1 for 2021-2022 @t1","0"
"e","t","","775","3380560","Root Finding Problem.py","1.1.1 for 2021-2022 @t1","0"
"k","t",,"776","3380561","Root Finding Problem.py","1.1.1 for 2021-2022 @t1","0"
"e","h","","776","3380642","Root Finding Problem.py","1.1.1 for 2021-2022 @t1","0"
"k","h",,"777","3380642","Root Finding Problem.py","1.1.1 for 2021-2022 @t1","0"
"e","o","","777","3380744","Root Finding Problem.py","1.1.1 for 2021-2022 @t1","0"
"k","o",,"778","3380746","Root Finding Problem.py","1.1.1 for 2021-2022 @t1","0"
"e","d","","778","3380796","Root Finding Problem.py","1.1.1 for 2021-2022 @t1","0"
"k","d",,"779","3380797","Root Finding Problem.py","1.1.1 for 2021-2022 @t1","0"
"e"," ","","779","3381512","Root Finding Problem.py","1.1.1 for 2021-2022 @t1","0"
"k"," ",,"780","3381513","Root Finding Problem.py","1.1.1 for 2021-2022 @t1","0"
"e","t","","780","3381639","Root Finding Problem.py","1.1.1 for 2021-2022 @t1","0"
"k","t",,"781","3381639","Root Finding Problem.py","1.1.1 for 2021-2022 @t1","0"
"e"," ","","781","3381660","Root Finding Problem.py","1.1.1 for 2021-2022 @t1","0"
"e",""," ","781","3381826","Root Finding Problem.py","1.1.1 for 2021-2022 @t1","0"
"e","r","","781","3381827","Root Finding Problem.py","1.1.1 for 2021-2022 @t1","0"
"k","r",,"782","3381826","Root Finding Problem.py","1.1.1 for 2021-2022 @t1","0"
"e","y","","782","3381940","Root Finding Problem.py","1.1.1 for 2021-2022 @t1","0"
"k","y",,"783","3381941","Root Finding Problem.py","1.1.1 for 2021-2022 @t1","0"
"e","","y","782","3382368","Root Finding Problem.py","1.1.1 for 2021-2022 @t1","0"
"e","","r","781","3382516","Root Finding Problem.py","1.1.1 for 2021-2022 @t1","0"
"e","","t","780","3382639","Root Finding Problem.py","1.1.1 for 2021-2022 @t1","0"
"e","r","","780","3382775","Root Finding Problem.py","1.1.1 for 2021-2022 @t1","0"
"k","r",,"781","3382775","Root Finding Problem.py","1.1.1 for 2021-2022 @t1","0"
"e"," ","","781","3382801","Root Finding Problem.py","1.1.1 for 2021-2022 @t1","0"
"e",""," ","781","3382860","Root Finding Problem.py","1.1.1 for 2021-2022 @t1","0"
"e","u","","781","3382861","Root Finding Problem.py","1.1.1 for 2021-2022 @t1","0"
"k","u",,"782","3382868","Root Finding Problem.py","1.1.1 for 2021-2022 @t1","0"
"e","n","","782","3383051","Root Finding Problem.py","1.1.1 for 2021-2022 @t1","0"
"k","n",,"783","3383051","Root Finding Problem.py","1.1.1 for 2021-2022 @t1","0"
"e"," ","","783","3383143","Root Finding Problem.py","1.1.1 for 2021-2022 @t1","0"
"k"," ",,"784","3383148","Root Finding Problem.py","1.1.1 for 2021-2022 @t1","0"
"e","a","","784","3383181","Root Finding Problem.py","1.1.1 for 2021-2022 @t1","0"
"k","a",,"785","3383189","Root Finding Problem.py","1.1.1 for 2021-2022 @t1","0"
"e"," ","","785","3383216","Root Finding Problem.py","1.1.1 for 2021-2022 @t1","0"
"e",""," ","785","3383349","Root Finding Problem.py","1.1.1 for 2021-2022 @t1","0"
"e","g","","785","3383350","Root Finding Problem.py","1.1.1 for 2021-2022 @t1","0"
"k","g",,"786","3383349","Root Finding Problem.py","1.1.1 for 2021-2022 @t1","0"
"e","a","","786","3383431","Root Finding Problem.py","1.1.1 for 2021-2022 @t1","0"
"k","a",,"787","3383431","Root Finding Problem.py","1.1.1 for 2021-2022 @t1","0"
"e","i","","787","3383524","Root Finding Problem.py","1.1.1 for 2021-2022 @t1","0"
"k","i",,"788","3383524","Root Finding Problem.py","1.1.1 for 2021-2022 @t1","0"
"e","n","","788","3383584","Root Finding Problem.py","1.1.1 for 2021-2022 @t1","0"
"k","n",,"789","3383584","Root Finding Problem.py","1.1.1 for 2021-2022 @t1","0"
"e","
","","242","3390126","Root Finding Problem.py","1.1.1 for 2021-2022 @t1","0"
"e","f","","241","3390419","Root Finding Problem.py","1.1.1 for 2021-2022 @t1","0"
"k","f",,"242","3390419","Root Finding Problem.py","1.1.1 for 2021-2022 @t1","0"
"e","","
f","240","3390434","Root Finding Problem.py","1.1.1 for 2021-2022 @t1","0"
"e","
print(""\t6) Secant/Bisect Hybrid"")","","450","3390434","Root Finding Problem.py","1.1.1 for 2021-2022 @t1","0"
"e","","6) Secant","425","3390434","Root Finding Problem.py","1.1.1 for 2021-2022 @t1","0"
"e","5) Newton","","425","3390435","Root Finding Problem.py","1.1.1 for 2021-2022 @t1","0"
"e","","5) Newton/Bisect Hybri","390","3390434","Root Finding Problem.py","1.1.1 for 2021-2022 @t1","0"
"e","4) Secant Metho","","390","3390435","Root Finding Problem.py","1.1.1 for 2021-2022 @t1","0"
"e","","4) Secant","362","3390434","Root Finding Problem.py","1.1.1 for 2021-2022 @t1","0"
"e","3) Newton's","","362","3390435","Root Finding Problem.py","1.1.1 for 2021-2022 @t1","0"
"e","","3) Newton's","332","3390442","Root Finding Problem.py","1.1.1 for 2021-2022 @t1","0"
"e","2) Bisect","","332","3390443","Root Finding Problem.py","1.1.1 for 2021-2022 @t1","0"
"e","","2) Bisect Method","304","3390442","Root Finding Problem.py","1.1.1 for 2021-2022 @t1","0"
"e","1) Fixed Point Iteration","","304","3390443","Root Finding Problem.py","1.1.1 for 2021-2022 @t1","0"
"e","","\t1) Fixed Point Iteration","266","3390442","Root Finding Problem.py","1.1.1 for 2021-2022 @t1","0"
"e","Methods","","266","3390443","Root Finding Problem.py","1.1.1 for 2021-2022 @t1","0"
"e","","
print(""Methods"")","241","3390442","Root Finding Problem.py","1.1.1 for 2021-2022 @t1","0"
"e","f 
","","241","3390443","Root Finding Problem.py","1.1.1 for 2021-2022 @t1","0"
"e",""," ","242","3390589","Root Finding Problem.py","1.1.1 for 2021-2022 @t1","0"
"e","r","","242","3390590","Root Finding Problem.py","1.1.1 for 2021-2022 @t1","0"
"k","r",,"243","3390611","Root Finding Problem.py","1.1.1 for 2021-2022 @t1","0"
"e","o","","243","3390631","Root Finding Problem.py","1.1.1 for 2021-2022 @t1","0"
"k","o",,"244","3390645","Root Finding Problem.py","1.1.1 for 2021-2022 @t1","0"
"e","m","","244","3390714","Root Finding Problem.py","1.1.1 for 2021-2022 @t1","0"
"k","m",,"245","3390729","Root Finding Problem.py","1.1.1 for 2021-2022 @t1","0"
"e"," ","","245","3390825","Root Finding Problem.py","1.1.1 for 2021-2022 @t1","0"
"k"," ",,"246","3390833","Root Finding Problem.py","1.1.1 for 2021-2022 @t1","0"
"e","M","","246","3391009","Root Finding Problem.py","1.1.1 for 2021-2022 @t1","0"
"k","M",,"247","3391009","Root Finding Problem.py","1.1.1 for 2021-2022 @t1","0"
"e"," ","","247","3391019","Root Finding Problem.py","1.1.1 for 2021-2022 @t1","0"
"e",""," ","247","3391172","Root Finding Problem.py","1.1.1 for 2021-2022 @t1","0"
"e","e","","247","3391173","Root Finding Problem.py","1.1.1 for 2021-2022 @t1","0"
"k","e",,"248","3391180","Root Finding Problem.py","1.1.1 for 2021-2022 @t1","0"
"e","t","","248","3391220","Root Finding Problem.py","1.1.1 for 2021-2022 @t1","0"
"k","t",,"249","3391228","Root Finding Problem.py","1.1.1 for 2021-2022 @t1","0"
"e","h","","249","3391297","Root Finding Problem.py","1.1.1 for 2021-2022 @t1","0"
"k","h",,"250","3391306","Root Finding Problem.py","1.1.1 for 2021-2022 @t1","0"
"e","o","","250","3391405","Root Finding Problem.py","1.1.1 for 2021-2022 @t1","0"
"k","o",,"251","3391421","Root Finding Problem.py","1.1.1 for 2021-2022 @t1","0"
"e","d","","251","3391454","Root Finding Problem.py","1.1.1 for 2021-2022 @t1","0"
"k","d",,"252","3391462","Root Finding Problem.py","1.1.1 for 2021-2022 @t1","0"
"e","s","","252","3391525","Root Finding Problem.py","1.1.1 for 2021-2022 @t1","0"
"k","s",,"253","3391541","Root Finding Problem.py","1.1.1 for 2021-2022 @t1","0"
"e",".","","253","3392015","Root Finding Problem.py","1.1.1 for 2021-2022 @t1","0"
"k",".",,"254","3392015","Root Finding Problem.py","1.1.1 for 2021-2022 @t1","0"
"e"," ","","254","3392039","Root Finding Problem.py","1.1.1 for 2021-2022 @t1","0"
"e",""," ","254","3392725","Root Finding Problem.py","1.1.1 for 2021-2022 @t1","0"
"e","s","","254","3392726","Root Finding Problem.py","1.1.1 for 2021-2022 @t1","0"
"k","s",,"255","3392741","Root Finding Problem.py","1.1.1 for 2021-2022 @t1","0"
"e","e","","255","3392938","Root Finding Problem.py","1.1.1 for 2021-2022 @t1","0"
"k","e",,"256","3392959","Root Finding Problem.py","1.1.1 for 2021-2022 @t1","0"
"e","c","","256","3393595","Root Finding Problem.py","1.1.1 for 2021-2022 @t1","0"
"k","c",,"257","3393603","Root Finding Problem.py","1.1.1 for 2021-2022 @t1","0"
"e","e","","257","3393826","Root Finding Problem.py","1.1.1 for 2021-2022 @t1","0"
"k","e",,"258","3393846","Root Finding Problem.py","1.1.1 for 2021-2022 @t1","0"
"e","a","","258","3394370","Root Finding Problem.py","1.1.1 for 2021-2022 @t1","0"
"k","a",,"259","3394371","Root Finding Problem.py","1.1.1 for 2021-2022 @t1","0"
"e","","a","258","3394569","Root Finding Problem.py","1.1.1 for 2021-2022 @t1","0"
"e","","e","257","3394696","Root Finding Problem.py","1.1.1 for 2021-2022 @t1","0"
"e","a","","257","3394817","Root Finding Problem.py","1.1.1 for 2021-2022 @t1","0"
"k","a",,"258","3394817","Root Finding Problem.py","1.1.1 for 2021-2022 @t1","0"
"e"," ","","258","3394834","Root Finding Problem.py","1.1.1 for 2021-2022 @t1","0"
"e",""," ","258","3394938","Root Finding Problem.py","1.1.1 for 2021-2022 @t1","0"
"e","n","","258","3394939","Root Finding Problem.py","1.1.1 for 2021-2022 @t1","0"
"k","n",,"259","3394948","Root Finding Problem.py","1.1.1 for 2021-2022 @t1","0"
"e","t","","259","3395045","Root Finding Problem.py","1.1.1 for 2021-2022 @t1","0"
"k","t",,"260","3395052","Root Finding Problem.py","1.1.1 for 2021-2022 @t1","0"
"e","h","","260","3395615","Root Finding Problem.py","1.1.1 for 2021-2022 @t1","0"
"k","h",,"261","3395630","Root Finding Problem.py","1.1.1 for 2021-2022 @t1","0"
"e","","h","260","3396012","Root Finding Problem.py","1.1.1 for 2021-2022 @t1","0"
"e","Hybrid","","260","3396013","Root Finding Problem.py","1.1.1 for 2021-2022 @t1","0"
"e"," import ","","266","3396024","Root Finding Problem.py","1.1.1 for 2021-2022 @t1","0"
"e","s","","274","3397057","Root Finding Problem.py","1.1.1 for 2021-2022 @t1","0"
"k","s",,"275","3397058","Root Finding Problem.py","1.1.1 for 2021-2022 @t1","0"
"e"," ","","275","3397072","Root Finding Problem.py","1.1.1 for 2021-2022 @t1","0"
"e",""," ","275","3397146","Root Finding Problem.py","1.1.1 for 2021-2022 @t1","0"
"e","e","","275","3397147","Root Finding Problem.py","1.1.1 for 2021-2022 @t1","0"
"k","e",,"276","3397146","Root Finding Problem.py","1.1.1 for 2021-2022 @t1","0"
"e","c","","276","3397359","Root Finding Problem.py","1.1.1 for 2021-2022 @t1","0"
"k","c",,"277","3397367","Root Finding Problem.py","1.1.1 for 2021-2022 @t1","0"
"e","antHybrid","","277","3397662","Root Finding Problem.py","1.1.1 for 2021-2022 @t1","0"
"a","Outside edit","","","1663517008113","newtons.py","1.1.1 for 2021-2022 @t1","-1"
"a","Outside edit","","","1663517008115","Root Finding Problem.py","1.1.1 for 2021-2022 @t1","-1"
"e","","# Jake Daniels
# MATH 4610

from Methods.fnIter import functionalIteration
from Methods.bisect import bisectMethod
from Methods.newtons import newtonsMethod
from Methods.secant import secantMethod""from Methods.newtHybrid import newtonHybriddfrom Methods.secantHybrid import secantHybrid

print(""Methods"")
print(""\t1) Fixed Point Iteration"")
print(""\t2) Bisect Method"")
print(""\t3) Newton's Method"")
print(""\t4) Secant Method"")
print(""\t5) Newton/Bisect Hybrid"")
print(""\t6) Secant/Bisect Hybrid"")

choice = eval(input(""What method do you want to do? ""))
if choice == 1:
    functionalIteration()
elif choice == 2:
    bisectMethod()
elif choice == 3:
    newtonsMethod ()
lif choice == 4:
    secantMethod()
elif choice == 5:
    newtonHybrid()
elif choice == 6:
    secantHybrid()
else:
    print(""Did not enter valid method run again"")
","0","1663517008115","Root Finding Problem.py","1.1.1 for 2021-2022 @t1","-1"
"e","# Jake Daniels
# MATH 4610

from Methods.fnIter import functionalIteration
from Methods.bisect import bisectMethod
from Methods.newtons import newtonsMethod
from Methods.secant import secantMethod
from Methods.newtHybrid import newtonHybrid
from Methods.secantHybrid import secantHybrid

print(""Methods"")
print(""\t1) Fixed Point Iteration"")
print(""\t2) Bisect Method"")
print(""\t3) Newton's Method"")
print(""\t4) Secant Method"")
print(""\t5) Newton/Bisect Hybrid"")
print(""\t6) Secant/Bisect Hybrid"")

choice = eval(input(""What method do you want to do? ""))
if choice == 1:
    functionalIteration()
elif choice == 2:
    bisectMethod()
elif choice == 3:
    newtonsMethod()
elif choice == 4:
    secantMethod()
elif choice == 5:
    newtonHybrid()
elif choice == 6:
    secantHybrid()
else:
    print(""Did not enter valid method run again"")
","","0","1663517008115","Root Finding Problem.py","1.1.1 for 2021-2022 @t1","-1"
"a","Outside edit","","","1663517008146","secant.py","1.1.1 for 2021-2022 @t1","-1"
"a","Outside edit","","","1663517008179","secantHybrid.py","1.1.1 for 2021-2022 @t1","-1"
"a","ShowYourWork Init","","","000","ShowYourWork Init","1.1.1 for 2021-2022 @t1","1"
"a","ShowYourWork Init","","","000","ShowYourWork Init","1.1.1 for 2021-2022 @t1","2"
"a","Move Cursor",,,"240058","Root Finding Problem.py","1.1.1 for 2021-2022 @t1","2"
"a","Move Cursor",,,"240165","Root Finding Problem.py","1.1.1 for 2021-2022 @t1","2"
"a","Move Cursor",,,"240272","Root Finding Problem.py","1.1.1 for 2021-2022 @t1","2"
"a","Move Cursor",,,"240383","Root Finding Problem.py","1.1.1 for 2021-2022 @t1","2"
"a","Move Cursor",,,"240487","Root Finding Problem.py","1.1.1 for 2021-2022 @t1","2"
"a","Move Cursor",,,"240599","Root Finding Problem.py","1.1.1 for 2021-2022 @t1","2"
"a","Move Cursor",,,"240702","Root Finding Problem.py","1.1.1 for 2021-2022 @t1","2"
"a","Move Cursor",,,"240812","Root Finding Problem.py","1.1.1 for 2021-2022 @t1","2"
"a","Move Cursor",,,"240924","Root Finding Problem.py","1.1.1 for 2021-2022 @t1","2"
"a","Copy",,,"243042","Root Finding Problem.py","1.1.1 for 2021-2022 @t1","2"
"c","print(""Methods"")
print(""\t1) Fixed Point Iteration"")
print(""\t2) Bisect Method"")
print(""\t3) Newton's Method"")
print(""\t4) Secant Method"")
print(""\t5) Newton/Bisect Hybrid"")
print(""\t6) Secant/Bisect Hybrid"")

choice = eval(input(""What method do you want to do? ""))
if choice == 1:
    functionalIteration()
elif choice == 2:
    bisectMethod()
elif choice == 3:
    newtonsMethod()
elif choice == 4:
    secantMethod()
elif choice == 5:
    newtonHybrid()
elif choice == 6:
    secantHybrid()
else:
    print(""Did not enter valid method run again"")",,"288","243078","Root Finding Problem.py","1.1.1 for 2021-2022 @t1","2"
"a","EditorChange",,,"945800","Root Finding Problem.py","1.1.1 for 2021-2022 @t1","2"
"r","Start",,,"1195947","Root Finding Problem.py","1.1.1 for 2021-2022 @t1","2"
"r","Exit","0",,"1251068","Root Finding Problem.py","1.1.1 for 2021-2022 @t1","2"
"r","Start",,,"1258022","Root Finding Problem.py","1.1.1 for 2021-2022 @t1","2"
"r","Exit","0",,"1285546","Root Finding Problem.py","1.1.1 for 2021-2022 @t1","2"
"r","Start",,,"1293881","Root Finding Problem.py","1.1.1 for 2021-2022 @t1","2"
"r","Exit","0",,"1330947","Root Finding Problem.py","1.1.1 for 2021-2022 @t1","2"
"a","EditorChange",,,"1346577","Root Finding Problem.py","1.1.1 for 2021-2022 @t1","2"
"e",":","","302","1349650","Root Finding Problem.py","1.1.1 for 2021-2022 @t1","2"
"k",":",,"303","1349656","Root Finding Problem.py","1.1.1 for 2021-2022 @t1","2"
"a","EditorChange",,,"1622313","Root Finding Problem.py","1.1.1 for 2021-2022 @t1","2"
"r","Start",,,"3246809","Root Finding Problem.py","1.1.1 for 2021-2022 @t1","2"
"r","Exit","0",,"3278566","Root Finding Problem.py","1.1.1 for 2021-2022 @t1","2"
"r","Start",,,"4215651","Root Finding Problem.py","1.1.1 for 2021-2022 @t1","2"
"r","Exit","0",,"4245009","Root Finding Problem.py","1.1.1 for 2021-2022 @t1","2"
"r","Start",,,"4639320","Root Finding Problem.py","1.1.1 for 2021-2022 @t1","2"
"r","Exit","0",,"4660860","Root Finding Problem.py","1.1.1 for 2021-2022 @t1","2"
"a","Outside edit","","","1663954071440","secant.py","1.1.1 for 2021-2022 @t1","-1"
"a","ShowYourWork Init","","","000","ShowYourWork Init","1.1.1 for 2021-2022 @t1","3"
"r","Start",,,"2091902","Root Finding Problem.py","1.1.1 for 2021-2022 @t1","3"
"r","Exit","0",,"2235901","Root Finding Problem.py","1.1.1 for 2021-2022 @t1","3"
"r","Start",,,"2483218","Root Finding Problem.py","1.1.1 for 2021-2022 @t1","3"
"r","Exit","0",,"2516087","Root Finding Problem.py","1.1.1 for 2021-2022 @t1","3"
"r","Start",,,"2633480","Root Finding Problem.py","1.1.1 for 2021-2022 @t1","3"
"r","Exit","0",,"2682544","Root Finding Problem.py","1.1.1 for 2021-2022 @t1","3"
"r","Start",,,"4016329","Root Finding Problem.py","1.1.1 for 2021-2022 @t1","3"
"r","Exit","0",,"4067844","Root Finding Problem.py","1.1.1 for 2021-2022 @t1","3"
"r","Start",,,"4159796","Root Finding Problem.py","1.1.1 for 2021-2022 @t1","3"
"r","Exit","0",,"4179234","Root Finding Problem.py","1.1.1 for 2021-2022 @t1","3"
"r","Start",,,"4183105","Root Finding Problem.py","1.1.1 for 2021-2022 @t1","3"
"r","Exit","0",,"4199120","Root Finding Problem.py","1.1.1 for 2021-2022 @t1","3"
"r","Start",,,"4249807","Root Finding Problem.py","1.1.1 for 2021-2022 @t1","3"
"r","Exit","0",,"4271089","Root Finding Problem.py","1.1.1 for 2021-2022 @t1","3"
"r","Start",,,"4278698","Root Finding Problem.py","1.1.1 for 2021-2022 @t1","3"
"r","Exit","0",,"4300534","Root Finding Problem.py","1.1.1 for 2021-2022 @t1","3"
"r","Start",,,"4434830","Root Finding Problem.py","1.1.1 for 2021-2022 @t1","3"
"r","Exit","-1073741510",,"4482971","Root Finding Problem.py","1.1.1 for 2021-2022 @t1","3"
"a","Outside edit","","","1664502150839","secantHybrid.py","1.1.1 for 2021-2022 @t1","-1"
"a","ShowYourWork Init","","","000","ShowYourWork Init","1.1.1 for 2021-2022 @t1","4"
"a","ShowYourWork Init","","","000","ShowYourWork Init","1.1.1 for 2021-2022 @t1","5"
"a","ShowYourWork Init","","","000","ShowYourWork Init","1.1.1 for 2021-2022 @t1","6"
"a","ShowYourWork Init","","","000","ShowYourWork Init","1.1.1 for 2021-2022 @t1","7"
"a","ShowYourWork Init","","","000","ShowYourWork Init","1.1.1 for 2021-2022 @t1","8"
"X-Action","Outside edit","","","1666374990179","newtons.py","1.1.4 for 2021-2022 @t1",,"Outside Edit",,,,,
"X-Action","Outside edit","","","1666374990242","Root Finding Problem.py","1.1.4 for 2021-2022 @t1",,"Outside Edit",,,,,
"File.Edit","","","0","1666374990242","Root Finding Problem.py","1.1.4 for 2021-2022 @t1","Delete",,,,,,
"File.Edit","# Jake Daniels
# MATH 4610

from Methods.fnIter import functionalIteration
from Methods.bisect import bisectMethod
from Methods.newtons import newtonsMethod
from Methods.secant import secantMethod
from Methods.newtHybrid import newtonHybrid
from Methods.secantHybrid import secantHybrid

print(""Methods:"")
print(""\t1) Fixed Point Iteration"")
print(""\t2) Bisect Method"")
print(""\t3) Newton's Method"")
print(""\t4) Secant Method"")
print(""\t5) Newton/Bisect Hybrid"")
print(""\t6) Secant/Bisect Hybrid"")

choice = eval(input(""What method do you want to do? ""))
if choice == 1:
    functionalIteration()
elif choice == 2:
    bisectMethod()
elif choice == 3:
    newtonsMethod()
elif choice == 4:
    secantMethod()
elif choice == 5:
    newtonHybrid()
elif choice == 6:
    secantHybrid()
else:
    print(""Did not enter valid method run again"")
","","0","1666374990242","Root Finding Problem.py","1.1.4 for 2021-2022 @t1","Insert",,,,,,
"X-Action","Outside edit","","","1666374990244",".gitignore","1.1.4 for 2021-2022 @t1",,"Outside Edit",,,,,
"X-Action","Outside edit","","","1666374990262","secant.py","1.1.4 for 2021-2022 @t1",,"Outside Edit",,,,,
"X-Action","Outside edit","","","1666374990280","newtHybrid.py","1.1.4 for 2021-2022 @t1",,"Outside Edit",,,,,
"X-Action","Outside edit","","","1666374990325","bisect.py","1.1.4 for 2021-2022 @t1",,"Outside Edit",,,,,
"X-Action","Outside edit","","","1666374990380","secantHybrid.py","1.1.4 for 2021-2022 @t1",,"Outside Edit",,,,,
"X-Action","ShowYourWork Init","","","1666374990419",,"1.1.4 for 2021-2022 @t1",,"Init",,,,,
